#
# A fatal error has been detected by the Java Runtime Environment:
#
#  EXCEPTION_ACCESS_VIOLATION (0xc0000005) at pc=0x00007ffd997672a6, pid=2724, tid=13764
#
# JRE version: OpenJDK Runtime Environment AdoptOpenJDK (11.0.9.1+1) (build 11.0.9.1+1)
# Java VM: OpenJDK 64-Bit Server VM AdoptOpenJDK (11.0.9.1+1, mixed mode, tiered, compressed oops, g1 gc, windows-amd64)
# Problematic frame:
# C  [ntdll.dll+0x72a6]
#
# No core dump will be written. Minidumps are not enabled by default on client versions of Windows
#
# If you would like to submit a bug report, please visit:
#   https://github.com/AdoptOpenJDK/openjdk-support/issues
# The crash happened outside the Java Virtual Machine in native code.
# See problematic frame for where to report the bug.
#

---------------  S U M M A R Y ------------

Command Line: -Dfile.encoding=windows-1252 -Duser.country=US -Duser.language=en -Duser.variant sabjen.DiscordBot.Bot

Host: Intel(R) Core(TM) i7-9750H CPU @ 2.60GHz, 12 cores, 7G,  Windows 10 , 64 bit Build 18362 (10.0.18362.329)
Time: Sat Dec 12 20:54:52 2020 GTB Standard Time elapsed time: 22508.758613 seconds (0d 6h 15m 8s)

---------------  T H R E A D  ---------------

Current thread (0x000001aec4522800):  JavaThread "Thread-94" daemon [_thread_in_native, id=13764, stack(0x00000032e3b00000,0x00000032e3c00000)]

Stack: [0x00000032e3b00000,0x00000032e3c00000],  sp=0x00000032e3bfeeb0,  free space=1019k
Native frames: (J=compiled Java code, j=interpreted, Vv=VM code, C=native code)
C  [ntdll.dll+0x72a6]
C  [ntdll.dll+0x1b5f6]
C  [ntdll.dll+0x1b440]
C  [udpqueue.dll+0x1375]

Java frames: (J=compiled Java code, j=interpreted, Vv=VM code)
j  com.sedmelluq.discord.lavaplayer.udpqueue.natives.UdpQueueManagerLibrary.process(J)V+0
j  com.sedmelluq.discord.lavaplayer.udpqueue.natives.UdpQueueManager.process()V+8
j  com.sedmelluq.discord.lavaplayer.jdaudp.NativeAudioSendFactory$$Lambda$186.run()V+4
j  java.lang.Thread.run()V+11 java.base@11.0.9.1
v  ~StubRoutines::call_stub

siginfo: EXCEPTION_ACCESS_VIOLATION (0xc0000005), writing address 0x0000000000000024


Register to memory mapping:

RIP=0x00007ffd997672a6 ntdll.dll
RAX=0x0 is NULL
RBX=0x000001aec444a6b0 points into unknown readable memory: 00 00 00 00 00 00 00 00
RCX=0x000001aec444a6b0 points into unknown readable memory: 00 00 00 00 00 00 00 00
RDX=
[error occurred during error reporting (printing register info), id 0xc0000005, EXCEPTION_ACCESS_VIOLATION (0xc0000005) at pc=0x00007ffd1abfb196]

Registers:
RAX=0x0000000000000000, RBX=0x000001aec444a6b0, RCX=0x000001aec444a6b0, RDX=0x00000000fffffffa
RSP=0x00000032e3bfeeb0, RBP=0x00000032e3bff100, RSI=0x0000000000000000, RDI=0x0000000000000000
R8 =0x0000000000000000, R9 =0x000001aec444a600, R10=0x0000000000000003, R11=0x00000032e3bfefa0
R12=0x0000000000000000, R13=0x00000032e0b92000, R14=0x0000000000000001, R15=0x0000000000000000
RIP=0x00007ffd997672a6, EFLAGS=0x0000000000010213

Top of Stack: (sp=0x00000032e3bfeeb0)
0x00000032e3bfeeb0:   ffffffffffffffff 000001aec444a6b0
0x00000032e3bfeec0:   0000000000000008 000001aec44bedc0
0x00000032e3bfeed0:   00000032e3bfef70 11d026d4f9eab0c0
0x00000032e3bfeee0:   e4346c00aa00bfbb 000033d319451e32
0x00000032e3bfeef0:   000001aea4069a00 000001aefffffffa
0x00000032e3bfef00:   00000032e0b92000 0000000000000017
0x00000032e3bfef10:   000001aea4069a40 0000000000000002
0x00000032e3bfef20:   0000000000000000 00007ffd98e367be
0x00000032e3bfef30:   0000000000000000 0000000000000000
0x00000032e3bfef40:   00005731e13044c9 0000000000000002
0x00000032e3bfef50:   000001aec4522800 0000000000000001
0x00000032e3bfef60:   0000000000000001 0000000000000001
0x00000032e3bfef70:   0000000000000000 000001aec444a6b0
0x00000032e3bfef80:   00000032e3bff100 00007ffd9977b5f6
0x00000032e3bfef90:   000001aea405efe0 00007ffd00000000
0x00000032e3bfefa0:   00000000fffffffa 00000032e3bff160 

Instructions: (pc=0x00007ffd997672a6)
0x00007ffd997671a6:   eb e8 48 8b c1 48 33 c2 83 e0 03 48 33 c8 e9 d8
0x00007ffd997671b6:   fe ff ff 49 83 63 18 00 49 8b 40 20 49 89 43 20
0x00007ffd997671c6:   e9 ed fe ff ff 48 89 41 18 e9 e4 fe ff ff cc cc
0x00007ffd997671d6:   cc cc cc cc cc cc cc cc cc cc 80 3d 21 e2 15 00
0x00007ffd997671e6:   00 0f 95 c0 c3 cc cc cc cc cc cc cc cc cc cc cc
0x00007ffd997671f6:   cc cc cc cc cc cc cc cc cc cc 48 89 5c 24 18 55
0x00007ffd99767206:   56 57 41 54 41 55 41 56 41 57 48 81 ec a0 00 00
0x00007ffd99767216:   00 48 8b 05 c2 62 17 00 48 33 c4 48 89 84 24 90
0x00007ffd99767226:   00 00 00 65 4c 8b 2c 25 30 00 00 00 48 8d 05 bf
0x00007ffd99767236:   82 15 00 40 32 ed 89 54 24 48 33 f6 40 88 6c 24
0x00007ffd99767246:   40 4c 89 6c 24 50 48 8b d9 44 8b e6 48 3b c8 0f
0x00007ffd99767256:   84 38 01 00 00 40 38 35 a6 e1 15 00 0f 85 9b 01
0x00007ffd99767266:   00 00 39 35 ba e1 15 00 0f 85 5d 01 00 00 40 38
0x00007ffd99767276:   35 7d dc 15 00 48 8d 3d 7e dc 15 00 48 0f 45 fe
0x00007ffd99767286:   48 39 73 18 0f 84 d1 00 00 00 48 8b 03 48 83 f8
0x00007ffd99767296:   ff 0f 84 d1 00 00 00 44 8b fe 48 83 f8 ff 74 03
0x00007ffd997672a6:   ff 40 24 4c 8b 73 18 4c 8d 2d 44 82 15 00 bd 22
0x00007ffd997672b6:   17 00 00 e8 f2 89 03 00 85 c0 0f 85 de 0b 0a 00
0x00007ffd997672c6:   b9 82 03 fe 7f 80 39 00 0f 85 ec 0b 0a 00 49 83
0x00007ffd997672d6:   fe ff 0f 85 7a 0c 0a 00 4c 8b cf c7 44 24 20 00
0x00007ffd997672e6:   00 00 00 41 b8 04 00 00 00 48 8d 54 24 48 48 8d
0x00007ffd997672f6:   4b 08 e8 27 01 00 00 3d 02 01 00 00 0f 84 63 0c
0x00007ffd99767306:   0a 00 8b 4b 08 89 4c 24 48 f6 c1 02 75 ca 3d 02
0x00007ffd99767316:   01 00 00 0f 84 4c 0c 0a 00 0f b6 6c 24 40 4c 8b
0x00007ffd99767326:   6c 24 50 85 c0 0f 88 0d 0d 0a 00 40 84 ed 75 72
0x00007ffd99767336:   48 8b 8c 24 90 00 00 00 48 33 cc e8 6a 4e 08 00
0x00007ffd99767346:   48 8b 9c 24 f0 00 00 00 48 81 c4 a0 00 00 00 41
0x00007ffd99767356:   5f 41 5e 41 5d 41 5c 5f 5e 5d c3 48 8b cb e8 e7
0x00007ffd99767366:   04 00 00 e9 22 ff ff ff 8b 4b 20 48 c7 c0 ff ff
0x00007ffd99767376:   ff ff 48 0f ba e1 18 0f 82 1a ff ff ff 48 8b cb
0x00007ffd99767386:   e8 35 c7 02 00 48 8b 03 e9 0a ff ff ff c6 44 24
0x00007ffd99767396:   40 01 41 c7 85 60 17 00 00 01 00 00 00 e9 b3 fe 


Stack slot to memory mapping:
stack at sp + 0 slots: 0xffffffffffffffff is an unknown value
stack at sp + 1 slots: 0x000001aec444a6b0 points into unknown readable memory: 00 00 00 00 00 00 00 00
stack at sp + 2 slots: 0x0000000000000008 is an unknown value
stack at sp + 3 slots: 0x000001aec44bedc0 points into unknown readable memory: 80 e8 4b c4 ae 01 00 00
stack at sp + 4 slots: 0x00000032e3bfef70 is pointing into the stack for thread: 0x000001aec4522800
stack at sp + 5 slots: 0x11d026d4f9eab0c0 is an unknown value
stack at sp + 6 slots: 0xe4346c00aa00bfbb is an unknown value
stack at sp + 7 slots: 0x000033d319451e32 is an unknown value


---------------  P R O C E S S  ---------------

Threads class SMR info:
_java_thread_list=0x000001aec52a6c40, length=31, elements={
0x000001aec339a000, 0x000001aec339b800, 0x000001aec3c24800, 0x000001aec3c25000,
0x000001aec3c26000, 0x000001aec3c28800, 0x000001aec3c2f800, 0x000001aec3d9d800,
0x000001aec3d9f000, 0x000001aec3fce000, 0x000001aec483a800, 0x000001aec5026800,
0x000001aec50b3000, 0x000001aec5633000, 0x000001aec562d800, 0x000001aec5630000,
0x000001aec562e000, 0x000001aec5632000, 0x000001aec4521800, 0x000001aec451e000,
0x000001aec4524800, 0x000001aec4520800, 0x000001aec562f000, 0x000001aec5634000,
0x000001aec451f000, 0x000001aec4525800, 0x000001aec4520000, 0x000001aec4523000,
0x000001aec4524000, 0x000001aec4527000, 0x000001aec4522800
}

Java Threads: ( => current thread )
  0x000001aec339a000 JavaThread "Reference Handler" daemon [_thread_blocked, id=6308, stack(0x00000032e1700000,0x00000032e1800000)]
  0x000001aec339b800 JavaThread "Finalizer" daemon [_thread_blocked, id=9404, stack(0x00000032e1800000,0x00000032e1900000)]
  0x000001aec3c24800 JavaThread "Signal Dispatcher" daemon [_thread_blocked, id=11936, stack(0x00000032e1900000,0x00000032e1a00000)]
  0x000001aec3c25000 JavaThread "Attach Listener" daemon [_thread_blocked, id=11036, stack(0x00000032e1a00000,0x00000032e1b00000)]
  0x000001aec3c26000 JavaThread "C2 CompilerThread0" daemon [_thread_blocked, id=7944, stack(0x00000032e1b00000,0x00000032e1c00000)]
  0x000001aec3c28800 JavaThread "C1 CompilerThread0" daemon [_thread_blocked, id=3904, stack(0x00000032e1c00000,0x00000032e1d00000)]
  0x000001aec3c2f800 JavaThread "Sweeper thread" daemon [_thread_blocked, id=2840, stack(0x00000032e1d00000,0x00000032e1e00000)]
  0x000001aec3d9d800 JavaThread "Service Thread" daemon [_thread_blocked, id=6264, stack(0x00000032e1e00000,0x00000032e1f00000)]
  0x000001aec3d9f000 JavaThread "Common-Cleaner" daemon [_thread_blocked, id=4616, stack(0x00000032e2000000,0x00000032e2100000)]
  0x000001aec3fce000 JavaThread "JDA RateLimit-Worker 1" [_thread_blocked, id=1128, stack(0x00000032e2400000,0x00000032e2500000)]
  0x000001aec483a800 JavaThread "JDA RateLimit-Worker 2" [_thread_blocked, id=8460, stack(0x00000032e2500000,0x00000032e2600000)]
  0x000001aec5026800 JavaThread "ForkJoinPool.commonPool-worker-19" daemon [_thread_blocked, id=4800, stack(0x00000032e3600000,0x00000032e3700000)]
  0x000001aec50b3000 JavaThread "JDA RateLimit-Worker 3" [_thread_blocked, id=2120, stack(0x00000032e3700000,0x00000032e3800000)]
  0x000001aec5633000 JavaThread "JDA Gateway-Worker 1" daemon [_thread_blocked, id=8984, stack(0x00000032e3800000,0x00000032e3900000)]
  0x000001aec562d800 JavaThread "lava-daemon-pool-manager-3-thread-1" daemon [_thread_blocked, id=172, stack(0x00000032e3e00000,0x00000032e3f00000)]
  0x000001aec5630000 JavaThread "Timer" [_thread_blocked, id=10568, stack(0x00000032e3900000,0x00000032e3a00000)]
  0x000001aec562e000 JavaThread "DestroyJavaVM" [_thread_blocked, id=4500, stack(0x00000032e1000000,0x00000032e1100000)]
  0x000001aec5632000 JavaThread "Timer-2" [_thread_blocked, id=12116, stack(0x00000032e3c00000,0x00000032e3d00000)]
  0x000001aec4521800 JavaThread "JDA AudioLifeCycle-Worker 1" daemon [_thread_blocked, id=2820, stack(0x00000032e3d00000,0x00000032e3e00000)]
  0x000001aec451e000 JavaThread "JDA RateLimit-Worker 4" [_thread_blocked, id=4880, stack(0x00000032e4100000,0x00000032e4200000)]
  0x000001aec4524800 JavaThread "JDA RateLimit-Worker 5" [_thread_blocked, id=10496, stack(0x00000032e0d00000,0x00000032e0e00000)]
  0x000001aec4520800 JavaThread "lava-daemon-pool-info-loader-2-thread-1" daemon [_thread_in_native, id=9192, stack(0x00000032e0e00000,0x00000032e0f00000)]
  0x000001aec562f000 JavaThread "lava-daemon-pool-playback-1-thread-18" daemon [_thread_blocked, id=15272, stack(0x00000032e2900000,0x00000032e2a00000)]
  0x000001aec5634000 JavaThread "Timer-27" [_thread_blocked, id=7660, stack(0x00000032e2600000,0x00000032e2700000)]
  0x000001aec451f000 JavaThread "JDA MainWS-ReadThread" [_thread_in_native, id=16156, stack(0x00000032e0f00000,0x00000032e1000000)]
  0x000001aec4525800 JavaThread "JDA MainWS-WriteThread" [_thread_blocked, id=16160, stack(0x00000032e2100000,0x00000032e2200000)]
  0x000001aec4520000 JavaThread "Timer-28" [_thread_blocked, id=9388, stack(0x00000032e2700000,0x00000032e2800000)]
  0x000001aec4523000 JavaThread "Timer-29" [_thread_blocked, id=8980, stack(0x00000032e2800000,0x00000032e2900000)]
  0x000001aec4524000 JavaThread "Timer-30" [_thread_blocked, id=7880, stack(0x00000032e2a00000,0x00000032e2b00000)]
  0x000001aec4527000 JavaThread "JDA AudioWS-ReadThread (guildId: 613486318219034624)" [_thread_in_native, id=6832, stack(0x00000032e2c00000,0x00000032e2d00000)]
=>0x000001aec4522800 JavaThread "Thread-94" daemon [_thread_in_native, id=13764, stack(0x00000032e3b00000,0x00000032e3c00000)]

Other Threads:
  0x000001aec3396000 VMThread "VM Thread" [stack: 0x00000032e1600000,0x00000032e1700000] [id=11852]
  0x000001aec3d9e800 WatcherThread [stack: 0x00000032e1f00000,0x00000032e2000000] [id=3052]
  0x000001aea4090000 GCTaskThread "GC Thread#0" [stack: 0x00000032e1100000,0x00000032e1200000] [id=1704]
  0x000001aec4f01000 GCTaskThread "GC Thread#1" [stack: 0x00000032e2200000,0x00000032e2300000] [id=9764]
  0x000001aec47a8800 GCTaskThread "GC Thread#2" [stack: 0x00000032e2300000,0x00000032e2400000] [id=1136]
  0x000001aec51c3000 GCTaskThread "GC Thread#3" [stack: 0x00000032e2d00000,0x00000032e2e00000] [id=1444]
  0x000001aec51c3800 GCTaskThread "GC Thread#4" [stack: 0x00000032e2e00000,0x00000032e2f00000] [id=11772]
  0x000001aec4faa800 GCTaskThread "GC Thread#5" [stack: 0x00000032e2f00000,0x00000032e3000000] [id=8316]
  0x000001aec4fab000 GCTaskThread "GC Thread#6" [stack: 0x00000032e3000000,0x00000032e3100000] [id=12516]
  0x000001aec4fc4000 GCTaskThread "GC Thread#7" [stack: 0x00000032e3100000,0x00000032e3200000] [id=9020]
  0x000001aec4fc5000 GCTaskThread "GC Thread#8" [stack: 0x00000032e3200000,0x00000032e3300000] [id=10012]
  0x000001aec4fc9800 GCTaskThread "GC Thread#9" [stack: 0x00000032e3300000,0x00000032e3400000] [id=3688]
  0x000001aea40c0800 ConcurrentGCThread "G1 Main Marker" [stack: 0x00000032e1200000,0x00000032e1300000] [id=11080]
  0x000001aea40c2000 ConcurrentGCThread "G1 Conc#0" [stack: 0x00000032e1300000,0x00000032e1400000] [id=2536]
  0x000001aec4edd000 ConcurrentGCThread "G1 Conc#1" [stack: 0x00000032e3400000,0x00000032e3500000] [id=8924]
  0x000001aec4ee4000 ConcurrentGCThread "G1 Conc#2" [stack: 0x00000032e3500000,0x00000032e3600000] [id=8904]
  0x000001aec3200800 ConcurrentGCThread "G1 Refine#0" [stack: 0x00000032e1400000,0x00000032e1500000] [id=14228]
  0x000001aec3203000 ConcurrentGCThread "G1 Young RemSet Sampling" [stack: 0x00000032e1500000,0x00000032e1600000] [id=8796]

Threads with active compile tasks:

VM state:not at safepoint (normal execution)

VM Mutex/Monitor currently owned by a thread: None

Heap address: 0x0000000083000000, size: 2000 MB, Compressed Oops mode: 32-bit
Narrow klass base: 0x0000000000000000, Narrow klass shift: 3
Compressed class space size: 1073741824 Address: 0x0000000100000000

Heap:
 garbage-first heap   total 129024K, used 74798K [0x0000000083000000, 0x0000000100000000)
  region size 1024K, 60 young (61440K), 6 survivors (6144K)
 Metaspace       used 35241K, capacity 35833K, committed 35964K, reserved 1081344K
  class space    used 3701K, capacity 3958K, committed 3968K, reserved 1048576K
Heap Regions: E=young(eden), S=young(survivor), O=old, HS=humongous(starts), HC=humongous(continues), CS=collection set, F=free, A=archive, TAMS=top-at-mark-start (previous, next)
|   0|0x0000000083000000, 0x0000000083100000, 0x0000000083100000|100%| O|  |TAMS 0x0000000083100000, 0x0000000083000000| Untracked 
|   1|0x0000000083100000, 0x0000000083200000, 0x0000000083200000|100%| O|  |TAMS 0x0000000083200000, 0x0000000083100000| Untracked 
|   2|0x0000000083200000, 0x0000000083300000, 0x0000000083300000|100%| O|  |TAMS 0x0000000083300000, 0x0000000083200000| Untracked 
|   3|0x0000000083300000, 0x0000000083400000, 0x0000000083400000|100%| O|  |TAMS 0x0000000083400000, 0x0000000083300000| Untracked 
|   4|0x0000000083400000, 0x0000000083500000, 0x0000000083500000|100%| O|  |TAMS 0x0000000083500000, 0x0000000083400000| Untracked 
|   5|0x0000000083500000, 0x0000000083600000, 0x0000000083600000|100%| O|  |TAMS 0x0000000083546200, 0x0000000083500000| Untracked 
|   6|0x0000000083600000, 0x0000000083700000, 0x0000000083700000|100%|HS|  |TAMS 0x0000000083600000, 0x0000000083600000| Complete 
|   7|0x0000000083700000, 0x0000000083800000, 0x0000000083800000|100%|HS|  |TAMS 0x0000000083700000, 0x0000000083700000| Complete 
|   8|0x0000000083800000, 0x000000008382ba00, 0x0000000083900000| 17%| O|  |TAMS 0x0000000083800000, 0x0000000083800000| Untracked 
|   9|0x0000000083900000, 0x0000000083a00000, 0x0000000083a00000|100%|HS|  |TAMS 0x0000000083900000, 0x0000000083900000| Complete 
|  10|0x0000000083a00000, 0x0000000083b00000, 0x0000000083b00000|100%|HC|  |TAMS 0x0000000083a00000, 0x0000000083a00000| Complete 
|  11|0x0000000083b00000, 0x0000000083c00000, 0x0000000083c00000|100%|HS|  |TAMS 0x0000000083b00000, 0x0000000083b00000| Complete 
|  12|0x0000000083c00000, 0x0000000083d00000, 0x0000000083d00000|100%|HC|  |TAMS 0x0000000083c00000, 0x0000000083c00000| Complete 
|  13|0x0000000083d00000, 0x0000000083e00000, 0x0000000083e00000|100%|HC|  |TAMS 0x0000000083d00000, 0x0000000083d00000| Complete 
|  14|0x0000000083e00000, 0x0000000083f00000, 0x0000000083f00000|100%|HS|  |TAMS 0x0000000083e00000, 0x0000000083e00000| Complete 
|  15|0x0000000083f00000, 0x0000000084000000, 0x0000000084000000|100%|HC|  |TAMS 0x0000000083f00000, 0x0000000083f00000| Complete 
|  16|0x0000000084000000, 0x0000000084000000, 0x0000000084100000|  0%| F|  |TAMS 0x0000000084000000, 0x0000000084000000| Untracked 
|  17|0x0000000084100000, 0x0000000084100000, 0x0000000084200000|  0%| F|  |TAMS 0x0000000084100000, 0x0000000084100000| Untracked 
|  18|0x0000000084200000, 0x0000000084200000, 0x0000000084300000|  0%| F|  |TAMS 0x0000000084200000, 0x0000000084200000| Untracked 
|  19|0x0000000084300000, 0x0000000084300000, 0x0000000084400000|  0%| F|  |TAMS 0x0000000084300000, 0x0000000084300000| Untracked 
|  20|0x0000000084400000, 0x0000000084400000, 0x0000000084500000|  0%| F|  |TAMS 0x0000000084400000, 0x0000000084400000| Untracked 
|  21|0x0000000084500000, 0x0000000084500000, 0x0000000084600000|  0%| F|  |TAMS 0x0000000084500000, 0x0000000084500000| Untracked 
|  22|0x0000000084600000, 0x0000000084600000, 0x0000000084700000|  0%| F|  |TAMS 0x0000000084600000, 0x0000000084600000| Untracked 
|  23|0x0000000084700000, 0x0000000084700000, 0x0000000084800000|  0%| F|  |TAMS 0x0000000084700000, 0x0000000084700000| Untracked 
|  24|0x0000000084800000, 0x0000000084800000, 0x0000000084900000|  0%| F|  |TAMS 0x0000000084800000, 0x0000000084800000| Untracked 
|  25|0x0000000084900000, 0x0000000084900000, 0x0000000084a00000|  0%| F|  |TAMS 0x0000000084900000, 0x0000000084900000| Untracked 
|  26|0x0000000084a00000, 0x0000000084a00000, 0x0000000084b00000|  0%| F|  |TAMS 0x0000000084a00000, 0x0000000084a00000| Untracked 
|  27|0x0000000084b00000, 0x0000000084b00000, 0x0000000084c00000|  0%| F|  |TAMS 0x0000000084b00000, 0x0000000084b00000| Untracked 
|  28|0x0000000084c00000, 0x0000000084c00000, 0x0000000084d00000|  0%| F|  |TAMS 0x0000000084c00000, 0x0000000084c00000| Untracked 
|  29|0x0000000084d00000, 0x0000000084d00000, 0x0000000084e00000|  0%| F|  |TAMS 0x0000000084d00000, 0x0000000084d00000| Untracked 
|  30|0x0000000084e00000, 0x0000000084e00000, 0x0000000084f00000|  0%| F|  |TAMS 0x0000000084e00000, 0x0000000084e00000| Untracked 
|  31|0x0000000084f00000, 0x0000000084f00000, 0x0000000085000000|  0%| F|  |TAMS 0x0000000084f00000, 0x0000000084f00000| Untracked 
|  32|0x0000000085000000, 0x0000000085000000, 0x0000000085100000|  0%| F|  |TAMS 0x0000000085000000, 0x0000000085000000| Untracked 
|  33|0x0000000085100000, 0x0000000085100000, 0x0000000085200000|  0%| F|  |TAMS 0x0000000085100000, 0x0000000085100000| Untracked 
|  34|0x0000000085200000, 0x0000000085200000, 0x0000000085300000|  0%| F|  |TAMS 0x0000000085200000, 0x0000000085200000| Untracked 
|  35|0x0000000085300000, 0x0000000085300000, 0x0000000085400000|  0%| F|  |TAMS 0x0000000085300000, 0x0000000085300000| Untracked 
|  36|0x0000000085400000, 0x0000000085400000, 0x0000000085500000|  0%| F|  |TAMS 0x0000000085400000, 0x0000000085400000| Untracked 
|  37|0x0000000085500000, 0x0000000085500000, 0x0000000085600000|  0%| F|  |TAMS 0x0000000085500000, 0x0000000085500000| Untracked 
|  38|0x0000000085600000, 0x0000000085600000, 0x0000000085700000|  0%| F|  |TAMS 0x0000000085600000, 0x0000000085600000| Untracked 
|  39|0x0000000085700000, 0x0000000085700000, 0x0000000085800000|  0%| F|  |TAMS 0x0000000085700000, 0x0000000085700000| Untracked 
|  40|0x0000000085800000, 0x0000000085800000, 0x0000000085900000|  0%| F|  |TAMS 0x0000000085800000, 0x0000000085800000| Untracked 
|  41|0x0000000085900000, 0x0000000085900000, 0x0000000085a00000|  0%| F|  |TAMS 0x0000000085900000, 0x0000000085900000| Untracked 
|  42|0x0000000085a00000, 0x0000000085a00000, 0x0000000085b00000|  0%| F|  |TAMS 0x0000000085a00000, 0x0000000085a00000| Untracked 
|  43|0x0000000085b00000, 0x0000000085b00000, 0x0000000085c00000|  0%| F|  |TAMS 0x0000000085b00000, 0x0000000085b00000| Untracked 
|  44|0x0000000085c00000, 0x0000000085c00000, 0x0000000085d00000|  0%| F|  |TAMS 0x0000000085c00000, 0x0000000085c00000| Untracked 
|  45|0x0000000085d00000, 0x0000000085ddff98, 0x0000000085e00000| 87%| S|CS|TAMS 0x0000000085d00000, 0x0000000085d00000| Complete 
|  46|0x0000000085e00000, 0x0000000085f00000, 0x0000000085f00000|100%| S|CS|TAMS 0x0000000085e00000, 0x0000000085e00000| Complete 
|  47|0x0000000085f00000, 0x0000000085f00000, 0x0000000086000000|  0%| F|  |TAMS 0x0000000085f00000, 0x0000000085f00000| Untracked 
|  48|0x0000000086000000, 0x0000000086000000, 0x0000000086100000|  0%| F|  |TAMS 0x0000000086000000, 0x0000000086000000| Untracked 
|  49|0x0000000086100000, 0x0000000086100000, 0x0000000086200000|  0%| F|  |TAMS 0x0000000086100000, 0x0000000086100000| Untracked 
|  50|0x0000000086200000, 0x0000000086200000, 0x0000000086300000|  0%| F|  |TAMS 0x0000000086200000, 0x0000000086200000| Untracked 
|  51|0x0000000086300000, 0x0000000086300000, 0x0000000086400000|  0%| F|  |TAMS 0x0000000086300000, 0x0000000086300000| Untracked 
|  52|0x0000000086400000, 0x0000000086500000, 0x0000000086500000|100%| S|CS|TAMS 0x0000000086400000, 0x0000000086400000| Complete 
|  53|0x0000000086500000, 0x0000000086600000, 0x0000000086600000|100%| S|CS|TAMS 0x0000000086500000, 0x0000000086500000| Complete 
|  54|0x0000000086600000, 0x0000000086700000, 0x0000000086700000|100%| S|CS|TAMS 0x0000000086600000, 0x0000000086600000| Complete 
|  55|0x0000000086700000, 0x0000000086800000, 0x0000000086800000|100%| S|CS|TAMS 0x0000000086700000, 0x0000000086700000| Complete 
|  56|0x0000000086800000, 0x0000000086800000, 0x0000000086900000|  0%| F|  |TAMS 0x0000000086800000, 0x0000000086800000| Untracked 
|  57|0x0000000086900000, 0x0000000086900000, 0x0000000086a00000|  0%| F|  |TAMS 0x0000000086900000, 0x0000000086900000| Untracked 
|  58|0x0000000086a00000, 0x0000000086a00000, 0x0000000086b00000|  0%| F|  |TAMS 0x0000000086a00000, 0x0000000086a00000| Untracked 
|  59|0x0000000086b00000, 0x0000000086b00000, 0x0000000086c00000|  0%| F|  |TAMS 0x0000000086b00000, 0x0000000086b00000| Untracked 
|  60|0x0000000086c00000, 0x0000000086c00000, 0x0000000086d00000|  0%| F|  |TAMS 0x0000000086c00000, 0x0000000086c00000| Untracked 
|  61|0x0000000086d00000, 0x0000000086d00000, 0x0000000086e00000|  0%| F|  |TAMS 0x0000000086d00000, 0x0000000086d00000| Untracked 
|  62|0x0000000086e00000, 0x0000000086e00000, 0x0000000086f00000|  0%| F|  |TAMS 0x0000000086e00000, 0x0000000086e00000| Untracked 
|  63|0x0000000086f00000, 0x0000000086f00000, 0x0000000087000000|  0%| F|  |TAMS 0x0000000086f00000, 0x0000000086f00000| Untracked 
|  64|0x0000000087000000, 0x0000000087000000, 0x0000000087100000|  0%| F|  |TAMS 0x0000000087000000, 0x0000000087000000| Untracked 
|  65|0x0000000087100000, 0x0000000087100000, 0x0000000087200000|  0%| F|  |TAMS 0x0000000087100000, 0x0000000087100000| Untracked 
|  66|0x0000000087200000, 0x0000000087200000, 0x0000000087300000|  0%| F|  |TAMS 0x0000000087200000, 0x0000000087200000| Untracked 
|  67|0x0000000087300000, 0x0000000087300000, 0x0000000087400000|  0%| F|  |TAMS 0x0000000087300000, 0x0000000087300000| Untracked 
|  68|0x0000000087400000, 0x0000000087400000, 0x0000000087500000|  0%| F|  |TAMS 0x0000000087400000, 0x0000000087400000| Untracked 
|  69|0x0000000087500000, 0x0000000087500000, 0x0000000087600000|  0%| F|  |TAMS 0x0000000087500000, 0x0000000087500000| Untracked 
|  70|0x0000000087600000, 0x0000000087600000, 0x0000000087700000|  0%| F|  |TAMS 0x0000000087600000, 0x0000000087600000| Untracked 
|  71|0x0000000087700000, 0x0000000087700000, 0x0000000087800000|  0%| F|  |TAMS 0x0000000087700000, 0x0000000087700000| Untracked 
|  72|0x0000000087800000, 0x0000000087825188, 0x0000000087900000| 14%| E|  |TAMS 0x0000000087800000, 0x0000000087800000| Complete 
|  73|0x0000000087900000, 0x0000000087a00000, 0x0000000087a00000|100%| E|CS|TAMS 0x0000000087900000, 0x0000000087900000| Complete 
|  74|0x0000000087a00000, 0x0000000087b00000, 0x0000000087b00000|100%| E|CS|TAMS 0x0000000087a00000, 0x0000000087a00000| Complete 
|  75|0x0000000087b00000, 0x0000000087c00000, 0x0000000087c00000|100%| E|CS|TAMS 0x0000000087b00000, 0x0000000087b00000| Complete 
|  76|0x0000000087c00000, 0x0000000087d00000, 0x0000000087d00000|100%| E|CS|TAMS 0x0000000087c00000, 0x0000000087c00000| Complete 
|  77|0x0000000087d00000, 0x0000000087e00000, 0x0000000087e00000|100%| E|CS|TAMS 0x0000000087d00000, 0x0000000087d00000| Complete 
|  78|0x0000000087e00000, 0x0000000087f00000, 0x0000000087f00000|100%| E|CS|TAMS 0x0000000087e00000, 0x0000000087e00000| Complete 
|  79|0x0000000087f00000, 0x0000000088000000, 0x0000000088000000|100%| E|CS|TAMS 0x0000000087f00000, 0x0000000087f00000| Complete 
|  80|0x0000000088000000, 0x0000000088100000, 0x0000000088100000|100%| E|CS|TAMS 0x0000000088000000, 0x0000000088000000| Complete 
|  81|0x0000000088100000, 0x0000000088200000, 0x0000000088200000|100%| E|CS|TAMS 0x0000000088100000, 0x0000000088100000| Complete 
|  82|0x0000000088200000, 0x0000000088300000, 0x0000000088300000|100%| E|CS|TAMS 0x0000000088200000, 0x0000000088200000| Complete 
|  83|0x0000000088300000, 0x0000000088400000, 0x0000000088400000|100%| E|CS|TAMS 0x0000000088300000, 0x0000000088300000| Complete 
|  84|0x0000000088400000, 0x0000000088500000, 0x0000000088500000|100%| E|CS|TAMS 0x0000000088400000, 0x0000000088400000| Complete 
|  85|0x0000000088500000, 0x0000000088600000, 0x0000000088600000|100%| E|CS|TAMS 0x0000000088500000, 0x0000000088500000| Complete 
|  86|0x0000000088600000, 0x0000000088700000, 0x0000000088700000|100%| E|CS|TAMS 0x0000000088600000, 0x0000000088600000| Complete 
|  87|0x0000000088700000, 0x0000000088800000, 0x0000000088800000|100%| E|CS|TAMS 0x0000000088700000, 0x0000000088700000| Complete 
|  88|0x0000000088800000, 0x0000000088900000, 0x0000000088900000|100%| E|CS|TAMS 0x0000000088800000, 0x0000000088800000| Complete 
|  89|0x0000000088900000, 0x0000000088a00000, 0x0000000088a00000|100%| E|CS|TAMS 0x0000000088900000, 0x0000000088900000| Complete 
|  90|0x0000000088a00000, 0x0000000088b00000, 0x0000000088b00000|100%| E|CS|TAMS 0x0000000088a00000, 0x0000000088a00000| Complete 
|  91|0x0000000088b00000, 0x0000000088c00000, 0x0000000088c00000|100%| E|CS|TAMS 0x0000000088b00000, 0x0000000088b00000| Complete 
|  92|0x0000000088c00000, 0x0000000088d00000, 0x0000000088d00000|100%| E|CS|TAMS 0x0000000088c00000, 0x0000000088c00000| Complete 
|  93|0x0000000088d00000, 0x0000000088e00000, 0x0000000088e00000|100%| E|CS|TAMS 0x0000000088d00000, 0x0000000088d00000| Complete 
|  94|0x0000000088e00000, 0x0000000088f00000, 0x0000000088f00000|100%| E|CS|TAMS 0x0000000088e00000, 0x0000000088e00000| Complete 
|  95|0x0000000088f00000, 0x0000000089000000, 0x0000000089000000|100%| E|CS|TAMS 0x0000000088f00000, 0x0000000088f00000| Complete 
|  96|0x0000000089000000, 0x0000000089100000, 0x0000000089100000|100%| E|CS|TAMS 0x0000000089000000, 0x0000000089000000| Complete 
|  97|0x0000000089100000, 0x0000000089200000, 0x0000000089200000|100%| E|CS|TAMS 0x0000000089100000, 0x0000000089100000| Complete 
|  98|0x0000000089200000, 0x0000000089300000, 0x0000000089300000|100%| E|CS|TAMS 0x0000000089200000, 0x0000000089200000| Complete 
|  99|0x0000000089300000, 0x0000000089400000, 0x0000000089400000|100%| E|CS|TAMS 0x0000000089300000, 0x0000000089300000| Complete 
| 100|0x0000000089400000, 0x0000000089500000, 0x0000000089500000|100%| E|CS|TAMS 0x0000000089400000, 0x0000000089400000| Complete 
| 101|0x0000000089500000, 0x0000000089600000, 0x0000000089600000|100%| E|CS|TAMS 0x0000000089500000, 0x0000000089500000| Complete 
| 102|0x0000000089600000, 0x0000000089700000, 0x0000000089700000|100%| E|CS|TAMS 0x0000000089600000, 0x0000000089600000| Complete 
| 103|0x0000000089700000, 0x0000000089800000, 0x0000000089800000|100%| E|CS|TAMS 0x0000000089700000, 0x0000000089700000| Complete 
| 104|0x0000000089800000, 0x0000000089900000, 0x0000000089900000|100%| E|CS|TAMS 0x0000000089800000, 0x0000000089800000| Complete 
| 105|0x0000000089900000, 0x0000000089a00000, 0x0000000089a00000|100%| E|CS|TAMS 0x0000000089900000, 0x0000000089900000| Complete 
| 106|0x0000000089a00000, 0x0000000089b00000, 0x0000000089b00000|100%| E|CS|TAMS 0x0000000089a00000, 0x0000000089a00000| Complete 
| 107|0x0000000089b00000, 0x0000000089c00000, 0x0000000089c00000|100%| E|CS|TAMS 0x0000000089b00000, 0x0000000089b00000| Complete 
| 108|0x0000000089c00000, 0x0000000089d00000, 0x0000000089d00000|100%| E|CS|TAMS 0x0000000089c00000, 0x0000000089c00000| Complete 
| 109|0x0000000089d00000, 0x0000000089e00000, 0x0000000089e00000|100%| E|CS|TAMS 0x0000000089d00000, 0x0000000089d00000| Complete 
| 110|0x0000000089e00000, 0x0000000089f00000, 0x0000000089f00000|100%| E|CS|TAMS 0x0000000089e00000, 0x0000000089e00000| Complete 
| 111|0x0000000089f00000, 0x000000008a000000, 0x000000008a000000|100%| E|CS|TAMS 0x0000000089f00000, 0x0000000089f00000| Complete 
| 112|0x000000008a000000, 0x000000008a100000, 0x000000008a100000|100%| E|CS|TAMS 0x000000008a000000, 0x000000008a000000| Complete 
| 113|0x000000008a100000, 0x000000008a200000, 0x000000008a200000|100%| E|CS|TAMS 0x000000008a100000, 0x000000008a100000| Complete 
| 114|0x000000008a200000, 0x000000008a300000, 0x000000008a300000|100%| E|CS|TAMS 0x000000008a200000, 0x000000008a200000| Complete 
| 115|0x000000008a300000, 0x000000008a400000, 0x000000008a400000|100%| E|CS|TAMS 0x000000008a300000, 0x000000008a300000| Complete 
| 116|0x000000008a400000, 0x000000008a500000, 0x000000008a500000|100%| E|CS|TAMS 0x000000008a400000, 0x000000008a400000| Complete 
| 117|0x000000008a500000, 0x000000008a600000, 0x000000008a600000|100%| E|CS|TAMS 0x000000008a500000, 0x000000008a500000| Complete 
| 118|0x000000008a600000, 0x000000008a700000, 0x000000008a700000|100%| E|CS|TAMS 0x000000008a600000, 0x000000008a600000| Complete 
| 119|0x000000008a700000, 0x000000008a800000, 0x000000008a800000|100%| E|CS|TAMS 0x000000008a700000, 0x000000008a700000| Complete 
| 120|0x000000008a800000, 0x000000008a900000, 0x000000008a900000|100%| E|CS|TAMS 0x000000008a800000, 0x000000008a800000| Complete 
| 121|0x000000008a900000, 0x000000008aa00000, 0x000000008aa00000|100%| E|CS|TAMS 0x000000008a900000, 0x000000008a900000| Complete 
| 122|0x000000008aa00000, 0x000000008ab00000, 0x000000008ab00000|100%| E|CS|TAMS 0x000000008aa00000, 0x000000008aa00000| Complete 
| 123|0x000000008ab00000, 0x000000008ac00000, 0x000000008ac00000|100%| E|CS|TAMS 0x000000008ab00000, 0x000000008ab00000| Complete 
| 124|0x000000008ac00000, 0x000000008ad00000, 0x000000008ad00000|100%| E|  |TAMS 0x000000008ac00000, 0x000000008ac00000| Complete 
| 125|0x000000008ad00000, 0x000000008ae00000, 0x000000008ae00000|100%| E|CS|TAMS 0x000000008ad00000, 0x000000008ad00000| Complete 

Card table byte_map: [0x000001aebc0a0000,0x000001aebc490000] _byte_map_base: 0x000001aebbc88000

Marking Bits (Prev, Next): (CMBitMap*) 0x000001aea40b7f00, (CMBitMap*) 0x000001aea40b7ec8
 Prev Bits: [0x000001aebe7c0000, 0x000001aec0700000)
 Next Bits: [0x000001aebc880000, 0x000001aebe7c0000)

Polling page: 0x000001aea1d50000

Metaspace:

Usage:
  Non-class:     31.13 MB capacity,    30.80 MB ( 99%) used,   266.37 KB ( <1%) free+waste,    69.00 KB ( <1%) overhead. 
      Class:      3.87 MB capacity,     3.61 MB ( 94%) used,   225.65 KB (  6%) free+waste,    30.88 KB ( <1%) overhead. 
       Both:     34.99 MB capacity,    34.42 MB ( 98%) used,   492.02 KB (  1%) free+waste,    99.88 KB ( <1%) overhead. 

Virtual space:
  Non-class space:       32.00 MB reserved,      31.25 MB ( 98%) committed 
      Class space:        1.00 GB reserved,       3.88 MB ( <1%) committed 
             Both:        1.03 GB reserved,      35.12 MB (  3%) committed 

Chunk freelists:
   Non-Class:  57.00 KB
       Class:  10.00 KB
        Both:  67.00 KB

MaxMetaspaceSize: 17179869184.00 GB
CompressedClassSpaceSize: 1.00 GB

CodeHeap 'non-profiled nmethods': size=120000Kb used=2683Kb max_used=2735Kb free=117317Kb
 bounds [0x000001aeb4220000, 0x000001aeb44d0000, 0x000001aebb750000]
CodeHeap 'profiled nmethods': size=120000Kb used=7639Kb max_used=7755Kb free=112360Kb
 bounds [0x000001aeaccf0000, 0x000001aead4a0000, 0x000001aeb4220000]
CodeHeap 'non-nmethods': size=5760Kb used=1220Kb max_used=1289Kb free=4539Kb
 bounds [0x000001aeac750000, 0x000001aeac9c0000, 0x000001aeaccf0000]
 total_blobs=4638 nmethods=4049 adapters=500
 compilation: enabled
              stopped_count=0, restarted_count=0
 full_count=0

Compilation events (20 events):
Event: 22440.757 Thread 0x000001aec3c28800 5004       3       net.dv8tion.jda.api.utils.data.DataObject::getArray (19 bytes)
Event: 22440.758 Thread 0x000001aec3c28800 nmethod 5004 0x000001aead0a9710 code [0x000001aead0a9940, 0x000001aead0aa138]
Event: 22440.758 Thread 0x000001aec3c28800 5005       3       net.dv8tion.jda.api.utils.data.DataObject$$Lambda$130/0x00000001002f4040::get$Lambda (10 bytes)
Event: 22440.758 Thread 0x000001aec3c28800 nmethod 5005 0x000001aeacf47e10 code [0x000001aeacf47fe0, 0x000001aeacf48298]
Event: 22440.758 Thread 0x000001aec3c28800 5006       3       net.dv8tion.jda.api.utils.data.DataObject$$Lambda$130/0x00000001002f4040::<init> (15 bytes)
Event: 22440.758 Thread 0x000001aec3c28800 nmethod 5006 0x000001aeacf6f710 code [0x000001aeacf6f8c0, 0x000001aeacf6fad8]
Event: 22440.758 Thread 0x000001aec3c28800 5007       3       java.util.TimSort::sort (229 bytes)
Event: 22440.758 Thread 0x000001aec3c28800 nmethod 5007 0x000001aead0a8a10 code [0x000001aead0a8c60, 0x000001aead0a9338]
Event: 22457.043 Thread 0x000001aec3c28800 5008       1       net.dv8tion.jda.api.events.message.MessageReceivedEvent::getMessage (5 bytes)
Event: 22457.044 Thread 0x000001aec3c28800 nmethod 5008 0x000001aeb43f1390 code [0x000001aeb43f1540, 0x000001aeb43f15f8]
Event: 22462.090 Thread 0x000001aec3c26000 5009       4       com.fasterxml.jackson.core.json.UTF8StreamJsonParser::_parseName (312 bytes)
Event: 22462.090 Thread 0x000001aec3c28800 5010       3       java.lang.CharacterData::of (120 bytes)
Event: 22462.090 Thread 0x000001aec3c28800 nmethod 5010 0x000001aead013b90 code [0x000001aead013da0, 0x000001aead014478]
Event: 22462.090 Thread 0x000001aec3c28800 5013       3       java.util.regex.Pattern::compile (498 bytes)
Event: 22462.095 Thread 0x000001aec3c28800 nmethod 5013 0x000001aead27f090 code [0x000001aead27f560, 0x000001aead2822c8]
Event: 22462.110 Thread 0x000001aec3c26000 nmethod 5009 0x000001aeb43eee90 code [0x000001aeb43ef1e0, 0x000001aeb43f0400]
Event: 22462.111 Thread 0x000001aec3c26000 5011       4       java.lang.Character::digit (6 bytes)
Event: 22462.112 Thread 0x000001aec3c26000 nmethod 5011 0x000001aeb43eea90 code [0x000001aeb43eec40, 0x000001aeb43eed38]
Event: 22462.112 Thread 0x000001aec3c26000 5012       4       java.lang.Character::toLowerCase (9 bytes)
Event: 22462.114 Thread 0x000001aec3c26000 nmethod 5012 0x000001aeb43ee690 code [0x000001aeb43ee840, 0x000001aeb43ee958]

GC Heap History (20 events):
Event: 3318.837 GC heap before
{Heap before GC invocations=4 (full 0):
 garbage-first heap   total 129024K, used 86137K [0x0000000083000000, 0x0000000100000000)
  region size 1024K, 74 young (75776K), 3 survivors (3072K)
 Metaspace       used 33883K, capacity 34400K, committed 34684K, reserved 1079296K
  class space    used 3653K, capacity 3871K, committed 3968K, reserved 1048576K
}
Event: 3318.849 GC heap after
{Heap after GC invocations=5 (full 0):
 garbage-first heap   total 129024K, used 10668K [0x0000000083000000, 0x0000000100000000)
  region size 1024K, 6 young (6144K), 6 survivors (6144K)
 Metaspace       used 33883K, capacity 34400K, committed 34684K, reserved 1079296K
  class space    used 3653K, capacity 3871K, committed 3968K, reserved 1048576K
}
Event: 6535.777 GC heap before
{Heap before GC invocations=5 (full 0):
 garbage-first heap   total 129024K, used 86444K [0x0000000083000000, 0x0000000100000000)
  region size 1024K, 75 young (76800K), 6 survivors (6144K)
 Metaspace       used 34406K, capacity 34963K, committed 35196K, reserved 1081344K
  class space    used 3673K, capacity 3907K, committed 3968K, reserved 1048576K
}
Event: 6535.788 GC heap after
{Heap after GC invocations=6 (full 0):
 garbage-first heap   total 129024K, used 11003K [0x0000000083000000, 0x0000000100000000)
  region size 1024K, 6 young (6144K), 6 survivors (6144K)
 Metaspace       used 34406K, capacity 34963K, committed 35196K, reserved 1081344K
  class space    used 3673K, capacity 3907K, committed 3968K, reserved 1048576K
}
Event: 6990.874 GC heap before
{Heap before GC invocations=6 (full 0):
 garbage-first heap   total 129024K, used 82683K [0x0000000083000000, 0x0000000100000000)
  region size 1024K, 75 young (76800K), 6 survivors (6144K)
 Metaspace       used 34565K, capacity 35091K, committed 35196K, reserved 1081344K
  class space    used 3673K, capacity 3907K, committed 3968K, reserved 1048576K
}
Event: 6990.882 GC heap after
{Heap after GC invocations=7 (full 0):
 garbage-first heap   total 129024K, used 10815K [0x0000000083000000, 0x0000000100000000)
  region size 1024K, 5 young (5120K), 5 survivors (5120K)
 Metaspace       used 34565K, capacity 35091K, committed 35196K, reserved 1081344K
  class space    used 3673K, capacity 3907K, committed 3968K, reserved 1048576K
}
Event: 7400.544 GC heap before
{Heap before GC invocations=7 (full 0):
 garbage-first heap   total 129024K, used 92735K [0x0000000083000000, 0x0000000100000000)
  region size 1024K, 75 young (76800K), 5 survivors (5120K)
 Metaspace       used 34692K, capacity 35198K, committed 35452K, reserved 1081344K
  class space    used 3683K, capacity 3918K, committed 3968K, reserved 1048576K
}
Event: 7400.547 GC heap after
{Heap after GC invocations=8 (full 0):
 garbage-first heap   total 129024K, used 11151K [0x0000000083000000, 0x0000000100000000)
  region size 1024K, 5 young (5120K), 5 survivors (5120K)
 Metaspace       used 34692K, capacity 35198K, committed 35452K, reserved 1081344K
  class space    used 3683K, capacity 3918K, committed 3968K, reserved 1048576K
}
Event: 7832.162 GC heap before
{Heap before GC invocations=8 (full 0):
 garbage-first heap   total 129024K, used 93071K [0x0000000083000000, 0x0000000100000000)
  region size 1024K, 75 young (76800K), 5 survivors (5120K)
 Metaspace       used 34717K, capacity 35263K, committed 35452K, reserved 1081344K
  class space    used 3683K, capacity 3918K, committed 3968K, reserved 1048576K
}
Event: 7832.167 GC heap after
{Heap after GC invocations=9 (full 0):
 garbage-first heap   total 129024K, used 11136K [0x0000000083000000, 0x0000000100000000)
  region size 1024K, 5 young (5120K), 5 survivors (5120K)
 Metaspace       used 34717K, capacity 35263K, committed 35452K, reserved 1081344K
  class space    used 3683K, capacity 3918K, committed 3968K, reserved 1048576K
}
Event: 8309.366 GC heap before
{Heap before GC invocations=9 (full 0):
 garbage-first heap   total 129024K, used 82816K [0x0000000083000000, 0x0000000100000000)
  region size 1024K, 75 young (76800K), 5 survivors (5120K)
 Metaspace       used 34792K, capacity 35391K, committed 35452K, reserved 1081344K
  class space    used 3683K, capacity 3918K, committed 3968K, reserved 1048576K
}
Event: 8309.369 GC heap after
{Heap after GC invocations=10 (full 0):
 garbage-first heap   total 129024K, used 11064K [0x0000000083000000, 0x0000000100000000)
  region size 1024K, 5 young (5120K), 5 survivors (5120K)
 Metaspace       used 34792K, capacity 35391K, committed 35452K, reserved 1081344K
  class space    used 3683K, capacity 3918K, committed 3968K, reserved 1048576K
}
Event: 9860.091 GC heap before
{Heap before GC invocations=10 (full 0):
 garbage-first heap   total 129024K, used 94008K [0x0000000083000000, 0x0000000100000000)
  region size 1024K, 75 young (76800K), 5 survivors (5120K)
 Metaspace       used 34905K, capacity 35467K, committed 35708K, reserved 1081344K
  class space    used 3690K, capacity 3922K, committed 3968K, reserved 1048576K
}
Event: 9860.100 GC heap after
{Heap after GC invocations=11 (full 0):
 garbage-first heap   total 129024K, used 11268K [0x0000000083000000, 0x0000000100000000)
  region size 1024K, 5 young (5120K), 5 survivors (5120K)
 Metaspace       used 34905K, capacity 35467K, committed 35708K, reserved 1081344K
  class space    used 3690K, capacity 3922K, committed 3968K, reserved 1048576K
}
Event: 10871.785 GC heap before
{Heap before GC invocations=11 (full 0):
 garbage-first heap   total 129024K, used 93188K [0x0000000083000000, 0x0000000100000000)
  region size 1024K, 75 young (76800K), 5 survivors (5120K)
 Metaspace       used 34972K, capacity 35595K, committed 35708K, reserved 1081344K
  class space    used 3692K, capacity 3922K, committed 3968K, reserved 1048576K
}
Event: 10871.789 GC heap after
{Heap after GC invocations=12 (full 0):
 garbage-first heap   total 129024K, used 10904K [0x0000000083000000, 0x0000000100000000)
  region size 1024K, 5 young (5120K), 5 survivors (5120K)
 Metaspace       used 34972K, capacity 35595K, committed 35708K, reserved 1081344K
  class space    used 3692K, capacity 3922K, committed 3968K, reserved 1048576K
}
Event: 11309.454 GC heap before
{Heap before GC invocations=12 (full 0):
 garbage-first heap   total 129024K, used 83608K [0x0000000083000000, 0x0000000100000000)
  region size 1024K, 75 young (76800K), 5 survivors (5120K)
 Metaspace       used 35015K, capacity 35659K, committed 35708K, reserved 1081344K
  class space    used 3692K, capacity 3922K, committed 3968K, reserved 1048576K
}
Event: 11309.458 GC heap after
{Heap after GC invocations=13 (full 0):
 garbage-first heap   total 129024K, used 11096K [0x0000000083000000, 0x0000000100000000)
  region size 1024K, 5 young (5120K), 5 survivors (5120K)
 Metaspace       used 35015K, capacity 35659K, committed 35708K, reserved 1081344K
  class space    used 3692K, capacity 3922K, committed 3968K, reserved 1048576K
}
Event: 11686.204 GC heap before
{Heap before GC invocations=13 (full 0):
 garbage-first heap   total 129024K, used 88920K [0x0000000083000000, 0x0000000100000000)
  region size 1024K, 75 young (76800K), 5 survivors (5120K)
 Metaspace       used 35084K, capacity 35659K, committed 35708K, reserved 1081344K
  class space    used 3692K, capacity 3922K, committed 3968K, reserved 1048576K
}
Event: 11686.208 GC heap after
{Heap after GC invocations=14 (full 0):
 garbage-first heap   total 129024K, used 12334K [0x0000000083000000, 0x0000000100000000)
  region size 1024K, 6 young (6144K), 6 survivors (6144K)
 Metaspace       used 35084K, capacity 35659K, committed 35708K, reserved 1081344K
  class space    used 3692K, capacity 3922K, committed 3968K, reserved 1048576K
}

Deoptimization events (20 events):
Event: 17109.373 Thread 0x000001aec5633000 DEOPT PACKING pc=0x000001aeb44610bc sp=0x00000032e38ff180
Event: 17109.374 Thread 0x000001aec5633000 DEOPT UNPACKING pc=0x000001aeac7774af sp=0x00000032e38ff0b8 mode 2
Event: 21687.749 Thread 0x000001aec451f000 Uncommon trap: trap_request=0xffffff4d fr.pc=0x000001aeb43f9544 relative=0x00000000000000a4
Event: 21687.749 Thread 0x000001aec451f000 Uncommon trap: reason=unstable_if action=reinterpret pc=0x000001aeb43f9544 method=java.util.Arrays.binarySearch0([IIII)I @ 33 c2
Event: 21687.749 Thread 0x000001aec451f000 DEOPT PACKING pc=0x000001aeb43f9544 sp=0x00000032e0ffe2a0
Event: 21687.750 Thread 0x000001aec451f000 DEOPT UNPACKING pc=0x000001aeac7774af sp=0x00000032e0ffe208 mode 2
Event: 22089.042 Thread 0x000001aec4526800 DEOPT PACKING pc=0x000001aead26f023 sp=0x00000032e2bfdc60
Event: 22089.043 Thread 0x000001aec4526800 DEOPT UNPACKING pc=0x000001aeac7772ce sp=0x00000032e2bfd180 mode 0
Event: 22457.044 Thread 0x000001aec451f000 Uncommon trap: trap_request=0xffffff4d fr.pc=0x000001aeb433d9d8 relative=0x0000000000000038
Event: 22457.044 Thread 0x000001aec451f000 Uncommon trap: reason=unstable_if action=reinterpret pc=0x000001aeb433d9d8 method=java.lang.Character.charCount(I)I @ 3 c2
Event: 22457.044 Thread 0x000001aec451f000 DEOPT PACKING pc=0x000001aeb433d9d8 sp=0x00000032e0ffe300
Event: 22457.044 Thread 0x000001aec451f000 DEOPT UNPACKING pc=0x000001aeac7774af sp=0x00000032e0ffe288 mode 2
Event: 22457.044 Thread 0x000001aec451f000 Uncommon trap: trap_request=0xffffff4d fr.pc=0x000001aeb422e4e4 relative=0x0000000000000044
Event: 22457.044 Thread 0x000001aec451f000 Uncommon trap: reason=unstable_if action=reinterpret pc=0x000001aeb422e4e4 method=java.lang.CharacterData.of(I)Ljava/lang/CharacterData; @ 4 c2
Event: 22457.044 Thread 0x000001aec451f000 DEOPT PACKING pc=0x000001aeb422e4e4 sp=0x00000032e0ffe2b0
Event: 22457.044 Thread 0x000001aec451f000 DEOPT UNPACKING pc=0x000001aeac7774af sp=0x00000032e0ffe248 mode 2
Event: 22508.738 Thread 0x000001aec4521800 Uncommon trap: trap_request=0xffffff4d fr.pc=0x000001aeb42f0558 relative=0x0000000000000138
Event: 22508.738 Thread 0x000001aec4521800 Uncommon trap: reason=unstable_if action=reinterpret pc=0x000001aeb42f0558 method=java.util.concurrent.ThreadPoolExecutor$Worker.tryAcquire(I)Z @ 6 c2
Event: 22508.738 Thread 0x000001aec4521800 DEOPT PACKING pc=0x000001aeb42f0558 sp=0x00000032e3dfe3a0
Event: 22508.738 Thread 0x000001aec4521800 DEOPT UNPACKING pc=0x000001aeac7774af sp=0x00000032e3dfe360 mode 2

Classes redefined (0 events):
No events

Internal exceptions (20 events):
Event: 11371.064 Thread 0x000001aec4528000 Implicit null exception at 0x000001aeb448c73d to 0x000001aeb448d36c
Event: 11371.064 Thread 0x000001aec4528000 Implicit null exception at 0x000001aeb448c73d to 0x000001aeb448d36c
Event: 11371.066 Thread 0x000001aec4528000 Implicit null exception at 0x000001aeb448c73d to 0x000001aeb448d36c
Event: 11371.067 Thread 0x000001aec4528000 Implicit null exception at 0x000001aeb448c73d to 0x000001aeb448d36c
Event: 11557.817 Thread 0x000001aec4527000 Exception <a 'java/net/SocketException'{0x00000000887a8a40}: Socket closed> (0x00000000887a8a40) thrown at [./src/hotspot/share/prims/jni.cpp, line 636]
Event: 11631.083 Thread 0x000001aec4523000 Exception <a 'sun/net/ConnectionResetException'{0x0000000087d8d668}: > (0x0000000087d8d668) thrown at [./src/hotspot/share/prims/jni.cpp, line 636]
Event: 11631.083 Thread 0x000001aec4523000 Exception <a 'java/net/SocketException'{0x0000000087d8f368}: Connection reset by peer: socket write error> (0x0000000087d8f368) thrown at [./src/hotspot/share/prims/jni.cpp, line 636]
Event: 11685.624 Thread 0x000001aec4520800 Exception <a 'java/net/SocketTimeoutException'{0x0000000086ae33a8}: Read timed out> (0x0000000086ae33a8) thrown at [./src/hotspot/share/prims/jni.cpp, line 636]
Event: 11689.275 Thread 0x000001aec4524000 Exception <a 'java/net/SocketTimeoutException'{0x000000008ac401c8}: Read timed out> (0x000000008ac401c8) thrown at [./src/hotspot/share/prims/jni.cpp, line 636]
Event: 11696.488 Thread 0x000001aec4523000 Exception <a 'java/net/SocketException'{0x000000008ac043c8}: Socket closed> (0x000000008ac043c8) thrown at [./src/hotspot/share/prims/jni.cpp, line 636]
Event: 11808.668 Thread 0x000001aec4524000 Exception <a 'sun/net/ConnectionResetException'{0x00000000896d07f0}: > (0x00000000896d07f0) thrown at [./src/hotspot/share/prims/jni.cpp, line 636]
Event: 11808.668 Thread 0x000001aec4524000 Exception <a 'java/net/SocketException'{0x0000000089500410}: Connection reset by peer: socket write error> (0x0000000089500410) thrown at [./src/hotspot/share/prims/jni.cpp, line 636]
Event: 14473.757 Thread 0x000001aec452a800 Exception <a 'sun/net/ConnectionResetException'{0x0000000088bb7dc8}: > (0x0000000088bb7dc8) thrown at [./src/hotspot/share/prims/jni.cpp, line 636]
Event: 14473.757 Thread 0x000001aec452a800 Exception <a 'java/net/SocketException'{0x0000000088be9e98}: Connection reset by peer: socket write error> (0x0000000088be9e98) thrown at [./src/hotspot/share/prims/jni.cpp, line 636]
Event: 14473.777 Thread 0x000001aec452b800 Exception <a 'java/net/UnknownHostException'{0x0000000088bf9b58}> (0x0000000088bf9b58) thrown at [./src/hotspot/share/prims/jni.cpp, line 615]
Event: 14481.512 Thread 0x000001aec5630800 Exception <a 'java/net/SocketException'{0x0000000088968270}: Network is unreachable: recv failed> (0x0000000088968270) thrown at [./src/hotspot/share/prims/jni.cpp, line 636]
Event: 14481.512 Thread 0x000001aec5630800 Exception <a 'java/net/SocketException'{0x0000000088969278}: Connection reset by peer: socket write error> (0x0000000088969278) thrown at [./src/hotspot/share/prims/jni.cpp, line 636]
Event: 14494.059 Thread 0x000001aec4524000 Exception <a 'java/net/SocketException'{0x000000008873a418}: Socket closed> (0x000000008873a418) thrown at [./src/hotspot/share/prims/jni.cpp, line 636]
Event: 15196.850 Thread 0x000001aec4523000 Exception <a 'sun/net/ConnectionResetException'{0x0000000088480258}: > (0x0000000088480258) thrown at [./src/hotspot/share/prims/jni.cpp, line 636]
Event: 15196.851 Thread 0x000001aec4523000 Exception <a 'java/net/SocketException'{0x00000000884815f0}: Connection reset by peer: socket write error> (0x00000000884815f0) thrown at [./src/hotspot/share/prims/jni.cpp, line 636]

Events (20 events):
Event: 22457.044 loading class java/lang/CharacterData01
Event: 22457.053 loading class java/lang/CharacterData01 done
Event: 22457.054 Executing VM operation: Deoptimize
Event: 22457.065 Executing VM operation: Deoptimize done
Event: 22508.721 Executing VM operation: RevokeBias
Event: 22508.721 Executing VM operation: RevokeBias done
Event: 22508.736 Executing VM operation: RevokeBias
Event: 22508.736 Executing VM operation: RevokeBias done
Event: 22508.736 Thread 0x000001aec4529000 Thread exited: 0x000001aec4529000
Event: 22508.736 Executing VM operation: RevokeBias
Event: 22508.736 Executing VM operation: RevokeBias done
Event: 22508.736 Thread 0x000001aec4522800 Thread exited: 0x000001aec4522800
Event: 22508.736 Executing VM operation: RevokeBias
Event: 22508.737 Executing VM operation: RevokeBias done
Event: 22508.737 Thread 0x000001aec4526800 Thread added: 0x000001aec4526800
Event: 22508.738 Thread 0x000001aec4522800 Thread added: 0x000001aec4522800
Event: 22508.738 Thread 0x000001aec4528000 Thread exited: 0x000001aec4528000
Event: 22508.738 Executing VM operation: RevokeBias
Event: 22508.738 Executing VM operation: RevokeBias done
Event: 22508.738 Thread 0x000001aec4526800 Thread exited: 0x000001aec4526800


Dynamic libraries:
0x00007ff635150000 - 0x00007ff63515d000 	C:\Program Files\AdoptOpenJDK\jdk-11.0.9.101-hotspot\bin\java.exe
0x00007ffd99760000 - 0x00007ffd99950000 	C:\Windows\SYSTEM32\ntdll.dll
0x00007ffd98c70000 - 0x00007ffd98d22000 	C:\Windows\System32\KERNEL32.DLL
0x00007ffd97270000 - 0x00007ffd97513000 	C:\Windows\System32\KERNELBASE.dll
0x00007ffd968c0000 - 0x00007ffd969ba000 	C:\Windows\System32\ucrtbase.dll
0x00007ffd7eb50000 - 0x00007ffd7eb67000 	C:\Program Files\AdoptOpenJDK\jdk-11.0.9.101-hotspot\bin\jli.dll
0x00007ffd7eb70000 - 0x00007ffd7eb85000 	C:\Program Files\AdoptOpenJDK\jdk-11.0.9.101-hotspot\bin\VCRUNTIME140.dll
0x00007ffd988c0000 - 0x00007ffd98a54000 	C:\Windows\System32\USER32.dll
0x00007ffd97570000 - 0x00007ffd97591000 	C:\Windows\System32\win32u.dll
0x00007ffd7a640000 - 0x00007ffd7a8c5000 	C:\Windows\WinSxS\amd64_microsoft.windows.common-controls_6595b64144ccf1df_6.0.18362.720_none_e6beb5c51314836b\COMCTL32.dll
0x00007ffd993b0000 - 0x00007ffd993d6000 	C:\Windows\System32\GDI32.dll
0x00007ffd98d80000 - 0x00007ffd98e1e000 	C:\Windows\System32\msvcrt.dll
0x00007ffd97670000 - 0x00007ffd97804000 	C:\Windows\System32\gdi32full.dll
0x00007ffd993e0000 - 0x00007ffd99716000 	C:\Windows\System32\combase.dll
0x00007ffd98ff0000 - 0x00007ffd99110000 	C:\Windows\System32\RPCRT4.dll
0x00007ffd97140000 - 0x00007ffd971de000 	C:\Windows\System32\msvcp_win.dll
0x00007ffd966f0000 - 0x00007ffd96770000 	C:\Windows\System32\bcryptPrimitives.dll
0x00007ffd98d40000 - 0x00007ffd98d6e000 	C:\Windows\System32\IMM32.DLL
0x00007ffd56f90000 - 0x00007ffd5702b000 	C:\Program Files\AdoptOpenJDK\jdk-11.0.9.101-hotspot\bin\msvcp140.dll
0x00007ffd1a920000 - 0x00007ffd1b463000 	C:\Program Files\AdoptOpenJDK\jdk-11.0.9.101-hotspot\bin\server\jvm.dll
0x00007ffd97900000 - 0x00007ffd979a3000 	C:\Windows\System32\ADVAPI32.dll
0x00007ffd980c0000 - 0x00007ffd98157000 	C:\Windows\System32\sechost.dll
0x00007ffd98d70000 - 0x00007ffd98d78000 	C:\Windows\System32\PSAPI.DLL
0x00007ffd94390000 - 0x00007ffd943b4000 	C:\Windows\SYSTEM32\WINMM.dll
0x00007ffd7f3a0000 - 0x00007ffd7f3a9000 	C:\Windows\SYSTEM32\WSOCK32.dll
0x00007ffd8ef60000 - 0x00007ffd8ef6a000 	C:\Windows\SYSTEM32\VERSION.dll
0x00007ffd98e30000 - 0x00007ffd98e9f000 	C:\Windows\System32\WS2_32.dll
0x00007ffd94330000 - 0x00007ffd9435d000 	C:\Windows\SYSTEM32\winmmbase.dll
0x00007ffd97520000 - 0x00007ffd9756a000 	C:\Windows\System32\cfgmgr32.dll
0x00007ffd96680000 - 0x00007ffd96691000 	C:\Windows\System32\kernel.appcore.dll
0x00007ffd7b240000 - 0x00007ffd7b250000 	C:\Program Files\AdoptOpenJDK\jdk-11.0.9.101-hotspot\bin\verify.dll
0x00007ffd93af0000 - 0x00007ffd93ce4000 	C:\Windows\SYSTEM32\DBGHELP.DLL
0x00007ffd5ef10000 - 0x00007ffd5ef3a000 	C:\Windows\SYSTEM32\dbgcore.DLL
0x00007ffd77440000 - 0x00007ffd77468000 	C:\Program Files\AdoptOpenJDK\jdk-11.0.9.101-hotspot\bin\java.dll
0x00007ffd79900000 - 0x00007ffd7990a000 	C:\Program Files\AdoptOpenJDK\jdk-11.0.9.101-hotspot\bin\jimage.dll
0x00007ffd793e0000 - 0x00007ffd793f7000 	C:\Program Files\AdoptOpenJDK\jdk-11.0.9.101-hotspot\bin\zip.dll
0x00007ffd979d0000 - 0x00007ffd980b5000 	C:\Windows\System32\SHELL32.dll
0x00007ffd99300000 - 0x00007ffd993a9000 	C:\Windows\System32\shcore.dll
0x00007ffd969c0000 - 0x00007ffd97140000 	C:\Windows\System32\windows.storage.dll
0x00007ffd966c0000 - 0x00007ffd966e3000 	C:\Windows\System32\profapi.dll
0x00007ffd96630000 - 0x00007ffd9667a000 	C:\Windows\System32\powrprof.dll
0x00007ffd96620000 - 0x00007ffd96630000 	C:\Windows\System32\UMPDC.dll
0x00007ffd98a60000 - 0x00007ffd98ab2000 	C:\Windows\System32\shlwapi.dll
0x00007ffd97650000 - 0x00007ffd97667000 	C:\Windows\System32\cryptsp.dll
0x00007ffd72750000 - 0x00007ffd72769000 	C:\Program Files\AdoptOpenJDK\jdk-11.0.9.101-hotspot\bin\net.dll
0x00007ffd875c0000 - 0x00007ffd876b1000 	C:\Windows\SYSTEM32\WINHTTP.dll
0x00007ffd95e90000 - 0x00007ffd95ef7000 	C:\Windows\system32\mswsock.dll
0x00007ffd726e0000 - 0x00007ffd726f2000 	C:\Program Files\AdoptOpenJDK\jdk-11.0.9.101-hotspot\bin\nio.dll
0x00007ffd798b0000 - 0x00007ffd798be000 	C:\Program Files\AdoptOpenJDK\jdk-11.0.9.101-hotspot\bin\sunmscapi.dll
0x00007ffd96770000 - 0x00007ffd968b9000 	C:\Windows\System32\CRYPT32.dll
0x00007ffd966a0000 - 0x00007ffd966b2000 	C:\Windows\System32\MSASN1.dll
0x00007ffd96160000 - 0x00007ffd96186000 	C:\Windows\SYSTEM32\ncrypt.dll
0x00007ffd971e0000 - 0x00007ffd97206000 	C:\Windows\System32\bcrypt.dll
0x00007ffd96120000 - 0x00007ffd9615b000 	C:\Windows\SYSTEM32\NTASN1.dll
0x00007ffd68d90000 - 0x00007ffd68db5000 	C:\Program Files\AdoptOpenJDK\jdk-11.0.9.101-hotspot\bin\sunec.dll
0x00007ffd95a00000 - 0x00007ffd95a33000 	C:\Windows\system32\rsaenh.dll
0x00007ffd96510000 - 0x00007ffd96535000 	C:\Windows\SYSTEM32\USERENV.dll
0x00007ffd96060000 - 0x00007ffd9606c000 	C:\Windows\SYSTEM32\CRYPTBASE.dll
0x00007ffd95ba0000 - 0x00007ffd95bda000 	C:\Windows\SYSTEM32\IPHLPAPI.DLL
0x00007ffd98e20000 - 0x00007ffd98e28000 	C:\Windows\System32\NSI.dll
0x00007ffd8a6e0000 - 0x00007ffd8a6f6000 	C:\Windows\SYSTEM32\dhcpcsvc6.DLL
0x00007ffd8a6c0000 - 0x00007ffd8a6dc000 	C:\Windows\SYSTEM32\dhcpcsvc.DLL
0x00007ffd95be0000 - 0x00007ffd95caa000 	C:\Windows\SYSTEM32\DNSAPI.dll
0x00007ffd87360000 - 0x00007ffd8736a000 	C:\Windows\System32\rasadhlp.dll
0x00007ffd8a2e0000 - 0x00007ffd8a357000 	C:\Windows\System32\fwpuclnt.dll
0x00007ffd57080000 - 0x00007ffd570a1000 	C:\Users\Sabjen\AppData\Local\Temp\lava-jni-natives\1607776793574\udpqueue.dll
0x0000000063c80000 - 0x0000000063cea000 	C:\Users\Sabjen\AppData\Local\Temp\lava-jni-natives\1607777693024\libmpg123-0.dll
0x00007ffd300d0000 - 0x00007ffd30322000 	C:\Users\Sabjen\AppData\Local\Temp\lava-jni-natives\1607777693031\connector.dll
0x00007ffd139c0000 - 0x00007ffd13b59000 	C:\Program Files\AdoptOpenJDK\jdk-11.0.9.101-hotspot\bin\awt.dll
0x00007ffd98220000 - 0x00007ffd982e4000 	C:\Windows\System32\OLEAUT32.dll
0x00007ffd944d0000 - 0x00007ffd9455f000 	C:\Windows\SYSTEM32\apphelp.dll

dbghelp: loaded successfully - version: 4.0.5 - missing functions: none
symbol engine: initialized successfully - sym options: 0x614 - pdb path: .;C:\Program Files\AdoptOpenJDK\jdk-11.0.9.101-hotspot\bin;C:\Windows\SYSTEM32;C:\Windows\WinSxS\amd64_microsoft.windows.common-controls_6595b64144ccf1df_6.0.18362.720_none_e6beb5c51314836b;C:\Program Files\AdoptOpenJDK\jdk-11.0.9.101-hotspot\bin\server;C:\Users\Sabjen\AppData\Local\Temp\lava-jni-natives\1607776793574;C:\Users\Sabjen\AppData\Local\Temp\lava-jni-natives\1607777693024;C:\Users\Sabjen\AppData\Local\Temp\lava-jni-natives\1607777693031

VM Arguments:
jvm_args: -Dfile.encoding=windows-1252 -Duser.country=US -Duser.language=en -Duser.variant 
java_command: sabjen.DiscordBot.Bot
java_class_path (initial): D:\Projects\Discord Bot\build\classes\java\main;D:\Projects\Discord Bot\build\resources\main;C:\Users\Sabjen\.gradle\caches\modules-2\files-2.1\org.json\json\20200518\41a767de4bde8f01d53856b905c49b2db8862f13\json-20200518.jar;C:\Users\Sabjen\.gradle\caches\modules-2\files-2.1\net.dv8tion\JDA\4.2.0_222\338fe4b3f636f026ac6268b04a40cab6eb53c6ee\JDA-4.2.0_222.jar;C:\Users\Sabjen\.gradle\caches\modules-2\files-2.1\com.sedmelluq\jda-nas\1.1.0\289911f8d4a3267db61841efb917cf95529f986e\jda-nas-1.1.0.jar;C:\Users\Sabjen\.gradle\caches\modules-2\files-2.1\com.google.apis\google-api-services-youtube\v3-rev222-1.25.0\2c5ece21466dbb3888b8773ff9fdc5fd431b8e05\google-api-services-youtube-v3-rev222-1.25.0.jar;C:\Users\Sabjen\.gradle\caches\modules-2\files-2.1\ch.qos.logback\logback-classic\1.2.3\7c4f3c474fb2c041d8028740440937705ebb473a\logback-classic-1.2.3.jar;C:\Users\Sabjen\.gradle\caches\modules-2\files-2.1\com.sedmelluq\lavaplayer\1.3.63\d9c476f02256552a22cbb6e833c5072bbdc1aa11\lavaplayer-1.3.63.jar;C:\Users\Sabjen\.gradle\caches\modules-2\files-2.1\com.google.code.gson\gson\2.8.6\9180733b7df8542621dc12e21e87557e8c99b8cb\gson-2.8.6.jar;C:\Users\Sabjen\.gradle\caches\modules-2\files-2.1\com.google.api-client\google-api-client\1.25.0\e7ff725e89ff5dcbed107be1a24e8102ae2441ee\google-api-client-1.25.0.jar;C:\Users\Sabjen\.gradle\caches\modules-2\files-2.1\com.google.oauth-client\google-oauth-client\1.25.0\c9ee14e8b095b4b301b28d57755cc482b8d6f39f\google-oauth-client-1.25.0.jar;C:\Users\Sabjen\.gradle\caches\modules-2\files-2.1\com.google.http-client\google-http-client-jackson2\1.25.0\7c5c89bd4d0d34d9f1cb3396e8da6233e5074b5c\google-http-client-jackson2-1.25.0.jar;C:\Users\Sabjen\.gradle\caches\modules-2\files-2.1\com.google.http-client\google-http-client\1.25.0\5fb16523c393bfe0210c29db44742bd308311841\google-http-client-1.25.0.jar;C:\Users\Sabjen\.gradle\caches\modules-2\files-2.1\com.google.code.findbugs\jsr305\3.0.2\25ea2e8b0c338a877313bd4672d3fe056ea78f
Launcher Type: SUN_STANDARD

[Global flags]
     intx CICompilerCount                          = 4                                         {product} {ergonomic}
     uint ConcGCThreads                            = 3                                         {product} {ergonomic}
     uint G1ConcRefinementThreads                  = 10                                        {product} {ergonomic}
   size_t G1HeapRegionSize                         = 1048576                                   {product} {ergonomic}
    uintx GCDrainStackTargetSize                   = 64                                        {product} {ergonomic}
   size_t InitialHeapSize                          = 132120576                                 {product} {ergonomic}
   size_t MarkStackSize                            = 4194304                                   {product} {ergonomic}
   size_t MaxHeapSize                              = 2097152000                                {product} {ergonomic}
   size_t MaxNewSize                               = 1258291200                                {product} {ergonomic}
   size_t MinHeapDeltaBytes                        = 1048576                                   {product} {ergonomic}
    uintx NonNMethodCodeHeapSize                   = 5836300                                {pd product} {ergonomic}
    uintx NonProfiledCodeHeapSize                  = 122910970                              {pd product} {ergonomic}
    uintx ProfiledCodeHeapSize                     = 122910970                              {pd product} {ergonomic}
    uintx ReservedCodeCacheSize                    = 251658240                              {pd product} {ergonomic}
     bool SegmentedCodeCache                       = true                                      {product} {ergonomic}
     bool UseCompressedClassPointers               = true                                 {lp64_product} {ergonomic}
     bool UseCompressedOops                        = true                                 {lp64_product} {ergonomic}
     bool UseG1GC                                  = true                                      {product} {ergonomic}
     bool UseLargePagesIndividualAllocation        = false                                  {pd product} {ergonomic}

Logging:
Log output configuration:
 #0: stdout all=warning uptime,level,tags
 #1: stderr all=off uptime,level,tags

Environment Variables:
JAVA_HOME=C:\Program Files\AdoptOpenJDK\jdk-11.0.9.101-hotspot\
CLASSPATH=D:\Projects\Discord Bot\\gradle\wrapper\gradle-wrapper.jar
PATH=C:\Program Files\AdoptOpenJDK\jdk-11.0.9.101-hotspot\bin;C:\Program Files (x86)\Common Files\Oracle\Java\javapath;C:\Windows\system32;C:\Windows;C:\Windows\System32\Wbem;C:\Windows\System32\WindowsPowerShell\v1.0\;C:\Windows\System32\OpenSSH\;C:\Program Files\NVIDIA Corporation\NVIDIA NvDLISR;C:\Program Files (x86)\NVIDIA Corporation\PhysX\Common;D:\Software\Processing 3\processing-java.exe;;C:\TDM-GCC-32\bin;C:\Users\Sabjen\AppData\Local\Microsoft\WindowsApps;C:\Users\Sabjen\AppData\Local\atom\bin;D:\Software\Microsoft VS Code\bin;D:\Software\Processing 3\processing-java.exe;
USERNAME=Sabjen
OS=Windows_NT
PROCESSOR_IDENTIFIER=Intel64 Family 6 Model 158 Stepping 10, GenuineIntel



---------------  S Y S T E M  ---------------

OS: Windows 10 , 64 bit Build 18362 (10.0.18362.329)
OS uptime: 0 days 7:45 hours

CPU:total 12 (initial active 12) (6 cores per cpu, 2 threads per core) family 6 model 158 stepping 10, cmov, cx8, fxsr, mmx, sse, sse2, sse3, ssse3, sse4.1, sse4.2, popcnt, avx, avx2, aes, clmul, erms, 3dnowpref, lzcnt, ht, tsc, tscinvbit, bmi1, bmi2, adx, fma

Memory: 4k page, system-wide physical 7999M (3519M free)
TotalPageFile size 19263M (AvailPageFile size 10435M)
current process WorkingSet (physical memory assigned to process): 56M, peak: 191M
current process commit charge ("private bytes"): 258M, peak: 301M

vm_info: OpenJDK 64-Bit Server VM (11.0.9.1+1) for windows-amd64 JRE (11.0.9.1+1), built on Nov 10 2020 15:18:49 by "" with MS VC++ 15.9 (VS2017)

END.
