#
# A fatal error has been detected by the Java Runtime Environment:
#
#  EXCEPTION_ACCESS_VIOLATION (0xc0000005) at pc=0x00007ffd1e7c72a6, pid=14836, tid=11216
#
# JRE version: OpenJDK Runtime Environment AdoptOpenJDK (11.0.9.1+1) (build 11.0.9.1+1)
# Java VM: OpenJDK 64-Bit Server VM AdoptOpenJDK (11.0.9.1+1, mixed mode, tiered, compressed oops, g1 gc, windows-amd64)
# Problematic frame:
# C  [ntdll.dll+0x72a6]
#
# No core dump will be written. Minidumps are not enabled by default on client versions of Windows
#
# If you would like to submit a bug report, please visit:
#   https://github.com/AdoptOpenJDK/openjdk-support/issues
# The crash happened outside the Java Virtual Machine in native code.
# See problematic frame for where to report the bug.
#

---------------  S U M M A R Y ------------

Command Line: -Dfile.encoding=windows-1252 -Duser.country=US -Duser.language=en -Duser.variant sabjen.DiscordBot.Bot

Host: Intel(R) Core(TM) i7-9750H CPU @ 2.60GHz, 12 cores, 7G,  Windows 10 , 64 bit Build 18362 (10.0.18362.329)
Time: Thu Jan 21 20:31:09 2021 GTB Standard Time elapsed time: 34201.891095 seconds (0d 9h 30m 1s)

---------------  T H R E A D  ---------------

Current thread (0x00000245986de000):  JavaThread "Thread-136" daemon [_thread_in_native, id=11216, stack(0x0000007cac800000,0x0000007cac900000)]

Stack: [0x0000007cac800000,0x0000007cac900000],  sp=0x0000007cac8fed00,  free space=1019k
Native frames: (J=compiled Java code, j=interpreted, Vv=VM code, C=native code)
C  [ntdll.dll+0x72a6]
C  [ntdll.dll+0x1b5f6]
C  [ntdll.dll+0x1b440]
C  [udpqueue.dll+0x1375]

Java frames: (J=compiled Java code, j=interpreted, Vv=VM code)
j  com.sedmelluq.discord.lavaplayer.udpqueue.natives.UdpQueueManagerLibrary.process(J)V+0
j  com.sedmelluq.discord.lavaplayer.udpqueue.natives.UdpQueueManager.process()V+8
j  com.sedmelluq.discord.lavaplayer.jdaudp.NativeAudioSendFactory$$Lambda$202.run()V+4
J 6618 c1 java.lang.Thread.run()V java.base@11.0.9.1 (17 bytes) @ 0x0000024588daa9f4 [0x0000024588daa8c0+0x0000000000000134]
v  ~StubRoutines::call_stub

siginfo: EXCEPTION_ACCESS_VIOLATION (0xc0000005), writing address 0x0000000000000024


Register to memory mapping:

RIP=0x00007ffd1e7c72a6 ntdll.dll
RAX=0x0 is NULL
RBX=0x0000024599a8c900 points into unknown readable memory: 00 00 00 00 00 00 00 00
RCX=0x0000024599a8c900 points into unknown readable memory: 00 00 00 00 00 00 00 00
RDX=
[error occurred during error reporting (printing register info), id 0xc0000005, EXCEPTION_ACCESS_VIOLATION (0xc0000005) at pc=0x00007ffc846cb196]

Registers:
RAX=0x0000000000000000, RBX=0x0000024599a8c900, RCX=0x0000024599a8c900, RDX=0x00000000fffffffa
RSP=0x0000007cac8fed00, RBP=0x0000007cac8fef00, RSI=0x0000000000000000, RDI=0x0000000000000000
R8 =0x0000000000000000, R9 =0x0000024599a8c900, R10=0x00000000000003f9, R11=0x0000007cac8fedf0
R12=0x0000000000000000, R13=0x0000007ca496f000, R14=0x0000000000000001, R15=0x0000000000000000
RIP=0x00007ffd1e7c72a6, EFLAGS=0x0000000000010213

Top of Stack: (sp=0x0000007cac8fed00)
0x0000007cac8fed00:   ffffffffffffffff 0000024599a8c900
0x0000007cac8fed10:   0000000000000008 000002459933a1c0
0x0000007cac8fed20:   0000007cac8fedc0 11d026d4f9eab0c0
0x0000007cac8fed30:   e4346c00aa00bfbb 000034176a760212
0x0000007cac8fed40:   00000245f80a6000 00000245fffffffa
0x0000007cac8fed50:   0000007ca496f000 0000000000000017
0x0000007cac8fed60:   00000245f80a6060 0000000000000002
0x0000007cac8fed70:   0000000000000000 00007ffd1d8867be
0x0000007cac8fed80:   0000000000000000 0000000000000000
0x0000007cac8fed90:   0000a0c558b8cd7d 0000000000000002
0x0000007cac8feda0:   00000245986de000 0000000000000001
0x0000007cac8fedb0:   0000000000000001 0000000000000001
0x0000007cac8fedc0:   0000000000000000 0000024599a8c900
0x0000007cac8fedd0:   0000007cac8fef00 00007ffd1e7db5f6
0x0000007cac8fede0:   00000245f603b040 00007ffd00000000
0x0000007cac8fedf0:   00000000fffffffa 0000007cac8fefb8 

Instructions: (pc=0x00007ffd1e7c72a6)
0x00007ffd1e7c71a6:   eb e8 48 8b c1 48 33 c2 83 e0 03 48 33 c8 e9 d8
0x00007ffd1e7c71b6:   fe ff ff 49 83 63 18 00 49 8b 40 20 49 89 43 20
0x00007ffd1e7c71c6:   e9 ed fe ff ff 48 89 41 18 e9 e4 fe ff ff cc cc
0x00007ffd1e7c71d6:   cc cc cc cc cc cc cc cc cc cc 80 3d 21 e2 15 00
0x00007ffd1e7c71e6:   00 0f 95 c0 c3 cc cc cc cc cc cc cc cc cc cc cc
0x00007ffd1e7c71f6:   cc cc cc cc cc cc cc cc cc cc 48 89 5c 24 18 55
0x00007ffd1e7c7206:   56 57 41 54 41 55 41 56 41 57 48 81 ec a0 00 00
0x00007ffd1e7c7216:   00 48 8b 05 c2 62 17 00 48 33 c4 48 89 84 24 90
0x00007ffd1e7c7226:   00 00 00 65 4c 8b 2c 25 30 00 00 00 48 8d 05 bf
0x00007ffd1e7c7236:   82 15 00 40 32 ed 89 54 24 48 33 f6 40 88 6c 24
0x00007ffd1e7c7246:   40 4c 89 6c 24 50 48 8b d9 44 8b e6 48 3b c8 0f
0x00007ffd1e7c7256:   84 38 01 00 00 40 38 35 a6 e1 15 00 0f 85 9b 01
0x00007ffd1e7c7266:   00 00 39 35 ba e1 15 00 0f 85 5d 01 00 00 40 38
0x00007ffd1e7c7276:   35 7d dc 15 00 48 8d 3d 7e dc 15 00 48 0f 45 fe
0x00007ffd1e7c7286:   48 39 73 18 0f 84 d1 00 00 00 48 8b 03 48 83 f8
0x00007ffd1e7c7296:   ff 0f 84 d1 00 00 00 44 8b fe 48 83 f8 ff 74 03
0x00007ffd1e7c72a6:   ff 40 24 4c 8b 73 18 4c 8d 2d 44 82 15 00 bd 22
0x00007ffd1e7c72b6:   17 00 00 e8 f2 89 03 00 85 c0 0f 85 de 0b 0a 00
0x00007ffd1e7c72c6:   b9 82 03 fe 7f 80 39 00 0f 85 ec 0b 0a 00 49 83
0x00007ffd1e7c72d6:   fe ff 0f 85 7a 0c 0a 00 4c 8b cf c7 44 24 20 00
0x00007ffd1e7c72e6:   00 00 00 41 b8 04 00 00 00 48 8d 54 24 48 48 8d
0x00007ffd1e7c72f6:   4b 08 e8 27 01 00 00 3d 02 01 00 00 0f 84 63 0c
0x00007ffd1e7c7306:   0a 00 8b 4b 08 89 4c 24 48 f6 c1 02 75 ca 3d 02
0x00007ffd1e7c7316:   01 00 00 0f 84 4c 0c 0a 00 0f b6 6c 24 40 4c 8b
0x00007ffd1e7c7326:   6c 24 50 85 c0 0f 88 0d 0d 0a 00 40 84 ed 75 72
0x00007ffd1e7c7336:   48 8b 8c 24 90 00 00 00 48 33 cc e8 6a 4e 08 00
0x00007ffd1e7c7346:   48 8b 9c 24 f0 00 00 00 48 81 c4 a0 00 00 00 41
0x00007ffd1e7c7356:   5f 41 5e 41 5d 41 5c 5f 5e 5d c3 48 8b cb e8 e7
0x00007ffd1e7c7366:   04 00 00 e9 22 ff ff ff 8b 4b 20 48 c7 c0 ff ff
0x00007ffd1e7c7376:   ff ff 48 0f ba e1 18 0f 82 1a ff ff ff 48 8b cb
0x00007ffd1e7c7386:   e8 35 c7 02 00 48 8b 03 e9 0a ff ff ff c6 44 24
0x00007ffd1e7c7396:   40 01 41 c7 85 60 17 00 00 01 00 00 00 e9 b3 fe 


Stack slot to memory mapping:
stack at sp + 0 slots: 0xffffffffffffffff is an unknown value
stack at sp + 1 slots: 0x0000024599a8c900 points into unknown readable memory: 00 00 00 00 00 00 00 00
stack at sp + 2 slots: 0x0000000000000008 is an unknown value
stack at sp + 3 slots: 0x000002459933a1c0 points into unknown readable memory: 30 d8 f9 97 45 02 00 00
stack at sp + 4 slots: 0x0000007cac8fedc0 is pointing into the stack for thread: 0x00000245986de000
stack at sp + 5 slots: 0x11d026d4f9eab0c0 is an unknown value
stack at sp + 6 slots: 0xe4346c00aa00bfbb is an unknown value
stack at sp + 7 slots: 0x000034176a760212 is an unknown value


---------------  P R O C E S S  ---------------

Threads class SMR info:
_java_thread_list=0x00000245995c14f0, length=107, elements={
0x00000245ffdcc000, 0x00000245ffdd4800, 0x0000024597e63000, 0x0000024597e64000,
0x0000024597e65000, 0x0000024597e66000, 0x0000024597e6d000, 0x0000024597fe0800,
0x0000024597fe4800, 0x0000024598d56800, 0x0000024598954800, 0x0000024598ecc000,
0x000002459928f800, 0x000002459970b000, 0x0000024599711800, 0x0000024599710800,
0x000002459970f000, 0x000002459970b800, 0x000002459970d000, 0x000002459970e000,
0x0000024598801800, 0x00000245987fe000, 0x0000024598800800, 0x000002459880a800,
0x000002459880b000, 0x00000245987fc800, 0x0000024598804000, 0x0000024598805800,
0x0000024598808800, 0x0000024598ede000, 0x0000024598edc000, 0x0000024598ee7800,
0x0000024598ee0000, 0x0000024598ee8800, 0x0000024598ee2000, 0x0000024598ee6800,
0x0000024598ee5000, 0x00000245987ff000, 0x0000024598808000, 0x0000024598804800,
0x0000024598ee2800, 0x0000024598ee1000, 0x0000024598803000, 0x0000024598802000,
0x0000024598ee3800, 0x0000024598ee6000, 0x000002459970c800, 0x00000245987ff800,
0x0000024598806000, 0x0000024598edd000, 0x0000024598ee4800, 0x0000024598ede800,
0x0000024598ee9000, 0x0000024598edb800, 0x0000024598eea000, 0x00000245987fd000,
0x0000024598809800, 0x0000024598807000, 0x00000245985b2000, 0x00000245985ae800,
0x00000245985af800, 0x00000245985b3800, 0x00000245985b0800, 0x00000245985ae000,
0x00000245985b3000, 0x00000245985b4800, 0x00000245985b7000, 0x00000245985b5800,
0x00000245985b1000, 0x00000245985bb000, 0x00000245985b9800, 0x00000245985b8800,
0x00000245985b7800, 0x00000245985bc000, 0x00000245985b6000, 0x00000245985bc800,
0x000002459970f800, 0x0000024598195800, 0x0000024598199000, 0x000002459819a800,
0x000002459819d800, 0x0000024598199800, 0x0000024598198000, 0x00000245981a0000,
0x0000024598196800, 0x000002459819b000, 0x0000024598197000, 0x000002459819d000,
0x000002459819c000, 0x00000245981a3800, 0x000002459819e800, 0x00000245981a1000,
0x00000245981a4000, 0x00000245981a2800, 0x000002459819f800, 0x00000245981a1800,
0x00000245986d7000, 0x00000245986d5000, 0x00000245986d3800, 0x00000245986d7800,
0x00000245986d4800, 0x00000245986d2000, 0x00000245986d6000, 0x00000245986d8800,
0x00000245986d3000, 0x00000245986de000, 0x00000245986db000
}

Java Threads: ( => current thread )
  0x00000245ffdcc000 JavaThread "Reference Handler" daemon [_thread_blocked, id=2036, stack(0x0000007ca5500000,0x0000007ca5600000)]
  0x00000245ffdd4800 JavaThread "Finalizer" daemon [_thread_blocked, id=1868, stack(0x0000007ca5600000,0x0000007ca5700000)]
  0x0000024597e63000 JavaThread "Signal Dispatcher" daemon [_thread_blocked, id=14792, stack(0x0000007ca5700000,0x0000007ca5800000)]
  0x0000024597e64000 JavaThread "Attach Listener" daemon [_thread_blocked, id=14908, stack(0x0000007ca5800000,0x0000007ca5900000)]
  0x0000024597e65000 JavaThread "C2 CompilerThread0" daemon [_thread_blocked, id=3544, stack(0x0000007ca5900000,0x0000007ca5a00000)]
  0x0000024597e66000 JavaThread "C1 CompilerThread0" daemon [_thread_blocked, id=11060, stack(0x0000007ca5a00000,0x0000007ca5b00000)]
  0x0000024597e6d000 JavaThread "Sweeper thread" daemon [_thread_blocked, id=1800, stack(0x0000007ca5b00000,0x0000007ca5c00000)]
  0x0000024597fe0800 JavaThread "Service Thread" daemon [_thread_blocked, id=16308, stack(0x0000007ca5c00000,0x0000007ca5d00000)]
  0x0000024597fe4800 JavaThread "Common-Cleaner" daemon [_thread_blocked, id=10608, stack(0x0000007ca5e00000,0x0000007ca5f00000)]
  0x0000024598d56800 JavaThread "JDA RateLimit-Worker 1" [_thread_blocked, id=440, stack(0x0000007ca6100000,0x0000007ca6200000)]
  0x0000024598954800 JavaThread "JDA RateLimit-Worker 2" [_thread_blocked, id=5332, stack(0x0000007ca6200000,0x0000007ca6300000)]
  0x0000024598ecc000 JavaThread "ForkJoinPool.commonPool-worker-19" daemon [_thread_blocked, id=10556, stack(0x0000007ca7200000,0x0000007ca7300000)]
  0x000002459928f800 JavaThread "JDA RateLimit-Worker 3" [_thread_blocked, id=5700, stack(0x0000007ca7300000,0x0000007ca7400000)]
  0x000002459970b000 JavaThread "JDA Gateway-Worker 1" daemon [_thread_blocked, id=14916, stack(0x0000007ca7500000,0x0000007ca7600000)]
  0x0000024599711800 JavaThread "lava-daemon-pool-manager-3-thread-1" daemon [_thread_blocked, id=4196, stack(0x0000007ca7600000,0x0000007ca7700000)]
  0x0000024599710800 JavaThread "pool-1-thread-1" [_thread_blocked, id=11772, stack(0x0000007ca7700000,0x0000007ca7800000)]
  0x000002459970f000 JavaThread "pool-2-thread-1" [_thread_blocked, id=4504, stack(0x0000007ca7800000,0x0000007ca7900000)]
  0x000002459970b800 JavaThread "DestroyJavaVM" [_thread_blocked, id=14980, stack(0x0000007ca4e00000,0x0000007ca4f00000)]
  0x000002459970d000 JavaThread "JDA RateLimit-Worker 4" [_thread_blocked, id=13900, stack(0x0000007ca7400000,0x0000007ca7500000)]
  0x000002459970e000 JavaThread "JDA RateLimit-Worker 5" [_thread_blocked, id=3180, stack(0x0000007ca4b00000,0x0000007ca4c00000)]
  0x0000024598801800 JavaThread "lava-daemon-pool-info-loader-2-thread-1" daemon [_thread_in_native, id=10592, stack(0x0000007ca4d00000,0x0000007ca4e00000)]
  0x00000245987fe000 JavaThread "pool-3-thread-1" [_thread_blocked, id=15660, stack(0x0000007ca6600000,0x0000007ca6700000)]
  0x0000024598800800 JavaThread "JDA AudioLifeCycle-Worker 1" daemon [_thread_blocked, id=4444, stack(0x0000007ca6300000,0x0000007ca6400000)]
  0x000002459880a800 JavaThread "pool-4-thread-1" [_thread_blocked, id=11212, stack(0x0000007ca7d00000,0x0000007ca7e00000)]
  0x000002459880b000 JavaThread "pool-6-thread-1" [_thread_blocked, id=1244, stack(0x0000007ca8400000,0x0000007ca8500000)]
  0x00000245987fc800 JavaThread "pool-7-thread-1" [_thread_blocked, id=3612, stack(0x0000007ca7e00000,0x0000007ca7f00000)]
  0x0000024598804000 JavaThread "pool-8-thread-1" [_thread_blocked, id=4752, stack(0x0000007ca6800000,0x0000007ca6900000)]
  0x0000024598805800 JavaThread "pool-9-thread-1" [_thread_blocked, id=4476, stack(0x0000007ca7f00000,0x0000007ca8000000)]
  0x0000024598808800 JavaThread "pool-10-thread-1" [_thread_blocked, id=1628, stack(0x0000007ca8000000,0x0000007ca8100000)]
  0x0000024598ede000 JavaThread "pool-11-thread-1" [_thread_blocked, id=14988, stack(0x0000007ca6500000,0x0000007ca6600000)]
  0x0000024598edc000 JavaThread "pool-12-thread-1" [_thread_blocked, id=14156, stack(0x0000007ca8100000,0x0000007ca8200000)]
  0x0000024598ee7800 JavaThread "pool-13-thread-1" [_thread_blocked, id=14256, stack(0x0000007ca8800000,0x0000007ca8900000)]
  0x0000024598ee0000 JavaThread "pool-14-thread-1" [_thread_blocked, id=9652, stack(0x0000007ca4c00000,0x0000007ca4d00000)]
  0x0000024598ee8800 JavaThread "pool-15-thread-1" [_thread_blocked, id=16116, stack(0x0000007ca8e00000,0x0000007ca8f00000)]
  0x0000024598ee2000 JavaThread "pool-16-thread-1" [_thread_blocked, id=12992, stack(0x0000007ca8700000,0x0000007ca8800000)]
  0x0000024598ee6800 JavaThread "pool-17-thread-1" [_thread_blocked, id=108, stack(0x0000007ca8600000,0x0000007ca8700000)]
  0x0000024598ee5000 JavaThread "pool-18-thread-1" [_thread_blocked, id=11600, stack(0x0000007ca8a00000,0x0000007ca8b00000)]
  0x00000245987ff000 JavaThread "pool-19-thread-1" [_thread_blocked, id=15856, stack(0x0000007ca7a00000,0x0000007ca7b00000)]
  0x0000024598808000 JavaThread "pool-20-thread-1" [_thread_blocked, id=10876, stack(0x0000007ca8300000,0x0000007ca8400000)]
  0x0000024598804800 JavaThread "pool-21-thread-1" [_thread_blocked, id=15248, stack(0x0000007ca8c00000,0x0000007ca8d00000)]
  0x0000024598ee2800 JavaThread "pool-22-thread-1" [_thread_blocked, id=11184, stack(0x0000007ca8d00000,0x0000007ca8e00000)]
  0x0000024598ee1000 JavaThread "pool-23-thread-1" [_thread_blocked, id=16792, stack(0x0000007ca9000000,0x0000007ca9100000)]
  0x0000024598803000 JavaThread "pool-24-thread-1" [_thread_blocked, id=15972, stack(0x0000007ca9100000,0x0000007ca9200000)]
  0x0000024598802000 JavaThread "lava-daemon-pool-playback-1-thread-29" daemon [_thread_blocked, id=10532, stack(0x0000007ca8b00000,0x0000007ca8c00000)]
  0x0000024598ee3800 JavaThread "pool-25-thread-1" [_thread_blocked, id=8872, stack(0x0000007ca8900000,0x0000007ca8a00000)]
  0x0000024598ee6000 JavaThread "pool-26-thread-1" [_thread_blocked, id=12568, stack(0x0000007ca9400000,0x0000007ca9500000)]
  0x000002459970c800 JavaThread "pool-27-thread-1" [_thread_blocked, id=13884, stack(0x0000007ca8f00000,0x0000007ca9000000)]
  0x00000245987ff800 JavaThread "pool-28-thread-1" [_thread_blocked, id=16800, stack(0x0000007ca9300000,0x0000007ca9400000)]
  0x0000024598806000 JavaThread "pool-29-thread-1" [_thread_blocked, id=13472, stack(0x0000007ca9500000,0x0000007ca9600000)]
  0x0000024598edd000 JavaThread "pool-30-thread-1" [_thread_blocked, id=15824, stack(0x0000007ca6400000,0x0000007ca6500000)]
  0x0000024598ee4800 JavaThread "pool-31-thread-1" [_thread_blocked, id=17116, stack(0x0000007ca6700000,0x0000007ca6800000)]
  0x0000024598ede800 JavaThread "Timer-11" [_thread_blocked, id=2332, stack(0x0000007ca7b00000,0x0000007ca7c00000)]
  0x0000024598ee9000 JavaThread "pool-32-thread-1" [_thread_blocked, id=11236, stack(0x0000007ca7c00000,0x0000007ca7d00000)]
  0x0000024598edb800 JavaThread "pool-33-thread-1" [_thread_blocked, id=17172, stack(0x0000007ca8500000,0x0000007ca8600000)]
  0x0000024598eea000 JavaThread "Timer-12" [_thread_blocked, id=14020, stack(0x0000007ca9200000,0x0000007ca9300000)]
  0x00000245987fd000 JavaThread "pool-34-thread-1" [_thread_blocked, id=16536, stack(0x0000007ca9700000,0x0000007ca9800000)]
  0x0000024598809800 JavaThread "Timer-13" [_thread_blocked, id=2512, stack(0x0000007ca9800000,0x0000007ca9900000)]
  0x0000024598807000 JavaThread "pool-35-thread-1" [_thread_blocked, id=16908, stack(0x0000007ca9600000,0x0000007ca9700000)]
  0x00000245985b2000 JavaThread "Timer-14" [_thread_blocked, id=14960, stack(0x0000007ca9900000,0x0000007ca9a00000)]
  0x00000245985ae800 JavaThread "pool-36-thread-1" [_thread_blocked, id=17076, stack(0x0000007ca9a00000,0x0000007ca9b00000)]
  0x00000245985af800 JavaThread "pool-37-thread-1" [_thread_blocked, id=9764, stack(0x0000007ca9b00000,0x0000007ca9c00000)]
  0x00000245985b3800 JavaThread "pool-38-thread-1" [_thread_blocked, id=11828, stack(0x0000007ca9c00000,0x0000007ca9d00000)]
  0x00000245985b0800 JavaThread "pool-39-thread-1" [_thread_blocked, id=8156, stack(0x0000007ca9d00000,0x0000007ca9e00000)]
  0x00000245985ae000 JavaThread "Timer-15" [_thread_blocked, id=16924, stack(0x0000007ca9e00000,0x0000007ca9f00000)]
  0x00000245985b3000 JavaThread "pool-40-thread-1" [_thread_blocked, id=14444, stack(0x0000007ca9f00000,0x0000007caa000000)]
  0x00000245985b4800 JavaThread "Timer-16" [_thread_blocked, id=12304, stack(0x0000007caa000000,0x0000007caa100000)]
  0x00000245985b7000 JavaThread "pool-41-thread-1" [_thread_blocked, id=15536, stack(0x0000007caa100000,0x0000007caa200000)]
  0x00000245985b5800 JavaThread "Timer-17" [_thread_blocked, id=17088, stack(0x0000007caa200000,0x0000007caa300000)]
  0x00000245985b1000 JavaThread "Timer-18" [_thread_blocked, id=10796, stack(0x0000007caa300000,0x0000007caa400000)]
  0x00000245985bb000 JavaThread "pool-42-thread-1" [_thread_blocked, id=16268, stack(0x0000007caa500000,0x0000007caa600000)]
  0x00000245985b9800 JavaThread "pool-43-thread-1" [_thread_blocked, id=11768, stack(0x0000007caa400000,0x0000007caa500000)]
  0x00000245985b8800 JavaThread "Timer-19" [_thread_blocked, id=13844, stack(0x0000007caa600000,0x0000007caa700000)]
  0x00000245985b7800 JavaThread "pool-44-thread-1" [_thread_blocked, id=16848, stack(0x0000007caa700000,0x0000007caa800000)]
  0x00000245985bc000 JavaThread "pool-45-thread-1" [_thread_blocked, id=17360, stack(0x0000007ca7900000,0x0000007ca7a00000)]
  0x00000245985b6000 JavaThread "Timer-20" [_thread_blocked, id=14452, stack(0x0000007caa900000,0x0000007caaa00000)]
  0x00000245985bc800 JavaThread "Timer-21" [_thread_blocked, id=3772, stack(0x0000007caaa00000,0x0000007caab00000)]
  0x000002459970f800 JavaThread "pool-46-thread-1" [_thread_blocked, id=15372, stack(0x0000007caab00000,0x0000007caac00000)]
  0x0000024598195800 JavaThread "pool-47-thread-1" [_thread_blocked, id=11316, stack(0x0000007caac00000,0x0000007caad00000)]
  0x0000024598199000 JavaThread "pool-48-thread-1" [_thread_blocked, id=3208, stack(0x0000007caad00000,0x0000007caae00000)]
  0x000002459819a800 JavaThread "pool-49-thread-1" [_thread_blocked, id=5924, stack(0x0000007caae00000,0x0000007caaf00000)]
  0x000002459819d800 JavaThread "Timer-22" [_thread_blocked, id=9932, stack(0x0000007cab300000,0x0000007cab400000)]
  0x0000024598199800 JavaThread "Timer-23" [_thread_blocked, id=16332, stack(0x0000007cab400000,0x0000007cab500000)]
  0x0000024598198000 JavaThread "pool-50-thread-1" [_thread_blocked, id=8144, stack(0x0000007cab500000,0x0000007cab600000)]
  0x00000245981a0000 JavaThread "pool-51-thread-1" [_thread_blocked, id=13564, stack(0x0000007cab600000,0x0000007cab700000)]
  0x0000024598196800 JavaThread "pool-52-thread-1" [_thread_blocked, id=17000, stack(0x0000007caaf00000,0x0000007cab000000)]
  0x000002459819b000 JavaThread "Timer-24" [_thread_blocked, id=4764, stack(0x0000007cab100000,0x0000007cab200000)]
  0x0000024598197000 JavaThread "Timer-25" [_thread_blocked, id=4424, stack(0x0000007cab000000,0x0000007cab100000)]
  0x000002459819d000 JavaThread "pool-53-thread-1" [_thread_blocked, id=4972, stack(0x0000007cab200000,0x0000007cab300000)]
  0x000002459819c000 JavaThread "pool-54-thread-1" [_thread_blocked, id=10728, stack(0x0000007cab700000,0x0000007cab800000)]
  0x00000245981a3800 JavaThread "pool-55-thread-1" [_thread_blocked, id=14708, stack(0x0000007cab900000,0x0000007caba00000)]
  0x000002459819e800 JavaThread "pool-56-thread-1" [_thread_blocked, id=16896, stack(0x0000007cab800000,0x0000007cab900000)]
  0x00000245981a1000 JavaThread "Timer-26" [_thread_blocked, id=5004, stack(0x0000007caba00000,0x0000007cabb00000)]
  0x00000245981a4000 JavaThread "pool-57-thread-1" [_thread_blocked, id=15396, stack(0x0000007cabb00000,0x0000007cabc00000)]
  0x00000245981a2800 JavaThread "Timer-27" [_thread_blocked, id=9632, stack(0x0000007cabc00000,0x0000007cabd00000)]
  0x000002459819f800 JavaThread "pool-58-thread-1" [_thread_blocked, id=13696, stack(0x0000007cabd00000,0x0000007cabe00000)]
  0x00000245981a1800 JavaThread "pool-59-thread-1" [_thread_blocked, id=16476, stack(0x0000007cabe00000,0x0000007cabf00000)]
  0x00000245986d7000 JavaThread "Timer-28" [_thread_blocked, id=7136, stack(0x0000007cabf00000,0x0000007cac000000)]
  0x00000245986d5000 JavaThread "Timer-29" [_thread_blocked, id=13872, stack(0x0000007cac000000,0x0000007cac100000)]
  0x00000245986d3800 JavaThread "JDA MainWS-ReadThread" [_thread_in_native, id=15064, stack(0x0000007caa800000,0x0000007caa900000)]
  0x00000245986d7800 JavaThread "JDA MainWS-WriteThread" [_thread_blocked, id=6712, stack(0x0000007cac100000,0x0000007cac200000)]
  0x00000245986d4800 JavaThread "pool-60-thread-1" [_thread_blocked, id=14896, stack(0x0000007ca8200000,0x0000007ca8300000)]
  0x00000245986d2000 JavaThread "pool-61-thread-1" [_thread_blocked, id=15664, stack(0x0000007cac200000,0x0000007cac300000)]
  0x00000245986d6000 JavaThread "Timer-30" [_thread_blocked, id=12012, stack(0x0000007cac300000,0x0000007cac400000)]
  0x00000245986d8800 JavaThread "pool-62-thread-1" [_thread_blocked, id=11148, stack(0x0000007cac400000,0x0000007cac500000)]
  0x00000245986d3000 JavaThread "Timer-31" [_thread_blocked, id=8476, stack(0x0000007cac500000,0x0000007cac600000)]
=>0x00000245986de000 JavaThread "Thread-136" daemon [_thread_in_native, id=11216, stack(0x0000007cac800000,0x0000007cac900000)]
  0x00000245986db000 JavaThread "pool-63-thread-1" [_thread_blocked, id=9848, stack(0x0000007cac900000,0x0000007caca00000)]

Other Threads:
  0x00000245ffda7800 VMThread "VM Thread" [stack: 0x0000007ca5400000,0x0000007ca5500000] [id=4692]
  0x0000024597fe1800 WatcherThread [stack: 0x0000007ca5d00000,0x0000007ca5e00000] [id=15272]
  0x00000245f80cf800 GCTaskThread "GC Thread#0" [stack: 0x0000007ca4f00000,0x0000007ca5000000] [id=14424]
  0x000002459870d000 GCTaskThread "GC Thread#1" [stack: 0x0000007ca5f00000,0x0000007ca6000000] [id=1632]
  0x00000245989f9000 GCTaskThread "GC Thread#2" [stack: 0x0000007ca6000000,0x0000007ca6100000] [id=6660]
  0x0000024598ed5800 GCTaskThread "GC Thread#3" [stack: 0x0000007ca6900000,0x0000007ca6a00000] [id=3488]
  0x000002459924f000 GCTaskThread "GC Thread#4" [stack: 0x0000007ca6a00000,0x0000007ca6b00000] [id=9400]
  0x0000024599253800 GCTaskThread "GC Thread#5" [stack: 0x0000007ca6b00000,0x0000007ca6c00000] [id=3036]
  0x0000024599254800 GCTaskThread "GC Thread#6" [stack: 0x0000007ca6c00000,0x0000007ca6d00000] [id=8]
  0x0000024599256000 GCTaskThread "GC Thread#7" [stack: 0x0000007ca6d00000,0x0000007ca6e00000] [id=12940]
  0x0000024599256800 GCTaskThread "GC Thread#8" [stack: 0x0000007ca6e00000,0x0000007ca6f00000] [id=10732]
  0x0000024599257000 GCTaskThread "GC Thread#9" [stack: 0x0000007ca6f00000,0x0000007ca7000000] [id=14408]
  0x00000245f80ff800 ConcurrentGCThread "G1 Main Marker" [stack: 0x0000007ca5000000,0x0000007ca5100000] [id=5908]
  0x00000245f8101000 ConcurrentGCThread "G1 Conc#0" [stack: 0x0000007ca5100000,0x0000007ca5200000] [id=7876]
  0x0000024598db2000 ConcurrentGCThread "G1 Conc#1" [stack: 0x0000007ca7000000,0x0000007ca7100000] [id=2108]
  0x0000024598e5b800 ConcurrentGCThread "G1 Conc#2" [stack: 0x0000007ca7100000,0x0000007ca7200000] [id=3340]
  0x00000245ffc11800 ConcurrentGCThread "G1 Refine#0" [stack: 0x0000007ca5200000,0x0000007ca5300000] [id=7744]
  0x00000245ffc12000 ConcurrentGCThread "G1 Young RemSet Sampling" [stack: 0x0000007ca5300000,0x0000007ca5400000] [id=10604]

Threads with active compile tasks:

VM state:not at safepoint (normal execution)

VM Mutex/Monitor currently owned by a thread: None

Heap address: 0x0000000083000000, size: 2000 MB, Compressed Oops mode: 32-bit
Narrow klass base: 0x0000000000000000, Narrow klass shift: 3
Compressed class space size: 1073741824 Address: 0x0000000100000000

Heap:
 garbage-first heap   total 129024K, used 80354K [0x0000000083000000, 0x0000000100000000)
  region size 1024K, 64 young (65536K), 1 survivors (1024K)
 Metaspace       used 36798K, capacity 37381K, committed 37584K, reserved 1083392K
  class space    used 3736K, capacity 3974K, committed 4092K, reserved 1048576K
Heap Regions: E=young(eden), S=young(survivor), O=old, HS=humongous(starts), HC=humongous(continues), CS=collection set, F=free, A=archive, TAMS=top-at-mark-start (previous, next)
|   0|0x0000000083000000, 0x0000000083100000, 0x0000000083100000|100%| O|  |TAMS 0x0000000083100000, 0x0000000083000000| Untracked 
|   1|0x0000000083100000, 0x0000000083200000, 0x0000000083200000|100%| O|  |TAMS 0x0000000083200000, 0x0000000083100000| Untracked 
|   2|0x0000000083200000, 0x0000000083300000, 0x0000000083300000|100%| O|  |TAMS 0x0000000083300000, 0x0000000083200000| Untracked 
|   3|0x0000000083300000, 0x0000000083400000, 0x0000000083400000|100%| O|  |TAMS 0x0000000083400000, 0x0000000083300000| Untracked 
|   4|0x0000000083400000, 0x0000000083500000, 0x0000000083500000|100%| O|  |TAMS 0x0000000083500000, 0x0000000083400000| Untracked 
|   5|0x0000000083500000, 0x0000000083600000, 0x0000000083600000|100%| O|  |TAMS 0x0000000083600000, 0x0000000083500000| Untracked 
|   6|0x0000000083600000, 0x00000000836ba200, 0x0000000083700000| 72%| O|  |TAMS 0x0000000083600000, 0x0000000083600000| Untracked 
|   7|0x0000000083700000, 0x0000000083800000, 0x0000000083800000|100%|HS|  |TAMS 0x0000000083700000, 0x0000000083700000| Complete 
|   8|0x0000000083800000, 0x0000000083900000, 0x0000000083900000|100%|HS|  |TAMS 0x0000000083800000, 0x0000000083800000| Complete 
|   9|0x0000000083900000, 0x0000000083a00000, 0x0000000083a00000|100%|HS|  |TAMS 0x0000000083900000, 0x0000000083900000| Complete 
|  10|0x0000000083a00000, 0x0000000083b00000, 0x0000000083b00000|100%| O|  |TAMS 0x0000000083a25e00, 0x0000000083a00000| Untracked 
|  11|0x0000000083b00000, 0x0000000083c00000, 0x0000000083c00000|100%|HS|  |TAMS 0x0000000083b00000, 0x0000000083b00000| Complete 
|  12|0x0000000083c00000, 0x0000000083d00000, 0x0000000083d00000|100%|HC|  |TAMS 0x0000000083c00000, 0x0000000083c00000| Complete 
|  13|0x0000000083d00000, 0x0000000083e00000, 0x0000000083e00000|100%|HS|  |TAMS 0x0000000083d00000, 0x0000000083d00000| Complete 
|  14|0x0000000083e00000, 0x0000000083e00000, 0x0000000083f00000|  0%| F|  |TAMS 0x0000000083e00000, 0x0000000083e00000| Untracked 
|  15|0x0000000083f00000, 0x0000000083f00000, 0x0000000084000000|  0%| F|  |TAMS 0x0000000083f00000, 0x0000000083f00000| Untracked 
|  16|0x0000000084000000, 0x0000000084000000, 0x0000000084100000|  0%| F|  |TAMS 0x0000000084000000, 0x0000000084000000| Untracked 
|  17|0x0000000084100000, 0x0000000084100000, 0x0000000084200000|  0%| F|  |TAMS 0x0000000084100000, 0x0000000084100000| Untracked 
|  18|0x0000000084200000, 0x0000000084200000, 0x0000000084300000|  0%| F|  |TAMS 0x0000000084200000, 0x0000000084200000| Untracked 
|  19|0x0000000084300000, 0x0000000084300000, 0x0000000084400000|  0%| F|  |TAMS 0x0000000084300000, 0x0000000084300000| Untracked 
|  20|0x0000000084400000, 0x0000000084400000, 0x0000000084500000|  0%| F|  |TAMS 0x0000000084400000, 0x0000000084400000| Untracked 
|  21|0x0000000084500000, 0x0000000084500000, 0x0000000084600000|  0%| F|  |TAMS 0x0000000084500000, 0x0000000084500000| Untracked 
|  22|0x0000000084600000, 0x0000000084600000, 0x0000000084700000|  0%| F|  |TAMS 0x0000000084600000, 0x0000000084600000| Untracked 
|  23|0x0000000084700000, 0x0000000084800000, 0x0000000084800000|100%| O|  |TAMS 0x0000000084700000, 0x0000000084700000| Untracked 
|  24|0x0000000084800000, 0x0000000084900000, 0x0000000084900000|100%| O|  |TAMS 0x0000000084800000, 0x0000000084800000| Untracked 
|  25|0x0000000084900000, 0x0000000084a00000, 0x0000000084a00000|100%| O|  |TAMS 0x0000000084900000, 0x0000000084900000| Untracked 
|  26|0x0000000084a00000, 0x0000000084a00000, 0x0000000084b00000|  0%| F|  |TAMS 0x0000000084a00000, 0x0000000084a00000| Untracked 
|  27|0x0000000084b00000, 0x0000000084b00000, 0x0000000084c00000|  0%| F|  |TAMS 0x0000000084b00000, 0x0000000084b00000| Untracked 
|  28|0x0000000084c00000, 0x0000000084c00000, 0x0000000084d00000|  0%| F|  |TAMS 0x0000000084c00000, 0x0000000084c00000| Untracked 
|  29|0x0000000084d00000, 0x0000000084d00000, 0x0000000084e00000|  0%| F|  |TAMS 0x0000000084d00000, 0x0000000084d00000| Untracked 
|  30|0x0000000084e00000, 0x0000000084e00000, 0x0000000084f00000|  0%| F|  |TAMS 0x0000000084e00000, 0x0000000084e00000| Untracked 
|  31|0x0000000084f00000, 0x0000000084f00000, 0x0000000085000000|  0%| F|  |TAMS 0x0000000084f00000, 0x0000000084f00000| Untracked 
|  32|0x0000000085000000, 0x0000000085000000, 0x0000000085100000|  0%| F|  |TAMS 0x0000000085000000, 0x0000000085000000| Untracked 
|  33|0x0000000085100000, 0x0000000085100000, 0x0000000085200000|  0%| F|  |TAMS 0x0000000085100000, 0x0000000085100000| Untracked 
|  34|0x0000000085200000, 0x0000000085200000, 0x0000000085300000|  0%| F|  |TAMS 0x0000000085200000, 0x0000000085200000| Untracked 
|  35|0x0000000085300000, 0x0000000085300000, 0x0000000085400000|  0%| F|  |TAMS 0x0000000085300000, 0x0000000085300000| Untracked 
|  36|0x0000000085400000, 0x0000000085400000, 0x0000000085500000|  0%| F|  |TAMS 0x0000000085400000, 0x0000000085400000| Untracked 
|  37|0x0000000085500000, 0x0000000085500000, 0x0000000085600000|  0%| F|  |TAMS 0x0000000085500000, 0x0000000085500000| Untracked 
|  38|0x0000000085600000, 0x0000000085600000, 0x0000000085700000|  0%| F|  |TAMS 0x0000000085600000, 0x0000000085600000| Untracked 
|  39|0x0000000085700000, 0x0000000085700000, 0x0000000085800000|  0%| F|  |TAMS 0x0000000085700000, 0x0000000085700000| Untracked 
|  40|0x0000000085800000, 0x0000000085800000, 0x0000000085900000|  0%| F|  |TAMS 0x0000000085800000, 0x0000000085800000| Untracked 
|  41|0x0000000085900000, 0x0000000085900000, 0x0000000085a00000|  0%| F|  |TAMS 0x0000000085900000, 0x0000000085900000| Untracked 
|  42|0x0000000085a00000, 0x0000000085a00000, 0x0000000085b00000|  0%| F|  |TAMS 0x0000000085a00000, 0x0000000085a00000| Untracked 
|  43|0x0000000085b00000, 0x0000000085b00000, 0x0000000085c00000|  0%| F|  |TAMS 0x0000000085b00000, 0x0000000085b00000| Untracked 
|  44|0x0000000085c00000, 0x0000000085c00000, 0x0000000085d00000|  0%| F|  |TAMS 0x0000000085c00000, 0x0000000085c00000| Untracked 
|  45|0x0000000085d00000, 0x0000000085d00000, 0x0000000085e00000|  0%| F|  |TAMS 0x0000000085d00000, 0x0000000085d00000| Untracked 
|  46|0x0000000085e00000, 0x0000000085e00000, 0x0000000085f00000|  0%| F|  |TAMS 0x0000000085e00000, 0x0000000085e00000| Untracked 
|  47|0x0000000085f00000, 0x0000000085f00000, 0x0000000086000000|  0%| F|  |TAMS 0x0000000085f00000, 0x0000000085f00000| Untracked 
|  48|0x0000000086000000, 0x0000000086000000, 0x0000000086100000|  0%| F|  |TAMS 0x0000000086000000, 0x0000000086000000| Untracked 
|  49|0x0000000086100000, 0x0000000086100000, 0x0000000086200000|  0%| F|  |TAMS 0x0000000086100000, 0x0000000086100000| Untracked 
|  50|0x0000000086200000, 0x0000000086200000, 0x0000000086300000|  0%| F|  |TAMS 0x0000000086200000, 0x0000000086200000| Untracked 
|  51|0x0000000086300000, 0x00000000863be620, 0x0000000086400000| 74%| S|CS|TAMS 0x0000000086300000, 0x0000000086300000| Complete 
|  52|0x0000000086400000, 0x0000000086400000, 0x0000000086500000|  0%| F|  |TAMS 0x0000000086400000, 0x0000000086400000| Untracked 
|  53|0x0000000086500000, 0x0000000086500000, 0x0000000086600000|  0%| F|  |TAMS 0x0000000086500000, 0x0000000086500000| Untracked 
|  54|0x0000000086600000, 0x0000000086600000, 0x0000000086700000|  0%| F|  |TAMS 0x0000000086600000, 0x0000000086600000| Untracked 
|  55|0x0000000086700000, 0x0000000086700000, 0x0000000086800000|  0%| F|  |TAMS 0x0000000086700000, 0x0000000086700000| Untracked 
|  56|0x0000000086800000, 0x0000000086800000, 0x0000000086900000|  0%| F|  |TAMS 0x0000000086800000, 0x0000000086800000| Untracked 
|  57|0x0000000086900000, 0x0000000086900000, 0x0000000086a00000|  0%| F|  |TAMS 0x0000000086900000, 0x0000000086900000| Untracked 
|  58|0x0000000086a00000, 0x0000000086a00000, 0x0000000086b00000|  0%| F|  |TAMS 0x0000000086a00000, 0x0000000086a00000| Untracked 
|  59|0x0000000086b00000, 0x0000000086b00000, 0x0000000086c00000|  0%| F|  |TAMS 0x0000000086b00000, 0x0000000086b00000| Untracked 
|  60|0x0000000086c00000, 0x0000000086c00000, 0x0000000086d00000|  0%| F|  |TAMS 0x0000000086c00000, 0x0000000086c00000| Untracked 
|  61|0x0000000086d00000, 0x0000000086d00000, 0x0000000086e00000|  0%| F|  |TAMS 0x0000000086d00000, 0x0000000086d00000| Untracked 
|  62|0x0000000086e00000, 0x0000000086e00000, 0x0000000086f00000|  0%| F|  |TAMS 0x0000000086e00000, 0x0000000086e00000| Untracked 
|  63|0x0000000086f00000, 0x0000000086fba3d0, 0x0000000087000000| 72%| E|  |TAMS 0x0000000086f00000, 0x0000000086f00000| Complete 
|  64|0x0000000087000000, 0x0000000087100000, 0x0000000087100000|100%| E|CS|TAMS 0x0000000087000000, 0x0000000087000000| Complete 
|  65|0x0000000087100000, 0x0000000087200000, 0x0000000087200000|100%| E|CS|TAMS 0x0000000087100000, 0x0000000087100000| Complete 
|  66|0x0000000087200000, 0x0000000087300000, 0x0000000087300000|100%| E|CS|TAMS 0x0000000087200000, 0x0000000087200000| Complete 
|  67|0x0000000087300000, 0x0000000087400000, 0x0000000087400000|100%| E|CS|TAMS 0x0000000087300000, 0x0000000087300000| Complete 
|  68|0x0000000087400000, 0x0000000087500000, 0x0000000087500000|100%| E|CS|TAMS 0x0000000087400000, 0x0000000087400000| Complete 
|  69|0x0000000087500000, 0x0000000087600000, 0x0000000087600000|100%| E|  |TAMS 0x0000000087500000, 0x0000000087500000| Complete 
|  70|0x0000000087600000, 0x0000000087700000, 0x0000000087700000|100%| E|CS|TAMS 0x0000000087600000, 0x0000000087600000| Complete 
|  71|0x0000000087700000, 0x0000000087800000, 0x0000000087800000|100%| E|CS|TAMS 0x0000000087700000, 0x0000000087700000| Complete 
|  72|0x0000000087800000, 0x0000000087900000, 0x0000000087900000|100%| E|CS|TAMS 0x0000000087800000, 0x0000000087800000| Complete 
|  73|0x0000000087900000, 0x0000000087a00000, 0x0000000087a00000|100%| E|CS|TAMS 0x0000000087900000, 0x0000000087900000| Complete 
|  74|0x0000000087a00000, 0x0000000087b00000, 0x0000000087b00000|100%| E|CS|TAMS 0x0000000087a00000, 0x0000000087a00000| Complete 
|  75|0x0000000087b00000, 0x0000000087c00000, 0x0000000087c00000|100%| E|CS|TAMS 0x0000000087b00000, 0x0000000087b00000| Complete 
|  76|0x0000000087c00000, 0x0000000087d00000, 0x0000000087d00000|100%| E|CS|TAMS 0x0000000087c00000, 0x0000000087c00000| Complete 
|  77|0x0000000087d00000, 0x0000000087e00000, 0x0000000087e00000|100%| E|CS|TAMS 0x0000000087d00000, 0x0000000087d00000| Complete 
|  78|0x0000000087e00000, 0x0000000087f00000, 0x0000000087f00000|100%| E|CS|TAMS 0x0000000087e00000, 0x0000000087e00000| Complete 
|  79|0x0000000087f00000, 0x0000000088000000, 0x0000000088000000|100%| E|CS|TAMS 0x0000000087f00000, 0x0000000087f00000| Complete 
|  80|0x0000000088000000, 0x0000000088100000, 0x0000000088100000|100%| E|CS|TAMS 0x0000000088000000, 0x0000000088000000| Complete 
|  81|0x0000000088100000, 0x0000000088200000, 0x0000000088200000|100%| E|CS|TAMS 0x0000000088100000, 0x0000000088100000| Complete 
|  82|0x0000000088200000, 0x0000000088300000, 0x0000000088300000|100%| E|CS|TAMS 0x0000000088200000, 0x0000000088200000| Complete 
|  83|0x0000000088300000, 0x0000000088400000, 0x0000000088400000|100%| E|CS|TAMS 0x0000000088300000, 0x0000000088300000| Complete 
|  84|0x0000000088400000, 0x0000000088500000, 0x0000000088500000|100%| E|CS|TAMS 0x0000000088400000, 0x0000000088400000| Complete 
|  85|0x0000000088500000, 0x0000000088600000, 0x0000000088600000|100%| E|CS|TAMS 0x0000000088500000, 0x0000000088500000| Complete 
|  86|0x0000000088600000, 0x0000000088700000, 0x0000000088700000|100%| E|CS|TAMS 0x0000000088600000, 0x0000000088600000| Complete 
|  87|0x0000000088700000, 0x0000000088800000, 0x0000000088800000|100%| E|CS|TAMS 0x0000000088700000, 0x0000000088700000| Complete 
|  88|0x0000000088800000, 0x0000000088900000, 0x0000000088900000|100%| E|CS|TAMS 0x0000000088800000, 0x0000000088800000| Complete 
|  89|0x0000000088900000, 0x0000000088a00000, 0x0000000088a00000|100%| E|CS|TAMS 0x0000000088900000, 0x0000000088900000| Complete 
|  90|0x0000000088a00000, 0x0000000088b00000, 0x0000000088b00000|100%| E|CS|TAMS 0x0000000088a00000, 0x0000000088a00000| Complete 
|  91|0x0000000088b00000, 0x0000000088c00000, 0x0000000088c00000|100%| E|CS|TAMS 0x0000000088b00000, 0x0000000088b00000| Complete 
|  92|0x0000000088c00000, 0x0000000088d00000, 0x0000000088d00000|100%| E|CS|TAMS 0x0000000088c00000, 0x0000000088c00000| Complete 
|  93|0x0000000088d00000, 0x0000000088e00000, 0x0000000088e00000|100%| E|CS|TAMS 0x0000000088d00000, 0x0000000088d00000| Complete 
|  94|0x0000000088e00000, 0x0000000088f00000, 0x0000000088f00000|100%| E|CS|TAMS 0x0000000088e00000, 0x0000000088e00000| Complete 
|  95|0x0000000088f00000, 0x0000000089000000, 0x0000000089000000|100%| E|CS|TAMS 0x0000000088f00000, 0x0000000088f00000| Complete 
|  96|0x0000000089000000, 0x0000000089100000, 0x0000000089100000|100%| E|CS|TAMS 0x0000000089000000, 0x0000000089000000| Complete 
|  97|0x0000000089100000, 0x0000000089200000, 0x0000000089200000|100%| E|CS|TAMS 0x0000000089100000, 0x0000000089100000| Complete 
|  98|0x0000000089200000, 0x0000000089300000, 0x0000000089300000|100%| E|CS|TAMS 0x0000000089200000, 0x0000000089200000| Complete 
|  99|0x0000000089300000, 0x0000000089400000, 0x0000000089400000|100%| E|CS|TAMS 0x0000000089300000, 0x0000000089300000| Complete 
| 100|0x0000000089400000, 0x0000000089500000, 0x0000000089500000|100%| E|CS|TAMS 0x0000000089400000, 0x0000000089400000| Complete 
| 101|0x0000000089500000, 0x0000000089600000, 0x0000000089600000|100%| E|CS|TAMS 0x0000000089500000, 0x0000000089500000| Complete 
| 102|0x0000000089600000, 0x0000000089700000, 0x0000000089700000|100%| E|CS|TAMS 0x0000000089600000, 0x0000000089600000| Complete 
| 103|0x0000000089700000, 0x0000000089800000, 0x0000000089800000|100%| E|CS|TAMS 0x0000000089700000, 0x0000000089700000| Complete 
| 104|0x0000000089800000, 0x0000000089900000, 0x0000000089900000|100%| E|CS|TAMS 0x0000000089800000, 0x0000000089800000| Complete 
| 105|0x0000000089900000, 0x0000000089a00000, 0x0000000089a00000|100%| E|CS|TAMS 0x0000000089900000, 0x0000000089900000| Complete 
| 106|0x0000000089a00000, 0x0000000089b00000, 0x0000000089b00000|100%| E|CS|TAMS 0x0000000089a00000, 0x0000000089a00000| Complete 
| 107|0x0000000089b00000, 0x0000000089c00000, 0x0000000089c00000|100%| E|CS|TAMS 0x0000000089b00000, 0x0000000089b00000| Complete 
| 108|0x0000000089c00000, 0x0000000089d00000, 0x0000000089d00000|100%| E|CS|TAMS 0x0000000089c00000, 0x0000000089c00000| Complete 
| 109|0x0000000089d00000, 0x0000000089e00000, 0x0000000089e00000|100%| E|CS|TAMS 0x0000000089d00000, 0x0000000089d00000| Complete 
| 110|0x0000000089e00000, 0x0000000089f00000, 0x0000000089f00000|100%| E|CS|TAMS 0x0000000089e00000, 0x0000000089e00000| Complete 
| 111|0x0000000089f00000, 0x000000008a000000, 0x000000008a000000|100%| E|CS|TAMS 0x0000000089f00000, 0x0000000089f00000| Complete 
| 112|0x000000008a000000, 0x000000008a100000, 0x000000008a100000|100%| E|CS|TAMS 0x000000008a000000, 0x000000008a000000| Complete 
| 113|0x000000008a100000, 0x000000008a200000, 0x000000008a200000|100%| E|CS|TAMS 0x000000008a100000, 0x000000008a100000| Complete 
| 114|0x000000008a200000, 0x000000008a300000, 0x000000008a300000|100%| E|CS|TAMS 0x000000008a200000, 0x000000008a200000| Complete 
| 115|0x000000008a300000, 0x000000008a400000, 0x000000008a400000|100%| E|CS|TAMS 0x000000008a300000, 0x000000008a300000| Complete 
| 116|0x000000008a400000, 0x000000008a500000, 0x000000008a500000|100%| E|CS|TAMS 0x000000008a400000, 0x000000008a400000| Complete 
| 117|0x000000008a500000, 0x000000008a600000, 0x000000008a600000|100%| E|CS|TAMS 0x000000008a500000, 0x000000008a500000| Complete 
| 118|0x000000008a600000, 0x000000008a700000, 0x000000008a700000|100%| E|CS|TAMS 0x000000008a600000, 0x000000008a600000| Complete 
| 119|0x000000008a700000, 0x000000008a800000, 0x000000008a800000|100%| E|CS|TAMS 0x000000008a700000, 0x000000008a700000| Complete 
| 120|0x000000008a800000, 0x000000008a900000, 0x000000008a900000|100%| E|CS|TAMS 0x000000008a800000, 0x000000008a800000| Complete 
| 121|0x000000008a900000, 0x000000008aa00000, 0x000000008aa00000|100%| E|CS|TAMS 0x000000008a900000, 0x000000008a900000| Complete 
| 122|0x000000008aa00000, 0x000000008ab00000, 0x000000008ab00000|100%| E|CS|TAMS 0x000000008aa00000, 0x000000008aa00000| Complete 
| 123|0x000000008ab00000, 0x000000008ac00000, 0x000000008ac00000|100%| E|CS|TAMS 0x000000008ab00000, 0x000000008ab00000| Complete 
| 124|0x000000008ac00000, 0x000000008ad00000, 0x000000008ad00000|100%| E|CS|TAMS 0x000000008ac00000, 0x000000008ac00000| Complete 
| 125|0x000000008ad00000, 0x000000008ae00000, 0x000000008ae00000|100%| E|CS|TAMS 0x000000008ad00000, 0x000000008ad00000| Complete 

Card table byte_map: [0x00000245f8ac0000,0x00000245f8eb0000] _byte_map_base: 0x00000245f86a8000

Marking Bits (Prev, Next): (CMBitMap*) 0x00000245f80f6d68, (CMBitMap*) 0x00000245f80f6da0
 Prev Bits: [0x00000245f92a0000, 0x00000245fb1e0000)
 Next Bits: [0x00000245fb1e0000, 0x00000245fd120000)

Polling page: 0x00000245f5f00000

Metaspace:

Usage:
  Non-class:     32.62 MB capacity,    32.29 MB ( 99%) used,   274.59 KB ( <1%) free+waste,    70.25 KB ( <1%) overhead. 
      Class:      3.88 MB capacity,     3.65 MB ( 94%) used,   207.70 KB (  5%) free+waste,    29.94 KB ( <1%) overhead. 
       Both:     36.50 MB capacity,    35.94 MB ( 98%) used,   482.30 KB (  1%) free+waste,   100.19 KB ( <1%) overhead. 

Virtual space:
  Non-class space:       34.00 MB reserved,      32.71 MB ( 96%) committed 
      Class space:        1.00 GB reserved,       4.00 MB ( <1%) committed 
             Both:        1.03 GB reserved,      36.70 MB (  3%) committed 

Chunk freelists:
   Non-Class:  85.00 KB
       Class:  58.00 KB
        Both:  143.00 KB

MaxMetaspaceSize: 17179869184.00 GB
CompressedClassSpaceSize: 1.00 GB

CodeHeap 'non-profiled nmethods': size=120000Kb used=3608Kb max_used=3621Kb free=116391Kb
 bounds [0x00000245900e0000, 0x0000024590470000, 0x0000024597610000]
CodeHeap 'profiled nmethods': size=120000Kb used=11119Kb max_used=11119Kb free=108880Kb
 bounds [0x0000024588bb0000, 0x00000245896b0000, 0x00000245900e0000]
CodeHeap 'non-nmethods': size=5760Kb used=1221Kb max_used=1269Kb free=4538Kb
 bounds [0x0000024588610000, 0x0000024588880000, 0x0000024588bb0000]
 total_blobs=6002 nmethods=5410 adapters=503
 compilation: enabled
              stopped_count=0, restarted_count=0
 full_count=0

Compilation events (20 events):
Event: 34080.477 Thread 0x0000024597e66000 nmethod 6679 0x0000024589694510 code [0x0000024589694760, 0x0000024589695028]
Event: 34080.479 Thread 0x0000024597e66000 6680       3       sun.security.ssl.HandshakeContext::initialize (144 bytes)
Event: 34080.481 Thread 0x0000024597e66000 nmethod 6680 0x0000024589695510 code [0x0000024589695720, 0x00000245896960f8]
Event: 34080.481 Thread 0x0000024597e66000 6681       3       sun.security.ssl.ClientHandshakeContext::kickstart (18 bytes)
Event: 34080.481 Thread 0x0000024597e66000 nmethod 6681 0x000002458907eb90 code [0x000002458907ed40, 0x000002458907eec8]
Event: 34080.481 Thread 0x0000024597e66000 6682       3       sun.security.ssl.SSLHandshake::kickstart (93 bytes)
Event: 34080.483 Thread 0x0000024597e66000 nmethod 6682 0x0000024589696310 code [0x00000245896965c0, 0x0000024589696fd8]
Event: 34080.490 Thread 0x0000024597e65000 6683       4       java.util.HashSet::<init> (40 bytes)
Event: 34080.496 Thread 0x0000024597e65000 nmethod 6683 0x0000024590469b90 code [0x0000024590469d60, 0x0000024590469fe8]
Event: 34080.542 Thread 0x0000024597e66000 6684       3       sun.security.ssl.ServerHello$ServerHelloConsumer::consume (140 bytes)
Event: 34080.549 Thread 0x0000024597e66000 nmethod 6684 0x0000024589697390 code [0x0000024589697680, 0x00000245896986a8]
Event: 34080.549 Thread 0x0000024597e66000 6685   !   3       sun.security.ssl.ServerHello$ServerHelloMessage::<init> (333 bytes)
Event: 34080.566 Thread 0x0000024597e66000 nmethod 6685 0x0000024589698d10 code [0x0000024589699420, 0x000002458969d0b8]
Event: 34080.566 Thread 0x0000024597e66000 6686       3       sun.security.ssl.RandomCookie::isVersionDowngrade (67 bytes)
Event: 34080.566 Thread 0x0000024597e66000 nmethod 6686 0x000002458969e510 code [0x000002458969e760, 0x000002458969ed28]
Event: 34080.631 Thread 0x0000024597e66000 6687   !   3       sun.security.ssl.Finished$FinishedMessage::<init> (180 bytes)
Event: 34080.635 Thread 0x0000024597e66000 nmethod 6687 0x000002458969ef90 code [0x000002458969f360, 0x00000245896a0948]
Event: 34080.636 Thread 0x0000024597e66000 6688       3       sun.security.ssl.SSLSessionImpl::finish (17 bytes)
Event: 34080.636 Thread 0x0000024597e66000 nmethod 6688 0x0000024589204690 code [0x0000024589204840, 0x0000024589204a78]
Event: 34201.808 Thread 0x0000024597e65000 6689       4       java.lang.Long::getChars (208 bytes)

GC Heap History (20 events):
Event: 4792.027 GC heap before
{Heap before GC invocations=19 (full 0):
 garbage-first heap   total 129024K, used 99901K [0x0000000083000000, 0x0000000100000000)
  region size 1024K, 75 young (76800K), 4 survivors (4096K)
 Metaspace       used 36256K, capacity 36918K, committed 37328K, reserved 1083392K
  class space    used 3720K, capacity 3972K, committed 4092K, reserved 1048576K
}
Event: 4792.029 GC heap after
{Heap after GC invocations=20 (full 0):
 garbage-first heap   total 129024K, used 11854K [0x0000000083000000, 0x0000000100000000)
  region size 1024K, 4 young (4096K), 4 survivors (4096K)
 Metaspace       used 36256K, capacity 36918K, committed 37328K, reserved 1083392K
  class space    used 3720K, capacity 3972K, committed 4092K, reserved 1048576K
}
Event: 5131.342 GC heap before
{Heap before GC invocations=20 (full 0):
 garbage-first heap   total 129024K, used 99918K [0x0000000083000000, 0x0000000100000000)
  region size 1024K, 75 young (76800K), 4 survivors (4096K)
 Metaspace       used 36380K, capacity 36982K, committed 37328K, reserved 1083392K
  class space    used 3729K, capacity 3972K, committed 4092K, reserved 1048576K
}
Event: 5131.345 GC heap after
{Heap after GC invocations=21 (full 0):
 garbage-first heap   total 129024K, used 11859K [0x0000000083000000, 0x0000000100000000)
  region size 1024K, 2 young (2048K), 2 survivors (2048K)
 Metaspace       used 36380K, capacity 36982K, committed 37328K, reserved 1083392K
  class space    used 3729K, capacity 3972K, committed 4092K, reserved 1048576K
}
Event: 5727.203 GC heap before
{Heap before GC invocations=21 (full 0):
 garbage-first heap   total 129024K, used 85587K [0x0000000083000000, 0x0000000100000000)
  region size 1024K, 75 young (76800K), 2 survivors (2048K)
 Metaspace       used 36411K, capacity 36982K, committed 37328K, reserved 1083392K
  class space    used 3729K, capacity 3972K, committed 4092K, reserved 1048576K
}
Event: 5727.206 GC heap after
{Heap after GC invocations=22 (full 0):
 garbage-first heap   total 129024K, used 11623K [0x0000000083000000, 0x0000000100000000)
  region size 1024K, 2 young (2048K), 2 survivors (2048K)
 Metaspace       used 36411K, capacity 36982K, committed 37328K, reserved 1083392K
  class space    used 3729K, capacity 3972K, committed 4092K, reserved 1048576K
}
Event: 6090.215 GC heap before
{Heap before GC invocations=22 (full 0):
 garbage-first heap   total 129024K, used 102759K [0x0000000083000000, 0x0000000100000000)
  region size 1024K, 75 young (76800K), 2 survivors (2048K)
 Metaspace       used 36444K, capacity 37046K, committed 37328K, reserved 1083392K
  class space    used 3729K, capacity 3972K, committed 4092K, reserved 1048576K
}
Event: 6090.217 GC heap after
{Heap after GC invocations=23 (full 0):
 garbage-first heap   total 129024K, used 11733K [0x0000000083000000, 0x0000000100000000)
  region size 1024K, 1 young (1024K), 1 survivors (1024K)
 Metaspace       used 36444K, capacity 37046K, committed 37328K, reserved 1083392K
  class space    used 3729K, capacity 3972K, committed 4092K, reserved 1048576K
}
Event: 6545.818 GC heap before
{Heap before GC invocations=23 (full 0):
 garbage-first heap   total 129024K, used 102869K [0x0000000083000000, 0x0000000100000000)
  region size 1024K, 75 young (76800K), 1 survivors (1024K)
 Metaspace       used 36450K, capacity 37046K, committed 37328K, reserved 1083392K
  class space    used 3729K, capacity 3972K, committed 4092K, reserved 1048576K
}
Event: 6545.820 GC heap after
{Heap after GC invocations=24 (full 0):
 garbage-first heap   total 129024K, used 11704K [0x0000000083000000, 0x0000000100000000)
  region size 1024K, 1 young (1024K), 1 survivors (1024K)
 Metaspace       used 36450K, capacity 37046K, committed 37328K, reserved 1083392K
  class space    used 3729K, capacity 3972K, committed 4092K, reserved 1048576K
}
Event: 7027.178 GC heap before
{Heap before GC invocations=24 (full 0):
 garbage-first heap   total 129024K, used 91576K [0x0000000083000000, 0x0000000100000000)
  region size 1024K, 75 young (76800K), 1 survivors (1024K)
 Metaspace       used 36486K, capacity 37046K, committed 37328K, reserved 1083392K
  class space    used 3729K, capacity 3972K, committed 4092K, reserved 1048576K
}
Event: 7027.182 GC heap after
{Heap after GC invocations=25 (full 0):
 garbage-first heap   total 129024K, used 11674K [0x0000000083000000, 0x0000000100000000)
  region size 1024K, 1 young (1024K), 1 survivors (1024K)
 Metaspace       used 36486K, capacity 37046K, committed 37328K, reserved 1083392K
  class space    used 3729K, capacity 3972K, committed 4092K, reserved 1048576K
}
Event: 7480.399 GC heap before
{Heap before GC invocations=25 (full 0):
 garbage-first heap   total 129024K, used 92570K [0x0000000083000000, 0x0000000100000000)
  region size 1024K, 75 young (76800K), 1 survivors (1024K)
 Metaspace       used 36494K, capacity 37046K, committed 37328K, reserved 1083392K
  class space    used 3729K, capacity 3972K, committed 4092K, reserved 1048576K
}
Event: 7480.401 GC heap after
{Heap after GC invocations=26 (full 0):
 garbage-first heap   total 129024K, used 11639K [0x0000000083000000, 0x0000000100000000)
  region size 1024K, 1 young (1024K), 1 survivors (1024K)
 Metaspace       used 36494K, capacity 37046K, committed 37328K, reserved 1083392K
  class space    used 3729K, capacity 3972K, committed 4092K, reserved 1048576K
}
Event: 7863.945 GC heap before
{Heap before GC invocations=26 (full 0):
 garbage-first heap   total 129024K, used 98679K [0x0000000083000000, 0x0000000100000000)
  region size 1024K, 75 young (76800K), 1 survivors (1024K)
 Metaspace       used 36555K, capacity 37183K, committed 37584K, reserved 1083392K
  class space    used 3729K, capacity 3972K, committed 4092K, reserved 1048576K
}
Event: 7863.948 GC heap after
{Heap after GC invocations=27 (full 0):
 garbage-first heap   total 129024K, used 11779K [0x0000000083000000, 0x0000000100000000)
  region size 1024K, 1 young (1024K), 1 survivors (1024K)
 Metaspace       used 36555K, capacity 37183K, committed 37584K, reserved 1083392K
  class space    used 3729K, capacity 3972K, committed 4092K, reserved 1048576K
}
Event: 8314.543 GC heap before
{Heap before GC invocations=27 (full 0):
 garbage-first heap   total 129024K, used 102915K [0x0000000083000000, 0x0000000100000000)
  region size 1024K, 75 young (76800K), 1 survivors (1024K)
 Metaspace       used 36578K, capacity 37183K, committed 37584K, reserved 1083392K
  class space    used 3729K, capacity 3972K, committed 4092K, reserved 1048576K
}
Event: 8314.544 GC heap after
{Heap after GC invocations=28 (full 0):
 garbage-first heap   total 129024K, used 11661K [0x0000000083000000, 0x0000000100000000)
  region size 1024K, 1 young (1024K), 1 survivors (1024K)
 Metaspace       used 36578K, capacity 37183K, committed 37584K, reserved 1083392K
  class space    used 3729K, capacity 3972K, committed 4092K, reserved 1048576K
}
Event: 11709.518 GC heap before
{Heap before GC invocations=28 (full 0):
 garbage-first heap   total 129024K, used 115085K [0x0000000083000000, 0x0000000100000000)
  region size 1024K, 75 young (76800K), 1 survivors (1024K)
 Metaspace       used 36657K, capacity 37248K, committed 37584K, reserved 1083392K
  class space    used 3729K, capacity 3972K, committed 4092K, reserved 1048576K
}
Event: 11709.523 GC heap after
{Heap after GC invocations=29 (full 0):
 garbage-first heap   total 129024K, used 11746K [0x0000000083000000, 0x0000000100000000)
  region size 1024K, 1 young (1024K), 1 survivors (1024K)
 Metaspace       used 36657K, capacity 37248K, committed 37584K, reserved 1083392K
  class space    used 3729K, capacity 3972K, committed 4092K, reserved 1048576K
}

Deoptimization events (20 events):
Event: 25260.297 Thread 0x000002459970b000 Uncommon trap: trap_request=0xffffffe4 fr.pc=0x0000024590411034 relative=0x00000000000000f4
Event: 25260.298 Thread 0x000002459970b000 Uncommon trap: reason=range_check action=make_not_entrant pc=0x0000024590411034 method=com.fasterxml.jackson.databind.ser.impl.PropertySerializerMap$Multi.serializerFor(Ljava/lang/Class;)Lcom/fasterxml/jackson/databind/JsonSerializer; @ 5 c2
Event: 25260.298 Thread 0x000002459970b000 DEOPT PACKING pc=0x0000024590411034 sp=0x0000007ca75fe770
Event: 25260.298 Thread 0x000002459970b000 DEOPT UNPACKING pc=0x00000245886374af sp=0x0000007ca75fe6f0 mode 2
Event: 25636.485 Thread 0x000002459819d000 Uncommon trap: trap_request=0xffffff4d fr.pc=0x000002459032c1b4 relative=0x0000000000000594
Event: 25636.485 Thread 0x000002459819d000 Uncommon trap: reason=unstable_if action=reinterpret pc=0x000002459032c1b4 method=net.dv8tion.jda.internal.audio.AudioConnection$PacketProvider.getNextPacketRaw(Z)Ljava/nio/ByteBuffer; @ 9 c2
Event: 25636.485 Thread 0x000002459819d000 DEOPT PACKING pc=0x000002459032c1b4 sp=0x0000007cab1fed80
Event: 25636.485 Thread 0x000002459819d000 DEOPT UNPACKING pc=0x00000245886374af sp=0x0000007cab1fed50 mode 2
Event: 27692.590 Thread 0x000002459819e800 Uncommon trap: trap_request=0xffffff4d fr.pc=0x0000024590388894 relative=0x0000000000000154
Event: 27692.590 Thread 0x000002459819e800 Uncommon trap: reason=unstable_if action=reinterpret pc=0x0000024590388894 method=java.util.concurrent.locks.AbstractQueuedSynchronizer.acquire(I)V @ 20 c2
Event: 27692.590 Thread 0x000002459819e800 DEOPT PACKING pc=0x0000024590388894 sp=0x0000007cab8fede0
Event: 27692.590 Thread 0x000002459819e800 DEOPT UNPACKING pc=0x00000245886374af sp=0x0000007cab8fed28 mode 2
Event: 32025.388 Thread 0x0000024598edf800 Uncommon trap: trap_request=0xffffff4d fr.pc=0x000002459040eb14 relative=0x00000000000013f4
Event: 32025.388 Thread 0x0000024598edf800 Uncommon trap: reason=unstable_if action=reinterpret pc=0x000002459040eb14 method=sun.security.ssl.SSLSocketImpl$AppInputStream.checkEOF()Z @ 10 c2
Event: 32025.388 Thread 0x0000024598edf800 DEOPT PACKING pc=0x000002459040eb14 sp=0x0000007ca82fec30
Event: 32025.388 Thread 0x0000024598edf800 DEOPT UNPACKING pc=0x00000245886374af sp=0x0000007ca82feb68 mode 2
Event: 34201.818 Thread 0x0000024598800800 Uncommon trap: trap_request=0xffffff4d fr.pc=0x00000245902b7e58 relative=0x0000000000000138
Event: 34201.818 Thread 0x0000024598800800 Uncommon trap: reason=unstable_if action=reinterpret pc=0x00000245902b7e58 method=java.util.concurrent.ThreadPoolExecutor$Worker.tryAcquire(I)Z @ 6 c2
Event: 34201.818 Thread 0x0000024598800800 DEOPT PACKING pc=0x00000245902b7e58 sp=0x0000007ca63fe210
Event: 34201.819 Thread 0x0000024598800800 DEOPT UNPACKING pc=0x00000245886374af sp=0x0000007ca63fe1d0 mode 2

Classes redefined (0 events):
No events

Internal exceptions (20 events):
Event: 8119.614 Thread 0x0000024598807000 Exception <a 'java/net/SocketException'{0x000000008869dc70}: Connection reset by peer: socket write error> (0x000000008869dc70) thrown at [./src/hotspot/share/prims/jni.cpp, line 636]
Event: 8157.363 Thread 0x0000024598802000 Exception <a 'java/net/SocketTimeoutException'{0x00000000880b2188}: Read timed out> (0x00000000880b2188) thrown at [./src/hotspot/share/prims/jni.cpp, line 636]
Event: 8283.662 Thread 0x0000024598802000 Exception <a 'sun/net/ConnectionResetException'{0x0000000086cd3e70}: > (0x0000000086cd3e70) thrown at [./src/hotspot/share/prims/jni.cpp, line 636]
Event: 8283.662 Thread 0x0000024598802000 Exception <a 'java/net/SocketException'{0x0000000086cd5b10}: Connection reset by peer: socket write error> (0x0000000086cd5b10) thrown at [./src/hotspot/share/prims/jni.cpp, line 636]
Event: 8314.081 Thread 0x0000024598807000 Exception <a 'java/net/SocketTimeoutException'{0x0000000086685488}: Read timed out> (0x0000000086685488) thrown at [./src/hotspot/share/prims/jni.cpp, line 636]
Event: 8329.723 Thread 0x0000024598ee9000 Exception <a 'java/net/SocketException'{0x000000008a95f940}: Socket closed> (0x000000008a95f940) thrown at [./src/hotspot/share/prims/jni.cpp, line 636]
Event: 8527.633 Thread 0x0000024598801800 Exception <a 'java/net/SocketTimeoutException'{0x000000008a8c8738}: Read timed out> (0x000000008a8c8738) thrown at [./src/hotspot/share/prims/jni.cpp, line 636]
Event: 8538.472 Thread 0x0000024598ee6000 Exception <a 'java/net/SocketException'{0x000000008a476388}: Socket closed> (0x000000008a476388) thrown at [./src/hotspot/share/prims/jni.cpp, line 636]
Event: 8690.992 Thread 0x0000024598807000 Exception <a 'sun/net/ConnectionResetException'{0x0000000088cdaf38}: > (0x0000000088cdaf38) thrown at [./src/hotspot/share/prims/jni.cpp, line 636]
Event: 8690.992 Thread 0x0000024598807000 Exception <a 'java/net/SocketException'{0x0000000088cdcbd8}: Connection reset by peer: socket write error> (0x0000000088cdcbd8) thrown at [./src/hotspot/share/prims/jni.cpp, line 636]
Event: 8722.566 Thread 0x0000024598802000 Exception <a 'java/net/SocketTimeoutException'{0x00000000886afda0}: Read timed out> (0x00000000886afda0) thrown at [./src/hotspot/share/prims/jni.cpp, line 636]
Event: 8742.166 Thread 0x00000245987ff800 Exception <a 'java/net/SocketException'{0x0000000087efb830}: Socket closed> (0x0000000087efb830) thrown at [./src/hotspot/share/prims/jni.cpp, line 636]
Event: 8898.119 Thread 0x0000024598ee4800 Exception <a 'java/net/SocketException'{0x0000000087be5658}: Socket closed> (0x0000000087be5658) thrown at [./src/hotspot/share/prims/jni.cpp, line 636]
Event: 11718.601 Thread 0x0000024598ee4800 Exception <a 'java/net/SocketException'{0x000000008ab098a8}: Socket closed> (0x000000008ab098a8) thrown at [./src/hotspot/share/prims/jni.cpp, line 636]
Event: 11797.574 Thread 0x0000024598ede800 Implicit null exception at 0x0000024590410b7b to 0x0000024590410fbc
Event: 26058.607 Thread 0x000002459819c000 Exception <a 'java/net/SocketException'{0x0000000088c06650}: Socket closed> (0x0000000088c06650) thrown at [./src/hotspot/share/prims/jni.cpp, line 636]
Event: 27692.589 Thread 0x000002459819b000 Exception <a 'java/net/SocketException'{0x0000000087fee5b8}: Socket closed> (0x0000000087fee5b8) thrown at [./src/hotspot/share/prims/jni.cpp, line 636]
Event: 28430.805 Thread 0x000002459819e800 Exception <a 'java/net/SocketException'{0x0000000087c5e1a0}: Socket closed> (0x0000000087c5e1a0) thrown at [./src/hotspot/share/prims/jni.cpp, line 636]
Event: 32025.350 Thread 0x0000024598edf800 Exception <a 'sun/net/ConnectionResetException'{0x000000008796a908}: > (0x000000008796a908) thrown at [./src/hotspot/share/prims/jni.cpp, line 636]
Event: 32025.366 Thread 0x0000024598edf800 Exception <a 'java/net/SocketException'{0x000000008796bbc0}: Connection reset by peer: socket write error> (0x000000008796bbc0) thrown at [./src/hotspot/share/prims/jni.cpp, line 636]

Events (20 events):
Event: 34080.891 Executing VM operation: RevokeBias
Event: 34080.892 Executing VM operation: RevokeBias done
Event: 34080.892 Thread 0x00000245986db800 Thread exited: 0x00000245986db800
Event: 34188.919 Executing VM operation: RevokeBias
Event: 34188.920 Executing VM operation: RevokeBias done
Event: 34201.808 Executing VM operation: RevokeBias
Event: 34201.808 Executing VM operation: RevokeBias done
Event: 34201.808 Executing VM operation: RevokeBias
Event: 34201.809 Executing VM operation: RevokeBias done
Event: 34201.816 Executing VM operation: RevokeBias
Event: 34201.816 Executing VM operation: RevokeBias done
Event: 34201.817 Thread 0x00000245986dd800 Thread exited: 0x00000245986dd800
Event: 34201.817 Executing VM operation: RevokeBias
Event: 34201.817 Executing VM operation: RevokeBias done
Event: 34201.817 Thread 0x00000245986db000 Thread exited: 0x00000245986db000
Event: 34201.817 Executing VM operation: RevokeBias
Event: 34201.817 Executing VM operation: RevokeBias done
Event: 34201.817 Thread 0x00000245986dd800 Thread added: 0x00000245986dd800
Event: 34201.818 Thread 0x00000245986de000 Thread added: 0x00000245986de000
Event: 34201.818 Thread 0x00000245986dc800 Thread exited: 0x00000245986dc800


Dynamic libraries:
0x00007ff7037c0000 - 0x00007ff7037cd000 	C:\Program Files\AdoptOpenJDK\jdk-11.0.9.101-hotspot\bin\java.exe
0x00007ffd1e7c0000 - 0x00007ffd1e9b0000 	C:\Windows\SYSTEM32\ntdll.dll
0x00007ffd1dd30000 - 0x00007ffd1dde2000 	C:\Windows\System32\KERNEL32.DLL
0x00007ffd1c500000 - 0x00007ffd1c7a3000 	C:\Windows\System32\KERNELBASE.dll
0x00007ffd1c170000 - 0x00007ffd1c26a000 	C:\Windows\System32\ucrtbase.dll
0x00007ffced260000 - 0x00007ffced275000 	C:\Program Files\AdoptOpenJDK\jdk-11.0.9.101-hotspot\bin\VCRUNTIME140.dll
0x00007ffcfbf40000 - 0x00007ffcfbf57000 	C:\Program Files\AdoptOpenJDK\jdk-11.0.9.101-hotspot\bin\jli.dll
0x00007ffd1cc50000 - 0x00007ffd1cde4000 	C:\Windows\System32\USER32.dll
0x00007ffd1c4a0000 - 0x00007ffd1c4c1000 	C:\Windows\System32\win32u.dll
0x00007ffcfeb40000 - 0x00007ffcfedc5000 	C:\Windows\WinSxS\amd64_microsoft.windows.common-controls_6595b64144ccf1df_6.0.18362.720_none_e6beb5c51314836b\COMCTL32.dll
0x00007ffd1d6e0000 - 0x00007ffd1d706000 	C:\Windows\System32\GDI32.dll
0x00007ffd1ddf0000 - 0x00007ffd1de8e000 	C:\Windows\System32\msvcrt.dll
0x00007ffd1b800000 - 0x00007ffd1b994000 	C:\Windows\System32\gdi32full.dll
0x00007ffd1c7b0000 - 0x00007ffd1c84e000 	C:\Windows\System32\msvcp_win.dll
0x00007ffd1c870000 - 0x00007ffd1cba6000 	C:\Windows\System32\combase.dll
0x00007ffd1d260000 - 0x00007ffd1d380000 	C:\Windows\System32\RPCRT4.dll
0x00007ffd1c420000 - 0x00007ffd1c4a0000 	C:\Windows\System32\bcryptPrimitives.dll
0x00007ffd1cbb0000 - 0x00007ffd1cbde000 	C:\Windows\System32\IMM32.DLL
0x00007ffcb0a50000 - 0x00007ffcb0aeb000 	C:\Program Files\AdoptOpenJDK\jdk-11.0.9.101-hotspot\bin\msvcp140.dll
0x00007ffc843f0000 - 0x00007ffc84f33000 	C:\Program Files\AdoptOpenJDK\jdk-11.0.9.101-hotspot\bin\server\jvm.dll
0x00007ffd1d7c0000 - 0x00007ffd1d863000 	C:\Windows\System32\ADVAPI32.dll
0x00007ffd1dc10000 - 0x00007ffd1dca7000 	C:\Windows\System32\sechost.dll
0x00007ffd1dc00000 - 0x00007ffd1dc08000 	C:\Windows\System32\PSAPI.DLL
0x00007ffcd8360000 - 0x00007ffcd8369000 	C:\Windows\SYSTEM32\WSOCK32.dll
0x00007ffd1d880000 - 0x00007ffd1d8ef000 	C:\Windows\System32\WS2_32.dll
0x00007ffd18f20000 - 0x00007ffd18f44000 	C:\Windows\SYSTEM32\WINMM.dll
0x00007ffd13ca0000 - 0x00007ffd13caa000 	C:\Windows\SYSTEM32\VERSION.dll
0x00007ffd18ef0000 - 0x00007ffd18f1d000 	C:\Windows\SYSTEM32\winmmbase.dll
0x00007ffd1c120000 - 0x00007ffd1c16a000 	C:\Windows\System32\cfgmgr32.dll
0x00007ffd1b730000 - 0x00007ffd1b741000 	C:\Windows\System32\kernel.appcore.dll
0x00007ffd17920000 - 0x00007ffd17930000 	C:\Program Files\AdoptOpenJDK\jdk-11.0.9.101-hotspot\bin\verify.dll
0x00007ffd19360000 - 0x00007ffd19554000 	C:\Windows\SYSTEM32\DBGHELP.DLL
0x00007ffcec0d0000 - 0x00007ffcec0fa000 	C:\Windows\SYSTEM32\dbgcore.DLL
0x00007ffcec2b0000 - 0x00007ffcec2d8000 	C:\Program Files\AdoptOpenJDK\jdk-11.0.9.101-hotspot\bin\java.dll
0x00007ffd04110000 - 0x00007ffd0411a000 	C:\Program Files\AdoptOpenJDK\jdk-11.0.9.101-hotspot\bin\jimage.dll
0x00007ffcead80000 - 0x00007ffcead97000 	C:\Program Files\AdoptOpenJDK\jdk-11.0.9.101-hotspot\bin\zip.dll
0x00007ffd1e090000 - 0x00007ffd1e775000 	C:\Windows\System32\SHELL32.dll
0x00007ffd1d710000 - 0x00007ffd1d7b9000 	C:\Windows\System32\shcore.dll
0x00007ffd1b9a0000 - 0x00007ffd1c120000 	C:\Windows\System32\windows.storage.dll
0x00007ffd1b700000 - 0x00007ffd1b723000 	C:\Windows\System32\profapi.dll
0x00007ffd1b6b0000 - 0x00007ffd1b6fa000 	C:\Windows\System32\powrprof.dll
0x00007ffd1b680000 - 0x00007ffd1b690000 	C:\Windows\System32\UMPDC.dll
0x00007ffd1d680000 - 0x00007ffd1d6d2000 	C:\Windows\System32\shlwapi.dll
0x00007ffd1c850000 - 0x00007ffd1c867000 	C:\Windows\System32\cryptsp.dll
0x00007ffcead60000 - 0x00007ffcead79000 	C:\Program Files\AdoptOpenJDK\jdk-11.0.9.101-hotspot\bin\net.dll
0x00007ffd14e40000 - 0x00007ffd14f31000 	C:\Windows\SYSTEM32\WINHTTP.dll
0x00007ffd1aef0000 - 0x00007ffd1af57000 	C:\Windows\system32\mswsock.dll
0x00007ffcead10000 - 0x00007ffcead22000 	C:\Program Files\AdoptOpenJDK\jdk-11.0.9.101-hotspot\bin\nio.dll
0x00007ffd15f90000 - 0x00007ffd15f9e000 	C:\Program Files\AdoptOpenJDK\jdk-11.0.9.101-hotspot\bin\sunmscapi.dll
0x00007ffd1c2d0000 - 0x00007ffd1c419000 	C:\Windows\System32\CRYPT32.dll
0x00007ffd1b690000 - 0x00007ffd1b6a2000 	C:\Windows\System32\MSASN1.dll
0x00007ffd1b1c0000 - 0x00007ffd1b1e6000 	C:\Windows\SYSTEM32\ncrypt.dll
0x00007ffd1c4d0000 - 0x00007ffd1c4f6000 	C:\Windows\System32\bcrypt.dll
0x00007ffd1b180000 - 0x00007ffd1b1bb000 	C:\Windows\SYSTEM32\NTASN1.dll
0x00007ffd15f60000 - 0x00007ffd15f85000 	C:\Program Files\AdoptOpenJDK\jdk-11.0.9.101-hotspot\bin\sunec.dll
0x00007ffd1aa60000 - 0x00007ffd1aa93000 	C:\Windows\system32\rsaenh.dll
0x00007ffd1b570000 - 0x00007ffd1b595000 	C:\Windows\SYSTEM32\USERENV.dll
0x00007ffd1b0c0000 - 0x00007ffd1b0cc000 	C:\Windows\SYSTEM32\CRYPTBASE.dll
0x00007ffd1ac00000 - 0x00007ffd1ac3a000 	C:\Windows\SYSTEM32\IPHLPAPI.DLL
0x00007ffd1df40000 - 0x00007ffd1df48000 	C:\Windows\System32\NSI.dll
0x00007ffd118b0000 - 0x00007ffd118c6000 	C:\Windows\SYSTEM32\dhcpcsvc6.DLL
0x00007ffd11760000 - 0x00007ffd1177c000 	C:\Windows\SYSTEM32\dhcpcsvc.DLL
0x00007ffd1ac40000 - 0x00007ffd1ad0a000 	C:\Windows\SYSTEM32\DNSAPI.dll
0x00007ffd0e680000 - 0x00007ffd0e68a000 	C:\Windows\System32\rasadhlp.dll
0x00007ffd0f470000 - 0x00007ffd0f4e7000 	C:\Windows\System32\fwpuclnt.dll
0x0000000063c80000 - 0x0000000063cea000 	C:\Users\Sabjen\AppData\Local\Temp\lava-jni-natives\1611220153073\libmpg123-0.dll
0x00007ffcb1090000 - 0x00007ffcb12e2000 	C:\Users\Sabjen\AppData\Local\Temp\lava-jni-natives\1611220153078\connector.dll
0x00007ffcfe410000 - 0x00007ffcfe431000 	C:\Users\Sabjen\AppData\Local\Temp\lava-jni-natives\1611220153493\udpqueue.dll
0x00007ffcb08b0000 - 0x00007ffcb0a49000 	C:\Program Files\AdoptOpenJDK\jdk-11.0.9.101-hotspot\bin\awt.dll
0x00007ffd1d8f0000 - 0x00007ffd1d9b4000 	C:\Windows\System32\OLEAUT32.dll
0x00007ffd19180000 - 0x00007ffd1920f000 	C:\Windows\SYSTEM32\apphelp.dll

dbghelp: loaded successfully - version: 4.0.5 - missing functions: none
symbol engine: initialized successfully - sym options: 0x614 - pdb path: .;C:\Program Files\AdoptOpenJDK\jdk-11.0.9.101-hotspot\bin;C:\Windows\SYSTEM32;C:\Windows\WinSxS\amd64_microsoft.windows.common-controls_6595b64144ccf1df_6.0.18362.720_none_e6beb5c51314836b;C:\Program Files\AdoptOpenJDK\jdk-11.0.9.101-hotspot\bin\server;C:\Users\Sabjen\AppData\Local\Temp\lava-jni-natives\1611220153073;C:\Users\Sabjen\AppData\Local\Temp\lava-jni-natives\1611220153078;C:\Users\Sabjen\AppData\Local\Temp\lava-jni-natives\1611220153493

VM Arguments:
jvm_args: -Dfile.encoding=windows-1252 -Duser.country=US -Duser.language=en -Duser.variant 
java_command: sabjen.DiscordBot.Bot
java_class_path (initial): D:\Projects\Discord Bot\build\classes\java\main;D:\Projects\Discord Bot\build\resources\main;C:\Users\Sabjen\.gradle\caches\modules-2\files-2.1\org.json\json\20200518\41a767de4bde8f01d53856b905c49b2db8862f13\json-20200518.jar;C:\Users\Sabjen\.gradle\caches\modules-2\files-2.1\net.dv8tion\JDA\4.2.0_222\338fe4b3f636f026ac6268b04a40cab6eb53c6ee\JDA-4.2.0_222.jar;C:\Users\Sabjen\.gradle\caches\modules-2\files-2.1\com.sedmelluq\jda-nas\1.1.0\289911f8d4a3267db61841efb917cf95529f986e\jda-nas-1.1.0.jar;C:\Users\Sabjen\.gradle\caches\modules-2\files-2.1\com.google.apis\google-api-services-youtube\v3-rev222-1.25.0\2c5ece21466dbb3888b8773ff9fdc5fd431b8e05\google-api-services-youtube-v3-rev222-1.25.0.jar;C:\Users\Sabjen\.gradle\caches\modules-2\files-2.1\ch.qos.logback\logback-classic\1.2.3\7c4f3c474fb2c041d8028740440937705ebb473a\logback-classic-1.2.3.jar;C:\Users\Sabjen\.gradle\caches\modules-2\files-2.1\com.sedmelluq\lavaplayer\1.3.63\d9c476f02256552a22cbb6e833c5072bbdc1aa11\lavaplayer-1.3.63.jar;C:\Users\Sabjen\.gradle\caches\modules-2\files-2.1\com.google.code.gson\gson\2.8.6\9180733b7df8542621dc12e21e87557e8c99b8cb\gson-2.8.6.jar;C:\Users\Sabjen\.gradle\caches\modules-2\files-2.1\com.google.api-client\google-api-client\1.25.0\e7ff725e89ff5dcbed107be1a24e8102ae2441ee\google-api-client-1.25.0.jar;C:\Users\Sabjen\.gradle\caches\modules-2\files-2.1\com.google.oauth-client\google-oauth-client\1.25.0\c9ee14e8b095b4b301b28d57755cc482b8d6f39f\google-oauth-client-1.25.0.jar;C:\Users\Sabjen\.gradle\caches\modules-2\files-2.1\com.google.http-client\google-http-client-jackson2\1.25.0\7c5c89bd4d0d34d9f1cb3396e8da6233e5074b5c\google-http-client-jackson2-1.25.0.jar;C:\Users\Sabjen\.gradle\caches\modules-2\files-2.1\com.google.http-client\google-http-client\1.25.0\5fb16523c393bfe0210c29db44742bd308311841\google-http-client-1.25.0.jar;C:\Users\Sabjen\.gradle\caches\modules-2\files-2.1\com.google.code.findbugs\jsr305\3.0.2\25ea2e8b0c338a877313bd4672d3fe056ea78f
Launcher Type: SUN_STANDARD

[Global flags]
     intx CICompilerCount                          = 4                                         {product} {ergonomic}
     uint ConcGCThreads                            = 3                                         {product} {ergonomic}
     uint G1ConcRefinementThreads                  = 10                                        {product} {ergonomic}
   size_t G1HeapRegionSize                         = 1048576                                   {product} {ergonomic}
    uintx GCDrainStackTargetSize                   = 64                                        {product} {ergonomic}
   size_t InitialHeapSize                          = 132120576                                 {product} {ergonomic}
   size_t MarkStackSize                            = 4194304                                   {product} {ergonomic}
   size_t MaxHeapSize                              = 2097152000                                {product} {ergonomic}
   size_t MaxNewSize                               = 1258291200                                {product} {ergonomic}
   size_t MinHeapDeltaBytes                        = 1048576                                   {product} {ergonomic}
    uintx NonNMethodCodeHeapSize                   = 5836300                                {pd product} {ergonomic}
    uintx NonProfiledCodeHeapSize                  = 122910970                              {pd product} {ergonomic}
    uintx ProfiledCodeHeapSize                     = 122910970                              {pd product} {ergonomic}
    uintx ReservedCodeCacheSize                    = 251658240                              {pd product} {ergonomic}
     bool SegmentedCodeCache                       = true                                      {product} {ergonomic}
     bool UseCompressedClassPointers               = true                                 {lp64_product} {ergonomic}
     bool UseCompressedOops                        = true                                 {lp64_product} {ergonomic}
     bool UseG1GC                                  = true                                      {product} {ergonomic}
     bool UseLargePagesIndividualAllocation        = false                                  {pd product} {ergonomic}

Logging:
Log output configuration:
 #0: stdout all=warning uptime,level,tags
 #1: stderr all=off uptime,level,tags

Environment Variables:
JAVA_HOME=C:\Program Files\AdoptOpenJDK\jdk-11.0.9.101-hotspot\
CLASSPATH=D:\Projects\Discord Bot\\gradle\wrapper\gradle-wrapper.jar
PATH=C:\Program Files\AdoptOpenJDK\jdk-11.0.9.101-hotspot\bin;C:\Program Files (x86)\Common Files\Oracle\Java\javapath;C:\Windows\system32;C:\Windows;C:\Windows\System32\Wbem;C:\Windows\System32\WindowsPowerShell\v1.0\;C:\Windows\System32\OpenSSH\;C:\Program Files\NVIDIA Corporation\NVIDIA NvDLISR;C:\Program Files (x86)\NVIDIA Corporation\PhysX\Common;D:\Software\Processing 3\processing-java.exe;;C:\TDM-GCC-32\bin;C:\Users\Sabjen\AppData\Local\Microsoft\WindowsApps;C:\Users\Sabjen\AppData\Local\atom\bin;D:\Software\Microsoft VS Code\bin;D:\Software\Processing 3\processing-java.exe;
USERNAME=Sabjen
OS=Windows_NT
PROCESSOR_IDENTIFIER=Intel64 Family 6 Model 158 Stepping 10, GenuineIntel



---------------  S Y S T E M  ---------------

OS: Windows 10 , 64 bit Build 18362 (10.0.18362.329)
OS uptime: 0 days 10:02 hours

CPU:total 12 (initial active 12) (6 cores per cpu, 2 threads per core) family 6 model 158 stepping 10, cmov, cx8, fxsr, mmx, sse, sse2, sse3, ssse3, sse4.1, sse4.2, popcnt, avx, avx2, aes, clmul, erms, 3dnowpref, lzcnt, ht, tsc, tscinvbit, bmi1, bmi2, adx, fma

Memory: 4k page, system-wide physical 7999M (1317M free)
TotalPageFile size 19775M (AvailPageFile size 5766M)
current process WorkingSet (physical memory assigned to process): 71M, peak: 212M
current process commit charge ("private bytes"): 279M, peak: 295M

vm_info: OpenJDK 64-Bit Server VM (11.0.9.1+1) for windows-amd64 JRE (11.0.9.1+1), built on Nov 10 2020 15:18:49 by "" with MS VC++ 15.9 (VS2017)

END.
