#
# A fatal error has been detected by the Java Runtime Environment:
#
#  EXCEPTION_ACCESS_VIOLATION (0xc0000005) at pc=0x00007ffe5ecc72a6, pid=12056, tid=11084
#
# JRE version: OpenJDK Runtime Environment AdoptOpenJDK (11.0.9.1+1) (build 11.0.9.1+1)
# Java VM: OpenJDK 64-Bit Server VM AdoptOpenJDK (11.0.9.1+1, mixed mode, tiered, compressed oops, g1 gc, windows-amd64)
# Problematic frame:
# C  [ntdll.dll+0x72a6]
#
# No core dump will be written. Minidumps are not enabled by default on client versions of Windows
#
# If you would like to submit a bug report, please visit:
#   https://github.com/AdoptOpenJDK/openjdk-support/issues
# The crash happened outside the Java Virtual Machine in native code.
# See problematic frame for where to report the bug.
#

---------------  S U M M A R Y ------------

Command Line: -Dfile.encoding=windows-1252 -Duser.country=US -Duser.language=en -Duser.variant sabjen.DiscordBot.Bot

Host: Intel(R) Core(TM) i7-9750H CPU @ 2.60GHz, 12 cores, 7G,  Windows 10 , 64 bit Build 18362 (10.0.18362.329)
Time: Sat Jan  9 23:53:33 2021 GTB Standard Time elapsed time: 13950.823322 seconds (0d 3h 52m 30s)

---------------  T H R E A D  ---------------

Current thread (0x000001fb24672800):  JavaThread "Thread-229" daemon [_thread_in_native, id=11084, stack(0x000000c263c00000,0x000000c263d00000)]

Stack: [0x000000c263c00000,0x000000c263d00000],  sp=0x000000c263cff010,  free space=1020k
Native frames: (J=compiled Java code, j=interpreted, Vv=VM code, C=native code)
C  [ntdll.dll+0x72a6]
C  [ntdll.dll+0x1b5f6]
C  [ntdll.dll+0x1b440]
C  [udpqueue.dll+0x1375]

Java frames: (J=compiled Java code, j=interpreted, Vv=VM code)
j  com.sedmelluq.discord.lavaplayer.udpqueue.natives.UdpQueueManagerLibrary.process(J)V+0
j  com.sedmelluq.discord.lavaplayer.udpqueue.natives.UdpQueueManager.process()V+8
j  com.sedmelluq.discord.lavaplayer.jdaudp.NativeAudioSendFactory$$Lambda$202.run()V+4
j  java.lang.Thread.run()V+11 java.base@11.0.9.1
v  ~StubRoutines::call_stub

siginfo: EXCEPTION_ACCESS_VIOLATION (0xc0000005), writing address 0x0000000000000024


Register to memory mapping:

RIP=0x00007ffe5ecc72a6 ntdll.dll
RAX=0x0 is NULL
RBX=0x000001fb26cf6b30 points into unknown readable memory: 00 00 00 00 00 00 00 00
RCX=0x000001fb26cf6b30 points into unknown readable memory: 00 00 00 00 00 00 00 00
RDX=
[error occurred during error reporting (printing register info), id 0xc0000005, EXCEPTION_ACCESS_VIOLATION (0xc0000005) at pc=0x00007ffdfb7fb196]

Registers:
RAX=0x0000000000000000, RBX=0x000001fb26cf6b30, RCX=0x000001fb26cf6b30, RDX=0x00000000fffffffa
RSP=0x000000c263cff010, RBP=0x000000c263cff200, RSI=0x0000000000000000, RDI=0x0000000000000000
R8 =0x0000000000000000, R9 =0x000001fb26cf6b00, R10=0x0000000000000002, R11=0x000000c263cff100
R12=0x0000000000000000, R13=0x000000c25f2f7000, R14=0x0000000000000001, R15=0x0000000000000000
RIP=0x00007ffe5ecc72a6, EFLAGS=0x0000000000010213

Top of Stack: (sp=0x000000c263cff010)
0x000000c263cff010:   ffffffffffffffff 000001fb26cf6b30
0x000000c263cff020:   0000000000000008 000001fb23286d30
0x000000c263cff030:   000000c263cff0d0 11d026d4f9eab0c0
0x000000c263cff040:   e4346c00aa00bfbb 0000497ff1b22d0d
0x000000c263cff050:   000001fb013a8000 000001fbfffffffa
0x000000c263cff060:   000000c25f2f7000 0000000000000017
0x000000c263cff070:   000001fb013a8030 0000000000000002
0x000000c263cff080:   0000000000000000 00007ffe5d9767be
0x000000c263cff090:   0000000000000000 0000000000000000
0x000000c263cff0a0:   0000a6d52566edda 0000000000000002
0x000000c263cff0b0:   000001fb24672800 0000000000000001
0x000000c263cff0c0:   0000000000000001 0000000000000001
0x000000c263cff0d0:   0000000000000000 000001fb26cf6b30
0x000000c263cff0e0:   000000c263cff200 00007ffe5ecdb5f6
0x000000c263cff0f0:   000001fb0113dd20 00007ffe00000000
0x000000c263cff100:   00000000fffffffa 000000c263cff2c0 

Instructions: (pc=0x00007ffe5ecc72a6)
0x00007ffe5ecc71a6:   eb e8 48 8b c1 48 33 c2 83 e0 03 48 33 c8 e9 d8
0x00007ffe5ecc71b6:   fe ff ff 49 83 63 18 00 49 8b 40 20 49 89 43 20
0x00007ffe5ecc71c6:   e9 ed fe ff ff 48 89 41 18 e9 e4 fe ff ff cc cc
0x00007ffe5ecc71d6:   cc cc cc cc cc cc cc cc cc cc 80 3d 21 e2 15 00
0x00007ffe5ecc71e6:   00 0f 95 c0 c3 cc cc cc cc cc cc cc cc cc cc cc
0x00007ffe5ecc71f6:   cc cc cc cc cc cc cc cc cc cc 48 89 5c 24 18 55
0x00007ffe5ecc7206:   56 57 41 54 41 55 41 56 41 57 48 81 ec a0 00 00
0x00007ffe5ecc7216:   00 48 8b 05 c2 62 17 00 48 33 c4 48 89 84 24 90
0x00007ffe5ecc7226:   00 00 00 65 4c 8b 2c 25 30 00 00 00 48 8d 05 bf
0x00007ffe5ecc7236:   82 15 00 40 32 ed 89 54 24 48 33 f6 40 88 6c 24
0x00007ffe5ecc7246:   40 4c 89 6c 24 50 48 8b d9 44 8b e6 48 3b c8 0f
0x00007ffe5ecc7256:   84 38 01 00 00 40 38 35 a6 e1 15 00 0f 85 9b 01
0x00007ffe5ecc7266:   00 00 39 35 ba e1 15 00 0f 85 5d 01 00 00 40 38
0x00007ffe5ecc7276:   35 7d dc 15 00 48 8d 3d 7e dc 15 00 48 0f 45 fe
0x00007ffe5ecc7286:   48 39 73 18 0f 84 d1 00 00 00 48 8b 03 48 83 f8
0x00007ffe5ecc7296:   ff 0f 84 d1 00 00 00 44 8b fe 48 83 f8 ff 74 03
0x00007ffe5ecc72a6:   ff 40 24 4c 8b 73 18 4c 8d 2d 44 82 15 00 bd 22
0x00007ffe5ecc72b6:   17 00 00 e8 f2 89 03 00 85 c0 0f 85 de 0b 0a 00
0x00007ffe5ecc72c6:   b9 82 03 fe 7f 80 39 00 0f 85 ec 0b 0a 00 49 83
0x00007ffe5ecc72d6:   fe ff 0f 85 7a 0c 0a 00 4c 8b cf c7 44 24 20 00
0x00007ffe5ecc72e6:   00 00 00 41 b8 04 00 00 00 48 8d 54 24 48 48 8d
0x00007ffe5ecc72f6:   4b 08 e8 27 01 00 00 3d 02 01 00 00 0f 84 63 0c
0x00007ffe5ecc7306:   0a 00 8b 4b 08 89 4c 24 48 f6 c1 02 75 ca 3d 02
0x00007ffe5ecc7316:   01 00 00 0f 84 4c 0c 0a 00 0f b6 6c 24 40 4c 8b
0x00007ffe5ecc7326:   6c 24 50 85 c0 0f 88 0d 0d 0a 00 40 84 ed 75 72
0x00007ffe5ecc7336:   48 8b 8c 24 90 00 00 00 48 33 cc e8 6a 4e 08 00
0x00007ffe5ecc7346:   48 8b 9c 24 f0 00 00 00 48 81 c4 a0 00 00 00 41
0x00007ffe5ecc7356:   5f 41 5e 41 5d 41 5c 5f 5e 5d c3 48 8b cb e8 e7
0x00007ffe5ecc7366:   04 00 00 e9 22 ff ff ff 8b 4b 20 48 c7 c0 ff ff
0x00007ffe5ecc7376:   ff ff 48 0f ba e1 18 0f 82 1a ff ff ff 48 8b cb
0x00007ffe5ecc7386:   e8 35 c7 02 00 48 8b 03 e9 0a ff ff ff c6 44 24
0x00007ffe5ecc7396:   40 01 41 c7 85 60 17 00 00 01 00 00 00 e9 b3 fe 


Stack slot to memory mapping:
stack at sp + 0 slots: 0xffffffffffffffff is an unknown value
stack at sp + 1 slots: 0x000001fb26cf6b30 points into unknown readable memory: 00 00 00 00 00 00 00 00
stack at sp + 2 slots: 0x0000000000000008 is an unknown value
stack at sp + 3 slots: 0x000001fb23286d30 points into unknown readable memory: d0 a2 a7 24 fb 01 00 00
stack at sp + 4 slots: 0x000000c263cff0d0 is pointing into the stack for thread: 0x000001fb24672800
stack at sp + 5 slots: 0x11d026d4f9eab0c0 is an unknown value
stack at sp + 6 slots: 0xe4346c00aa00bfbb is an unknown value
stack at sp + 7 slots: 0x0000497ff1b22d0d is an unknown value


---------------  P R O C E S S  ---------------

Threads class SMR info:
_java_thread_list=0x000001fb2429ad20, length=52, elements={
0x000001fb22ea0800, 0x000001fb22ea1000, 0x000001fb22ef3800, 0x000001fb22ef5800,
0x000001fb22ef6800, 0x000001fb22ef7800, 0x000001fb22efb000, 0x000001fb2307f800,
0x000001fb23082800, 0x000001fb2410d800, 0x000001fb240fe000, 0x000001fb24317800,
0x000001fb241f1000, 0x000001fb2468d000, 0x000001fb2468c000, 0x000001fb24691800,
0x000001fb24692800, 0x000001fb2468f800, 0x000001fb2468d800, 0x000001fb2468e800,
0x000001fb24670000, 0x000001fb24671800, 0x000001fb2466e800, 0x000001fb2466c000,
0x000001fb24674000, 0x000001fb24676000, 0x000001fb2466d000, 0x000001fb2466f000,
0x000001fb24679000, 0x000001fb2467a000, 0x000001fb24691000, 0x000001fb23875800,
0x000001fb23872000, 0x000001fb23873000, 0x000001fb23874000, 0x000001fb23876800,
0x000001fb23879000, 0x000001fb2386f000, 0x000001fb23870000, 0x000001fb23879800,
0x000001fb2387d000, 0x000001fb23878000, 0x000001fb23877000, 0x000001fb2387a800,
0x000001fb23874800, 0x000001fb24676800, 0x000001fb24675000, 0x000001fb24671000,
0x000001fb2466d800, 0x000001fb23870800, 0x000001fb24673800, 0x000001fb24672800
}

Java Threads: ( => current thread )
  0x000001fb22ea0800 JavaThread "Reference Handler" daemon [_thread_blocked, id=12016, stack(0x000000c25ff00000,0x000000c260000000)]
  0x000001fb22ea1000 JavaThread "Finalizer" daemon [_thread_blocked, id=2848, stack(0x000000c260000000,0x000000c260100000)]
  0x000001fb22ef3800 JavaThread "Signal Dispatcher" daemon [_thread_blocked, id=2856, stack(0x000000c260100000,0x000000c260200000)]
  0x000001fb22ef5800 JavaThread "Attach Listener" daemon [_thread_blocked, id=2852, stack(0x000000c260200000,0x000000c260300000)]
  0x000001fb22ef6800 JavaThread "C2 CompilerThread0" daemon [_thread_blocked, id=2928, stack(0x000000c260300000,0x000000c260400000)]
  0x000001fb22ef7800 JavaThread "C1 CompilerThread0" daemon [_thread_blocked, id=8596, stack(0x000000c260400000,0x000000c260500000)]
  0x000001fb22efb000 JavaThread "Sweeper thread" daemon [_thread_blocked, id=10496, stack(0x000000c260500000,0x000000c260600000)]
  0x000001fb2307f800 JavaThread "Service Thread" daemon [_thread_blocked, id=2104, stack(0x000000c260600000,0x000000c260700000)]
  0x000001fb23082800 JavaThread "Common-Cleaner" daemon [_thread_blocked, id=14688, stack(0x000000c260800000,0x000000c260900000)]
  0x000001fb2410d800 JavaThread "JDA RateLimit-Worker 1" [_thread_blocked, id=5988, stack(0x000000c260c00000,0x000000c260d00000)]
  0x000001fb240fe000 JavaThread "JDA RateLimit-Worker 2" [_thread_blocked, id=5068, stack(0x000000c260d00000,0x000000c260e00000)]
  0x000001fb24317800 JavaThread "ForkJoinPool.commonPool-worker-19" daemon [_thread_blocked, id=9076, stack(0x000000c261e00000,0x000000c261f00000)]
  0x000001fb241f1000 JavaThread "JDA RateLimit-Worker 3" [_thread_blocked, id=1912, stack(0x000000c261f00000,0x000000c262000000)]
  0x000001fb2468d000 JavaThread "JDA Gateway-Worker 1" daemon [_thread_blocked, id=10080, stack(0x000000c260f00000,0x000000c261000000)]
  0x000001fb2468c000 JavaThread "lava-daemon-pool-manager-3-thread-1" daemon [_thread_blocked, id=10672, stack(0x000000c262100000,0x000000c262200000)]
  0x000001fb24691800 JavaThread "pool-1-thread-1" [_thread_blocked, id=1084, stack(0x000000c262200000,0x000000c262300000)]
  0x000001fb24692800 JavaThread "pool-2-thread-1" [_thread_blocked, id=2208, stack(0x000000c262300000,0x000000c262400000)]
  0x000001fb2468f800 JavaThread "DestroyJavaVM" [_thread_blocked, id=10616, stack(0x000000c25f800000,0x000000c25f900000)]
  0x000001fb2468d800 JavaThread "JDA RateLimit-Worker 4" [_thread_blocked, id=10416, stack(0x000000c261300000,0x000000c261400000)]
  0x000001fb2468e800 JavaThread "JDA RateLimit-Worker 5" [_thread_blocked, id=14000, stack(0x000000c25f500000,0x000000c25f600000)]
  0x000001fb24670000 JavaThread "lava-daemon-pool-info-loader-2-thread-1" daemon [_thread_blocked, id=3700, stack(0x000000c25f700000,0x000000c25f800000)]
  0x000001fb24671800 JavaThread "pool-3-thread-1" [_thread_blocked, id=4412, stack(0x000000c261100000,0x000000c261200000)]
  0x000001fb2466e800 JavaThread "JDA AudioLifeCycle-Worker 1" daemon [_thread_blocked, id=14348, stack(0x000000c260900000,0x000000c260a00000)]
  0x000001fb2466c000 JavaThread "pool-5-thread-1" [_thread_blocked, id=7624, stack(0x000000c261200000,0x000000c261300000)]
  0x000001fb24674000 JavaThread "pool-6-thread-1" [_thread_blocked, id=5672, stack(0x000000c261000000,0x000000c261100000)]
  0x000001fb24676000 JavaThread "pool-7-thread-1" [_thread_blocked, id=12340, stack(0x000000c262a00000,0x000000c262b00000)]
  0x000001fb2466d000 JavaThread "pool-8-thread-1" [_thread_blocked, id=1108, stack(0x000000c260e00000,0x000000c260f00000)]
  0x000001fb2466f000 JavaThread "pool-9-thread-1" [_thread_blocked, id=3960, stack(0x000000c25f600000,0x000000c25f700000)]
  0x000001fb24679000 JavaThread "pool-10-thread-1" [_thread_blocked, id=772, stack(0x000000c262d00000,0x000000c262e00000)]
  0x000001fb2467a000 JavaThread "pool-11-thread-1" [_thread_blocked, id=8120, stack(0x000000c262e00000,0x000000c262f00000)]
  0x000001fb24691000 JavaThread "pool-12-thread-1" [_thread_blocked, id=3048, stack(0x000000c262f00000,0x000000c263000000)]
  0x000001fb23875800 JavaThread "pool-13-thread-1" [_thread_blocked, id=284, stack(0x000000c263200000,0x000000c263300000)]
  0x000001fb23872000 JavaThread "pool-14-thread-1" [_thread_blocked, id=1556, stack(0x000000c263300000,0x000000c263400000)]
  0x000001fb23873000 JavaThread "pool-15-thread-1" [_thread_blocked, id=11092, stack(0x000000c263400000,0x000000c263500000)]
  0x000001fb23874000 JavaThread "pool-16-thread-1" [_thread_blocked, id=9240, stack(0x000000c263500000,0x000000c263600000)]
  0x000001fb23876800 JavaThread "pool-17-thread-1" [_thread_blocked, id=7428, stack(0x000000c263800000,0x000000c263900000)]
  0x000001fb23879000 JavaThread "lava-daemon-pool-playback-1-thread-5" daemon [_thread_blocked, id=4420, stack(0x000000c263f00000,0x000000c264000000)]
  0x000001fb2386f000 JavaThread "pool-18-thread-1" [_thread_blocked, id=8844, stack(0x000000c261400000,0x000000c261500000)]
  0x000001fb23870000 JavaThread "pool-19-thread-1" [_thread_blocked, id=1988, stack(0x000000c262900000,0x000000c262a00000)]
  0x000001fb23879800 JavaThread "JDA MainWS-ReadThread" [_thread_in_native, id=11756, stack(0x000000c262c00000,0x000000c262d00000)]
  0x000001fb2387d000 JavaThread "JDA MainWS-WriteThread" [_thread_blocked, id=11792, stack(0x000000c263000000,0x000000c263100000)]
  0x000001fb23878000 JavaThread "pool-20-thread-1" [_thread_blocked, id=15296, stack(0x000000c262500000,0x000000c262600000)]
  0x000001fb23877000 JavaThread "Timer-11" [_thread_blocked, id=13340, stack(0x000000c263100000,0x000000c263200000)]
  0x000001fb2387a800 JavaThread "pool-21-thread-1" [_thread_blocked, id=11568, stack(0x000000c263600000,0x000000c263700000)]
  0x000001fb23874800 JavaThread "pool-22-thread-1" [_thread_blocked, id=2728, stack(0x000000c263700000,0x000000c263800000)]
  0x000001fb24676800 JavaThread "pool-23-thread-1" [_thread_blocked, id=9380, stack(0x000000c262400000,0x000000c262500000)]
  0x000001fb24675000 JavaThread "pool-24-thread-1" [_thread_blocked, id=4324, stack(0x000000c263900000,0x000000c263a00000)]
  0x000001fb24671000 JavaThread "pool-25-thread-1" [_thread_blocked, id=960, stack(0x000000c263b00000,0x000000c263c00000)]
  0x000001fb2466d800 JavaThread "Timer-12" [_thread_blocked, id=13240, stack(0x000000c262000000,0x000000c262100000)]
  0x000001fb23870800 JavaThread "pool-26-thread-1" [_thread_blocked, id=11980, stack(0x000000c262600000,0x000000c262700000)]
  0x000001fb24673800 JavaThread "JDA AudioWS-ReadThread (guildId: 613486318219034624)" [_thread_in_native, id=15032, stack(0x000000c262800000,0x000000c262900000)]
=>0x000001fb24672800 JavaThread "Thread-229" daemon [_thread_in_native, id=11084, stack(0x000000c263c00000,0x000000c263d00000)]

Other Threads:
  0x000001fb2266b800 VMThread "VM Thread" [stack: 0x000000c25fe00000,0x000000c25ff00000] [id=11396]
  0x000001fb2306c800 WatcherThread [stack: 0x000000c260700000,0x000000c260800000] [id=13016]
  0x000001fb013cf000 GCTaskThread "GC Thread#0" [stack: 0x000000c25f900000,0x000000c25fa00000] [id=13336]
  0x000001fb23b10000 GCTaskThread "GC Thread#1" [stack: 0x000000c260a00000,0x000000c260b00000] [id=10112]
  0x000001fb23a84800 GCTaskThread "GC Thread#2" [stack: 0x000000c260b00000,0x000000c260c00000] [id=12164]
  0x000001fb24338800 GCTaskThread "GC Thread#3" [stack: 0x000000c261500000,0x000000c261600000] [id=6464]
  0x000001fb2433d000 GCTaskThread "GC Thread#4" [stack: 0x000000c261600000,0x000000c261700000] [id=13004]
  0x000001fb24340000 GCTaskThread "GC Thread#5" [stack: 0x000000c261700000,0x000000c261800000] [id=12968]
  0x000001fb2418f000 GCTaskThread "GC Thread#6" [stack: 0x000000c261800000,0x000000c261900000] [id=4624]
  0x000001fb24190000 GCTaskThread "GC Thread#7" [stack: 0x000000c261900000,0x000000c261a00000] [id=2272]
  0x000001fb24190800 GCTaskThread "GC Thread#8" [stack: 0x000000c261a00000,0x000000c261b00000] [id=10504]
  0x000001fb24191000 GCTaskThread "GC Thread#9" [stack: 0x000000c261b00000,0x000000c261c00000] [id=9820]
  0x000001fb01406800 ConcurrentGCThread "G1 Main Marker" [stack: 0x000000c25fa00000,0x000000c25fb00000] [id=8620]
  0x000001fb01407800 ConcurrentGCThread "G1 Conc#0" [stack: 0x000000c25fb00000,0x000000c25fc00000] [id=12784]
  0x000001fb23fa6800 ConcurrentGCThread "G1 Conc#1" [stack: 0x000000c261c00000,0x000000c261d00000] [id=5156]
  0x000001fb242ee000 ConcurrentGCThread "G1 Conc#2" [stack: 0x000000c261d00000,0x000000c261e00000] [id=12696]
  0x000001fb224da800 ConcurrentGCThread "G1 Refine#0" [stack: 0x000000c25fc00000,0x000000c25fd00000] [id=8940]
  0x000001fb224db800 ConcurrentGCThread "G1 Young RemSet Sampling" [stack: 0x000000c25fd00000,0x000000c25fe00000] [id=8884]

Threads with active compile tasks:

VM state:not at safepoint (normal execution)

VM Mutex/Monitor currently owned by a thread: None

Heap address: 0x0000000083000000, size: 2000 MB, Compressed Oops mode: 32-bit
Narrow klass base: 0x0000000000000000, Narrow klass shift: 3
Compressed class space size: 1073741824 Address: 0x0000000100000000

Heap:
 garbage-first heap   total 129024K, used 25237K [0x0000000083000000, 0x0000000100000000)
  region size 1024K, 20 young (20480K), 6 survivors (6144K)
 Metaspace       used 35544K, capacity 36182K, committed 36608K, reserved 1081344K
  class space    used 3727K, capacity 3966K, committed 4096K, reserved 1048576K
Heap Regions: E=young(eden), S=young(survivor), O=old, HS=humongous(starts), HC=humongous(continues), CS=collection set, F=free, A=archive, TAMS=top-at-mark-start (previous, next)
|   0|0x0000000083000000, 0x0000000083100000, 0x0000000083100000|100%| O|  |TAMS 0x0000000083100000, 0x0000000083000000| Untracked 
|   1|0x0000000083100000, 0x0000000083200000, 0x0000000083200000|100%| O|  |TAMS 0x0000000083200000, 0x0000000083100000| Untracked 
|   2|0x0000000083200000, 0x0000000083300000, 0x0000000083300000|100%| O|  |TAMS 0x0000000083300000, 0x0000000083200000| Untracked 
|   3|0x0000000083300000, 0x0000000083400000, 0x0000000083400000|100%| O|  |TAMS 0x0000000083400000, 0x0000000083300000| Untracked 
|   4|0x0000000083400000, 0x0000000083500000, 0x0000000083500000|100%| O|  |TAMS 0x0000000083500000, 0x0000000083400000| Untracked 
|   5|0x0000000083500000, 0x0000000083600000, 0x0000000083600000|100%| O|  |TAMS 0x0000000083600000, 0x0000000083500000| Untracked 
|   6|0x0000000083600000, 0x0000000083600000, 0x0000000083700000|  0%| F|  |TAMS 0x0000000083600000, 0x0000000083600000| Untracked 
|   7|0x0000000083700000, 0x0000000083700000, 0x0000000083800000|  0%| F|  |TAMS 0x0000000083700000, 0x0000000083700000| Untracked 
|   8|0x0000000083800000, 0x0000000083800000, 0x0000000083900000|  0%| F|  |TAMS 0x0000000083800000, 0x0000000083800000| Untracked 
|   9|0x0000000083900000, 0x0000000083900000, 0x0000000083a00000|  0%| F|  |TAMS 0x0000000083900000, 0x0000000083900000| Untracked 
|  10|0x0000000083a00000, 0x0000000083a00000, 0x0000000083b00000|  0%| F|  |TAMS 0x0000000083a00000, 0x0000000083a00000| Untracked 
|  11|0x0000000083b00000, 0x0000000083b00000, 0x0000000083c00000|  0%| F|  |TAMS 0x0000000083b00000, 0x0000000083b00000| Untracked 
|  12|0x0000000083c00000, 0x0000000083c00000, 0x0000000083d00000|  0%| F|  |TAMS 0x0000000083c00000, 0x0000000083c00000| Untracked 
|  13|0x0000000083d00000, 0x0000000083d00000, 0x0000000083e00000|  0%| F|  |TAMS 0x0000000083d00000, 0x0000000083d00000| Untracked 
|  14|0x0000000083e00000, 0x0000000083e00000, 0x0000000083f00000|  0%| F|  |TAMS 0x0000000083e00000, 0x0000000083e00000| Untracked 
|  15|0x0000000083f00000, 0x0000000083f24600, 0x0000000084000000| 14%| O|  |TAMS 0x0000000083f24600, 0x0000000083f00000| Untracked 
|  16|0x0000000084000000, 0x0000000084000000, 0x0000000084100000|  0%| F|  |TAMS 0x0000000084000000, 0x0000000084000000| Untracked 
|  17|0x0000000084100000, 0x0000000084100000, 0x0000000084200000|  0%| F|  |TAMS 0x0000000084100000, 0x0000000084100000| Untracked 
|  18|0x0000000084200000, 0x0000000084200000, 0x0000000084300000|  0%| F|  |TAMS 0x0000000084200000, 0x0000000084200000| Untracked 
|  19|0x0000000084300000, 0x0000000084300000, 0x0000000084400000|  0%| F|  |TAMS 0x0000000084300000, 0x0000000084300000| Untracked 
|  20|0x0000000084400000, 0x0000000084400000, 0x0000000084500000|  0%| F|  |TAMS 0x0000000084400000, 0x0000000084400000| Untracked 
|  21|0x0000000084500000, 0x0000000084500000, 0x0000000084600000|  0%| F|  |TAMS 0x0000000084500000, 0x0000000084500000| Untracked 
|  22|0x0000000084600000, 0x0000000084600000, 0x0000000084700000|  0%| F|  |TAMS 0x0000000084600000, 0x0000000084600000| Untracked 
|  23|0x0000000084700000, 0x0000000084700000, 0x0000000084800000|  0%| F|  |TAMS 0x0000000084700000, 0x0000000084700000| Untracked 
|  24|0x0000000084800000, 0x0000000084800000, 0x0000000084900000|  0%| F|  |TAMS 0x0000000084800000, 0x0000000084800000| Untracked 
|  25|0x0000000084900000, 0x0000000084900000, 0x0000000084a00000|  0%| F|  |TAMS 0x0000000084900000, 0x0000000084900000| Untracked 
|  26|0x0000000084a00000, 0x0000000084a00000, 0x0000000084b00000|  0%| F|  |TAMS 0x0000000084a00000, 0x0000000084a00000| Untracked 
|  27|0x0000000084b00000, 0x0000000084b00000, 0x0000000084c00000|  0%| F|  |TAMS 0x0000000084b00000, 0x0000000084b00000| Untracked 
|  28|0x0000000084c00000, 0x0000000084c00000, 0x0000000084d00000|  0%| F|  |TAMS 0x0000000084c00000, 0x0000000084c00000| Untracked 
|  29|0x0000000084d00000, 0x0000000084d00000, 0x0000000084e00000|  0%| F|  |TAMS 0x0000000084d00000, 0x0000000084d00000| Untracked 
|  30|0x0000000084e00000, 0x0000000084e00000, 0x0000000084f00000|  0%| F|  |TAMS 0x0000000084e00000, 0x0000000084e00000| Untracked 
|  31|0x0000000084f00000, 0x0000000084f00000, 0x0000000085000000|  0%| F|  |TAMS 0x0000000084f00000, 0x0000000084f00000| Untracked 
|  32|0x0000000085000000, 0x0000000085000000, 0x0000000085100000|  0%| F|  |TAMS 0x0000000085000000, 0x0000000085000000| Untracked 
|  33|0x0000000085100000, 0x0000000085100000, 0x0000000085200000|  0%| F|  |TAMS 0x0000000085100000, 0x0000000085100000| Untracked 
|  34|0x0000000085200000, 0x0000000085200000, 0x0000000085300000|  0%| F|  |TAMS 0x0000000085200000, 0x0000000085200000| Untracked 
|  35|0x0000000085300000, 0x0000000085300000, 0x0000000085400000|  0%| F|  |TAMS 0x0000000085300000, 0x0000000085300000| Untracked 
|  36|0x0000000085400000, 0x0000000085400000, 0x0000000085500000|  0%| F|  |TAMS 0x0000000085400000, 0x0000000085400000| Untracked 
|  37|0x0000000085500000, 0x0000000085500000, 0x0000000085600000|  0%| F|  |TAMS 0x0000000085500000, 0x0000000085500000| Untracked 
|  38|0x0000000085600000, 0x0000000085600000, 0x0000000085700000|  0%| F|  |TAMS 0x0000000085600000, 0x0000000085600000| Untracked 
|  39|0x0000000085700000, 0x0000000085700000, 0x0000000085800000|  0%| F|  |TAMS 0x0000000085700000, 0x0000000085700000| Untracked 
|  40|0x0000000085800000, 0x0000000085800000, 0x0000000085900000|  0%| F|  |TAMS 0x0000000085800000, 0x0000000085800000| Untracked 
|  41|0x0000000085900000, 0x0000000085900000, 0x0000000085a00000|  0%| F|  |TAMS 0x0000000085900000, 0x0000000085900000| Untracked 
|  42|0x0000000085a00000, 0x0000000085a00000, 0x0000000085b00000|  0%| F|  |TAMS 0x0000000085a00000, 0x0000000085a00000| Untracked 
|  43|0x0000000085b00000, 0x0000000085b00000, 0x0000000085c00000|  0%| F|  |TAMS 0x0000000085b00000, 0x0000000085b00000| Untracked 
|  44|0x0000000085c00000, 0x0000000085c00000, 0x0000000085d00000|  0%| F|  |TAMS 0x0000000085c00000, 0x0000000085c00000| Untracked 
|  45|0x0000000085d00000, 0x0000000085d00000, 0x0000000085e00000|  0%| F|  |TAMS 0x0000000085d00000, 0x0000000085d00000| Untracked 
|  46|0x0000000085e00000, 0x0000000085e00000, 0x0000000085f00000|  0%| F|  |TAMS 0x0000000085e00000, 0x0000000085e00000| Untracked 
|  47|0x0000000085f00000, 0x0000000085f00000, 0x0000000086000000|  0%| F|  |TAMS 0x0000000085f00000, 0x0000000085f00000| Untracked 
|  48|0x0000000086000000, 0x0000000086000000, 0x0000000086100000|  0%| F|  |TAMS 0x0000000086000000, 0x0000000086000000| Untracked 
|  49|0x0000000086100000, 0x0000000086100000, 0x0000000086200000|  0%| F|  |TAMS 0x0000000086100000, 0x0000000086100000| Untracked 
|  50|0x0000000086200000, 0x0000000086200000, 0x0000000086300000|  0%| F|  |TAMS 0x0000000086200000, 0x0000000086200000| Untracked 
|  51|0x0000000086300000, 0x0000000086380e30, 0x0000000086400000| 50%| S|CS|TAMS 0x0000000086300000, 0x0000000086300000| Complete 
|  52|0x0000000086400000, 0x0000000086500000, 0x0000000086500000|100%| S|CS|TAMS 0x0000000086400000, 0x0000000086400000| Complete 
|  53|0x0000000086500000, 0x0000000086600000, 0x0000000086600000|100%| S|CS|TAMS 0x0000000086500000, 0x0000000086500000| Complete 
|  54|0x0000000086600000, 0x0000000086700000, 0x0000000086700000|100%| S|CS|TAMS 0x0000000086600000, 0x0000000086600000| Complete 
|  55|0x0000000086700000, 0x0000000086800000, 0x0000000086800000|100%| S|CS|TAMS 0x0000000086700000, 0x0000000086700000| Complete 
|  56|0x0000000086800000, 0x0000000086900000, 0x0000000086900000|100%| S|CS|TAMS 0x0000000086800000, 0x0000000086800000| Complete 
|  57|0x0000000086900000, 0x0000000086900000, 0x0000000086a00000|  0%| F|  |TAMS 0x0000000086900000, 0x0000000086900000| Untracked 
|  58|0x0000000086a00000, 0x0000000086a00000, 0x0000000086b00000|  0%| F|  |TAMS 0x0000000086a00000, 0x0000000086a00000| Untracked 
|  59|0x0000000086b00000, 0x0000000086b00000, 0x0000000086c00000|  0%| F|  |TAMS 0x0000000086b00000, 0x0000000086b00000| Untracked 
|  60|0x0000000086c00000, 0x0000000086c00000, 0x0000000086d00000|  0%| F|  |TAMS 0x0000000086c00000, 0x0000000086c00000| Untracked 
|  61|0x0000000086d00000, 0x0000000086d00000, 0x0000000086e00000|  0%| F|  |TAMS 0x0000000086d00000, 0x0000000086d00000| Untracked 
|  62|0x0000000086e00000, 0x0000000086e00000, 0x0000000086f00000|  0%| F|  |TAMS 0x0000000086e00000, 0x0000000086e00000| Untracked 
|  63|0x0000000086f00000, 0x0000000086f00000, 0x0000000087000000|  0%| F|  |TAMS 0x0000000086f00000, 0x0000000086f00000| Untracked 
|  64|0x0000000087000000, 0x0000000087000000, 0x0000000087100000|  0%| F|  |TAMS 0x0000000087000000, 0x0000000087000000| Untracked 
|  65|0x0000000087100000, 0x0000000087100000, 0x0000000087200000|  0%| F|  |TAMS 0x0000000087100000, 0x0000000087100000| Untracked 
|  66|0x0000000087200000, 0x0000000087200000, 0x0000000087300000|  0%| F|  |TAMS 0x0000000087200000, 0x0000000087200000| Untracked 
|  67|0x0000000087300000, 0x0000000087300000, 0x0000000087400000|  0%| F|  |TAMS 0x0000000087300000, 0x0000000087300000| Untracked 
|  68|0x0000000087400000, 0x0000000087400000, 0x0000000087500000|  0%| F|  |TAMS 0x0000000087400000, 0x0000000087400000| Untracked 
|  69|0x0000000087500000, 0x0000000087500000, 0x0000000087600000|  0%| F|  |TAMS 0x0000000087500000, 0x0000000087500000| Untracked 
|  70|0x0000000087600000, 0x0000000087600000, 0x0000000087700000|  0%| F|  |TAMS 0x0000000087600000, 0x0000000087600000| Untracked 
|  71|0x0000000087700000, 0x0000000087700000, 0x0000000087800000|  0%| F|  |TAMS 0x0000000087700000, 0x0000000087700000| Untracked 
|  72|0x0000000087800000, 0x0000000087800000, 0x0000000087900000|  0%| F|  |TAMS 0x0000000087800000, 0x0000000087800000| Untracked 
|  73|0x0000000087900000, 0x0000000087900000, 0x0000000087a00000|  0%| F|  |TAMS 0x0000000087900000, 0x0000000087900000| Untracked 
|  74|0x0000000087a00000, 0x0000000087a00000, 0x0000000087b00000|  0%| F|  |TAMS 0x0000000087a00000, 0x0000000087a00000| Untracked 
|  75|0x0000000087b00000, 0x0000000087b00000, 0x0000000087c00000|  0%| F|  |TAMS 0x0000000087b00000, 0x0000000087b00000| Untracked 
|  76|0x0000000087c00000, 0x0000000087c00000, 0x0000000087d00000|  0%| F|  |TAMS 0x0000000087c00000, 0x0000000087c00000| Untracked 
|  77|0x0000000087d00000, 0x0000000087d00000, 0x0000000087e00000|  0%| F|  |TAMS 0x0000000087d00000, 0x0000000087d00000| Untracked 
|  78|0x0000000087e00000, 0x0000000087e00000, 0x0000000087f00000|  0%| F|  |TAMS 0x0000000087e00000, 0x0000000087e00000| Untracked 
|  79|0x0000000087f00000, 0x0000000087f00000, 0x0000000088000000|  0%| F|  |TAMS 0x0000000087f00000, 0x0000000087f00000| Untracked 
|  80|0x0000000088000000, 0x0000000088000000, 0x0000000088100000|  0%| F|  |TAMS 0x0000000088000000, 0x0000000088000000| Untracked 
|  81|0x0000000088100000, 0x0000000088100000, 0x0000000088200000|  0%| F|  |TAMS 0x0000000088100000, 0x0000000088100000| Untracked 
|  82|0x0000000088200000, 0x0000000088200000, 0x0000000088300000|  0%| F|  |TAMS 0x0000000088200000, 0x0000000088200000| Untracked 
|  83|0x0000000088300000, 0x0000000088300000, 0x0000000088400000|  0%| F|  |TAMS 0x0000000088300000, 0x0000000088300000| Untracked 
|  84|0x0000000088400000, 0x0000000088400000, 0x0000000088500000|  0%| F|  |TAMS 0x0000000088400000, 0x0000000088400000| Untracked 
|  85|0x0000000088500000, 0x0000000088500000, 0x0000000088600000|  0%| F|  |TAMS 0x0000000088500000, 0x0000000088500000| Untracked 
|  86|0x0000000088600000, 0x0000000088600000, 0x0000000088700000|  0%| F|  |TAMS 0x0000000088600000, 0x0000000088600000| Untracked 
|  87|0x0000000088700000, 0x0000000088700000, 0x0000000088800000|  0%| F|  |TAMS 0x0000000088700000, 0x0000000088700000| Untracked 
|  88|0x0000000088800000, 0x0000000088800000, 0x0000000088900000|  0%| F|  |TAMS 0x0000000088800000, 0x0000000088800000| Untracked 
|  89|0x0000000088900000, 0x0000000088900000, 0x0000000088a00000|  0%| F|  |TAMS 0x0000000088900000, 0x0000000088900000| Untracked 
|  90|0x0000000088a00000, 0x0000000088a00000, 0x0000000088b00000|  0%| F|  |TAMS 0x0000000088a00000, 0x0000000088a00000| Untracked 
|  91|0x0000000088b00000, 0x0000000088b00000, 0x0000000088c00000|  0%| F|  |TAMS 0x0000000088b00000, 0x0000000088b00000| Untracked 
|  92|0x0000000088c00000, 0x0000000088c00000, 0x0000000088d00000|  0%| F|  |TAMS 0x0000000088c00000, 0x0000000088c00000| Untracked 
|  93|0x0000000088d00000, 0x0000000088d00000, 0x0000000088e00000|  0%| F|  |TAMS 0x0000000088d00000, 0x0000000088d00000| Untracked 
|  94|0x0000000088e00000, 0x0000000088e00000, 0x0000000088f00000|  0%| F|  |TAMS 0x0000000088e00000, 0x0000000088e00000| Untracked 
|  95|0x0000000088f00000, 0x0000000088f00000, 0x0000000089000000|  0%| F|  |TAMS 0x0000000088f00000, 0x0000000088f00000| Untracked 
|  96|0x0000000089000000, 0x0000000089000000, 0x0000000089100000|  0%| F|  |TAMS 0x0000000089000000, 0x0000000089000000| Untracked 
|  97|0x0000000089100000, 0x0000000089100000, 0x0000000089200000|  0%| F|  |TAMS 0x0000000089100000, 0x0000000089100000| Untracked 
|  98|0x0000000089200000, 0x0000000089200000, 0x0000000089300000|  0%| F|  |TAMS 0x0000000089200000, 0x0000000089200000| Untracked 
|  99|0x0000000089300000, 0x0000000089300000, 0x0000000089400000|  0%| F|  |TAMS 0x0000000089300000, 0x0000000089300000| Untracked 
| 100|0x0000000089400000, 0x0000000089400000, 0x0000000089500000|  0%| F|  |TAMS 0x0000000089400000, 0x0000000089400000| Untracked 
| 101|0x0000000089500000, 0x0000000089500000, 0x0000000089600000|  0%| F|  |TAMS 0x0000000089500000, 0x0000000089500000| Untracked 
| 102|0x0000000089600000, 0x0000000089600000, 0x0000000089700000|  0%| F|  |TAMS 0x0000000089600000, 0x0000000089600000| Untracked 
| 103|0x0000000089700000, 0x0000000089700000, 0x0000000089800000|  0%| F|  |TAMS 0x0000000089700000, 0x0000000089700000| Untracked 
| 104|0x0000000089800000, 0x0000000089800000, 0x0000000089900000|  0%| F|  |TAMS 0x0000000089800000, 0x0000000089800000| Untracked 
| 105|0x0000000089900000, 0x0000000089900000, 0x0000000089a00000|  0%| F|  |TAMS 0x0000000089900000, 0x0000000089900000| Untracked 
| 106|0x0000000089a00000, 0x0000000089a00000, 0x0000000089b00000|  0%| F|  |TAMS 0x0000000089a00000, 0x0000000089a00000| Untracked 
| 107|0x0000000089b00000, 0x0000000089b00000, 0x0000000089c00000|  0%| F|  |TAMS 0x0000000089b00000, 0x0000000089b00000| Untracked 
| 108|0x0000000089c00000, 0x0000000089c00000, 0x0000000089d00000|  0%| F|  |TAMS 0x0000000089c00000, 0x0000000089c00000| Untracked 
| 109|0x0000000089d00000, 0x0000000089d00000, 0x0000000089e00000|  0%| F|  |TAMS 0x0000000089d00000, 0x0000000089d00000| Untracked 
| 110|0x0000000089e00000, 0x0000000089e00000, 0x0000000089f00000|  0%| F|  |TAMS 0x0000000089e00000, 0x0000000089e00000| Untracked 
| 111|0x0000000089f00000, 0x0000000089f00000, 0x000000008a000000|  0%| F|  |TAMS 0x0000000089f00000, 0x0000000089f00000| Untracked 
| 112|0x000000008a000000, 0x000000008a0564c0, 0x000000008a100000| 33%| E|  |TAMS 0x000000008a000000, 0x000000008a000000| Complete 
| 113|0x000000008a100000, 0x000000008a200000, 0x000000008a200000|100%| E|CS|TAMS 0x000000008a100000, 0x000000008a100000| Complete 
| 114|0x000000008a200000, 0x000000008a300000, 0x000000008a300000|100%| E|CS|TAMS 0x000000008a200000, 0x000000008a200000| Complete 
| 115|0x000000008a300000, 0x000000008a400000, 0x000000008a400000|100%| E|CS|TAMS 0x000000008a300000, 0x000000008a300000| Complete 
| 116|0x000000008a400000, 0x000000008a500000, 0x000000008a500000|100%| E|CS|TAMS 0x000000008a400000, 0x000000008a400000| Complete 
| 117|0x000000008a500000, 0x000000008a600000, 0x000000008a600000|100%| E|CS|TAMS 0x000000008a500000, 0x000000008a500000| Complete 
| 118|0x000000008a600000, 0x000000008a700000, 0x000000008a700000|100%| E|CS|TAMS 0x000000008a600000, 0x000000008a600000| Complete 
| 119|0x000000008a700000, 0x000000008a800000, 0x000000008a800000|100%| E|CS|TAMS 0x000000008a700000, 0x000000008a700000| Complete 
| 120|0x000000008a800000, 0x000000008a900000, 0x000000008a900000|100%| E|CS|TAMS 0x000000008a800000, 0x000000008a800000| Complete 
| 121|0x000000008a900000, 0x000000008aa00000, 0x000000008aa00000|100%| E|CS|TAMS 0x000000008a900000, 0x000000008a900000| Complete 
| 122|0x000000008aa00000, 0x000000008ab00000, 0x000000008ab00000|100%| E|CS|TAMS 0x000000008aa00000, 0x000000008aa00000| Complete 
| 123|0x000000008ab00000, 0x000000008ac00000, 0x000000008ac00000|100%| E|CS|TAMS 0x000000008ab00000, 0x000000008ab00000| Complete 
| 124|0x000000008ac00000, 0x000000008ad00000, 0x000000008ad00000|100%| E|CS|TAMS 0x000000008ac00000, 0x000000008ac00000| Complete 
| 125|0x000000008ad00000, 0x000000008ae00000, 0x000000008ae00000|100%| E|CS|TAMS 0x000000008ad00000, 0x000000008ad00000| Complete 

Card table byte_map: [0x000001fb1b310000,0x000001fb1b700000] _byte_map_base: 0x000001fb1aef8000

Marking Bits (Prev, Next): (CMBitMap*) 0x000001fb013fdb58, (CMBitMap*) 0x000001fb013fdb90
 Prev Bits: [0x000001fb1baf0000, 0x000001fb1da30000)
 Next Bits: [0x000001fb1da30000, 0x000001fb1f970000)

Polling page: 0x000001fb01480000

Metaspace:

Usage:
  Non-class:     31.46 MB capacity,    31.07 MB ( 99%) used,   331.69 KB (  1%) free+waste,    67.06 KB ( <1%) overhead. 
      Class:      3.87 MB capacity,     3.64 MB ( 94%) used,   209.25 KB (  5%) free+waste,    29.44 KB ( <1%) overhead. 
       Both:     35.33 MB capacity,    34.71 MB ( 98%) used,   540.94 KB (  1%) free+waste,    96.50 KB ( <1%) overhead. 

Virtual space:
  Non-class space:       32.00 MB reserved,      31.75 MB (>99%) committed 
      Class space:        1.00 GB reserved,       4.00 MB ( <1%) committed 
             Both:        1.03 GB reserved,      35.75 MB (  3%) committed 

Chunk freelists:
   Non-Class:  104.00 KB
       Class:  34.00 KB
        Both:  138.00 KB

MaxMetaspaceSize: 17179869184.00 GB
CompressedClassSpaceSize: 1.00 GB

CodeHeap 'non-profiled nmethods': size=120000Kb used=2546Kb max_used=2546Kb free=117453Kb
 bounds [0x000001fb12d60000, 0x000001fb12fe0000, 0x000001fb1a290000]
CodeHeap 'profiled nmethods': size=120000Kb used=8206Kb max_used=8206Kb free=111793Kb
 bounds [0x000001fb0b830000, 0x000001fb0c050000, 0x000001fb12d60000]
CodeHeap 'non-nmethods': size=5760Kb used=1220Kb max_used=1267Kb free=4539Kb
 bounds [0x000001fb0b290000, 0x000001fb0b500000, 0x000001fb0b830000]
 total_blobs=4689 nmethods=4100 adapters=500
 compilation: enabled
              stopped_count=0, restarted_count=0
 full_count=0

Compilation events (20 events):
Event: 13950.260 Thread 0x000001fb22ef7800 nmethod 4962 0x000001fb0c03c810 code [0x000001fb0c03ca40, 0x000001fb0c03d438]
Event: 13950.260 Thread 0x000001fb22ef7800 4964       2       com.sedmelluq.discord.lavaplayer.track.playback.ImmutableAudioFrame::<init> (27 bytes)
Event: 13950.260 Thread 0x000001fb22ef7800 nmethod 4964 0x000001fb0c03d710 code [0x000001fb0c03d8c0, 0x000001fb0c03da78]
Event: 13950.267 Thread 0x000001fb22ef6800 nmethod 4963 0x000001fb12fdac10 code [0x000001fb12fdae00, 0x000001fb12fdb788]
Event: 13950.267 Thread 0x000001fb22ef6800 4965       4       com.sedmelluq.discord.lavaplayer.track.playback.MutableAudioFrame::getData (15 bytes)
Event: 13950.271 Thread 0x000001fb22ef6800 nmethod 4965 0x000001fb12fdbf90 code [0x000001fb12fdc160, 0x000001fb12fdc808]
Event: 13950.294 Thread 0x000001fb22ef6800 4966       4       java.util.concurrent.ArrayBlockingQueue::enqueue (53 bytes)
Event: 13950.298 Thread 0x000001fb22ef6800 nmethod 4966 0x000001fb12fdcf10 code [0x000001fb12fdd0e0, 0x000001fb12fdd5e8]
Event: 13950.301 Thread 0x000001fb22ef7800 4967       3       java.lang.InterruptedException::<init> (5 bytes)
Event: 13950.301 Thread 0x000001fb22ef7800 nmethod 4967 0x000001fb0c03db10 code [0x000001fb0c03dd00, 0x000001fb0c03e108]
Event: 13950.341 Thread 0x000001fb22ef6800 4968       4       java.math.BigInteger::bitLength (140 bytes)
Event: 13950.341 Thread 0x000001fb22ef7800 4969   !   3       sun.security.x509.X509CertImpl::getKeyUsage (64 bytes)
Event: 13950.342 Thread 0x000001fb22ef7800 nmethod 4969 0x000001fb0c03e210 code [0x000001fb0c03e480, 0x000001fb0c03ef88]
Event: 13950.342 Thread 0x000001fb22ef7800 4970       3       sun.security.x509.KeyUsageExtension::getBits (11 bytes)
Event: 13950.342 Thread 0x000001fb22ef6800 nmethod 4968 0x000001fb12fdd890 code [0x000001fb12fdda20, 0x000001fb12fddaf8]
Event: 13950.342 Thread 0x000001fb22ef7800 nmethod 4970 0x000001fb0c03f490 code [0x000001fb0c03f660, 0x000001fb0c03f908]
Event: 13950.391 Thread 0x000001fb22ef7800 4971       3       sun.security.ssl.SSLCipher$NullReadCipherGenerator$NullReadCipher::decrypt (69 bytes)
Event: 13950.392 Thread 0x000001fb22ef6800 4972       4       sun.security.ssl.SSLCipher$T12GcmWriteCipherGenerator$GcmWriteCipher::calculatePacketSize (14 bytes)
Event: 13950.392 Thread 0x000001fb22ef7800 nmethod 4971 0x000001fb0c03fa10 code [0x000001fb0c03fc40, 0x000001fb0c040318]
Event: 13950.392 Thread 0x000001fb22ef6800 nmethod 4972 0x000001fb12fddc10 code [0x000001fb12fddda0, 0x000001fb12fdde18]

GC Heap History (18 events):
Event: 0.735 GC heap before
{Heap before GC invocations=0 (full 0):
 garbage-first heap   total 129024K, used 23552K [0x0000000083000000, 0x0000000100000000)
  region size 1024K, 24 young (24576K), 0 survivors (0K)
 Metaspace       used 16002K, capacity 16289K, committed 16384K, reserved 1064960K
  class space    used 1634K, capacity 1730K, committed 1792K, reserved 1048576K
}
Event: 0.739 GC heap after
{Heap after GC invocations=1 (full 0):
 garbage-first heap   total 129024K, used 5384K [0x0000000083000000, 0x0000000100000000)
  region size 1024K, 3 young (3072K), 3 survivors (3072K)
 Metaspace       used 16002K, capacity 16289K, committed 16384K, reserved 1064960K
  class space    used 1634K, capacity 1730K, committed 1792K, reserved 1048576K
}
Event: 1.022 GC heap before
{Heap before GC invocations=1 (full 0):
 garbage-first heap   total 129024K, used 15624K [0x0000000083000000, 0x0000000100000000)
  region size 1024K, 14 young (14336K), 3 survivors (3072K)
 Metaspace       used 20889K, capacity 21192K, committed 21248K, reserved 1069056K
  class space    used 2178K, capacity 2276K, committed 2304K, reserved 1048576K
}
Event: 1.026 GC heap after
{Heap after GC invocations=2 (full 0):
 garbage-first heap   total 129024K, used 6484K [0x0000000083000000, 0x0000000100000000)
  region size 1024K, 2 young (2048K), 2 survivors (2048K)
 Metaspace       used 20889K, capacity 21192K, committed 21248K, reserved 1069056K
  class space    used 2178K, capacity 2276K, committed 2304K, reserved 1048576K
}
Event: 197.622 GC heap before
{Heap before GC invocations=3 (full 0):
 garbage-first heap   total 129024K, used 46420K [0x0000000083000000, 0x0000000100000000)
  region size 1024K, 41 young (41984K), 2 survivors (2048K)
 Metaspace       used 29931K, capacity 30341K, committed 30592K, reserved 1077248K
  class space    used 3239K, capacity 3417K, committed 3456K, reserved 1048576K
}
Event: 197.625 GC heap after
{Heap after GC invocations=4 (full 0):
 garbage-first heap   total 129024K, used 8278K [0x0000000083000000, 0x0000000100000000)
  region size 1024K, 3 young (3072K), 3 survivors (3072K)
 Metaspace       used 29931K, capacity 30341K, committed 30592K, reserved 1077248K
  class space    used 3239K, capacity 3417K, committed 3456K, reserved 1048576K
}
Event: 1298.367 GC heap before
{Heap before GC invocations=4 (full 0):
 garbage-first heap   total 129024K, used 88150K [0x0000000083000000, 0x0000000100000000)
  region size 1024K, 75 young (76800K), 3 survivors (3072K)
 Metaspace       used 34205K, capacity 34778K, committed 34944K, reserved 1081344K
  class space    used 3709K, capacity 3956K, committed 3968K, reserved 1048576K
}
Event: 1298.371 GC heap after
{Heap after GC invocations=5 (full 0):
 garbage-first heap   total 129024K, used 10920K [0x0000000083000000, 0x0000000100000000)
  region size 1024K, 6 young (6144K), 6 survivors (6144K)
 Metaspace       used 34205K, capacity 34778K, committed 34944K, reserved 1081344K
  class space    used 3709K, capacity 3956K, committed 3968K, reserved 1048576K
}
Event: 1694.108 GC heap before
{Heap before GC invocations=5 (full 0):
 garbage-first heap   total 129024K, used 89768K [0x0000000083000000, 0x0000000100000000)
  region size 1024K, 75 young (76800K), 6 survivors (6144K)
 Metaspace       used 34333K, capacity 34918K, committed 34944K, reserved 1081344K
  class space    used 3710K, capacity 3958K, committed 3968K, reserved 1048576K
}
Event: 1694.114 GC heap after
{Heap after GC invocations=6 (full 0):
 garbage-first heap   total 129024K, used 10873K [0x0000000083000000, 0x0000000100000000)
  region size 1024K, 5 young (5120K), 5 survivors (5120K)
 Metaspace       used 34333K, capacity 34918K, committed 34944K, reserved 1081344K
  class space    used 3710K, capacity 3958K, committed 3968K, reserved 1048576K
}
Event: 9139.098 GC heap before
{Heap before GC invocations=6 (full 0):
 garbage-first heap   total 129024K, used 90745K [0x0000000083000000, 0x0000000100000000)
  region size 1024K, 75 young (76800K), 5 survivors (5120K)
 Metaspace       used 35014K, capacity 35611K, committed 35840K, reserved 1081344K
  class space    used 3732K, capacity 3996K, committed 4096K, reserved 1048576K
}
Event: 9139.107 GC heap after
{Heap after GC invocations=7 (full 0):
 garbage-first heap   total 129024K, used 11226K [0x0000000083000000, 0x0000000100000000)
  region size 1024K, 5 young (5120K), 5 survivors (5120K)
 Metaspace       used 35014K, capacity 35611K, committed 35840K, reserved 1081344K
  class space    used 3732K, capacity 3996K, committed 4096K, reserved 1048576K
}
Event: 12140.426 GC heap before
{Heap before GC invocations=7 (full 0):
 garbage-first heap   total 129024K, used 50138K [0x0000000083000000, 0x0000000100000000)
  region size 1024K, 45 young (46080K), 5 survivors (5120K)
 Metaspace       used 35118K, capacity 35684K, committed 35840K, reserved 1081344K
  class space    used 3734K, capacity 3998K, committed 4096K, reserved 1048576K
}
Event: 12140.442 GC heap after
{Heap after GC invocations=8 (full 0):
 garbage-first heap   total 129024K, used 10939K [0x0000000083000000, 0x0000000100000000)
  region size 1024K, 5 young (5120K), 5 survivors (5120K)
 Metaspace       used 35118K, capacity 35684K, committed 35840K, reserved 1081344K
  class space    used 3734K, capacity 3998K, committed 4096K, reserved 1048576K
}
Event: 13509.467 GC heap before
{Heap before GC invocations=9 (full 0):
 garbage-first heap   total 129024K, used 92859K [0x0000000083000000, 0x0000000100000000)
  region size 1024K, 75 young (76800K), 5 survivors (5120K)
 Metaspace       used 35266K, capacity 35889K, committed 36352K, reserved 1081344K
  class space    used 3718K, capacity 3958K, committed 4096K, reserved 1048576K
}
Event: 13509.475 GC heap after
{Heap after GC invocations=10 (full 0):
 garbage-first heap   total 129024K, used 11567K [0x0000000083000000, 0x0000000100000000)
  region size 1024K, 6 young (6144K), 6 survivors (6144K)
 Metaspace       used 35266K, capacity 35889K, committed 36352K, reserved 1081344K
  class space    used 3718K, capacity 3958K, committed 4096K, reserved 1048576K
}
Event: 13771.885 GC heap before
{Heap before GC invocations=10 (full 0):
 garbage-first heap   total 129024K, used 87343K [0x0000000083000000, 0x0000000100000000)
  region size 1024K, 75 young (76800K), 6 survivors (6144K)
 Metaspace       used 35481K, capacity 36114K, committed 36352K, reserved 1081344K
  class space    used 3722K, capacity 3965K, committed 4096K, reserved 1048576K
}
Event: 13771.890 GC heap after
{Heap after GC invocations=11 (full 0):
 garbage-first heap   total 129024K, used 11925K [0x0000000083000000, 0x0000000100000000)
  region size 1024K, 6 young (6144K), 6 survivors (6144K)
 Metaspace       used 35481K, capacity 36114K, committed 36352K, reserved 1081344K
  class space    used 3722K, capacity 3965K, committed 4096K, reserved 1048576K
}

Deoptimization events (20 events):
Event: 13523.564 Thread 0x000001fb24672800 Uncommon trap: trap_request=0xffffff4d fr.pc=0x000001fb12f411d4 relative=0x0000000000000494
Event: 13523.564 Thread 0x000001fb24672800 Uncommon trap: reason=unstable_if action=reinterpret pc=0x000001fb12f411d4 method=com.neovisionaries.ws.client.WebSocketOutputStream.writeFramePayload(Lcom/neovisionaries/ws/client/WebSocketFrame;[B)V @ 6 c2
Event: 13523.564 Thread 0x000001fb24672800 DEOPT PACKING pc=0x000001fb12f411d4 sp=0x000000c263cff250
Event: 13523.564 Thread 0x000001fb24672800 DEOPT UNPACKING pc=0x000001fb0b2b74af sp=0x000000c263cff220 mode 2
Event: 13590.772 Thread 0x000001fb241f1000 Uncommon trap: trap_request=0xffffff4d fr.pc=0x000001fb12d9f640 relative=0x0000000000000300
Event: 13590.772 Thread 0x000001fb241f1000 Uncommon trap: reason=unstable_if action=reinterpret pc=0x000001fb12d9f640 method=java.util.concurrent.locks.AbstractQueuedSynchronizer.enq(Ljava/util/concurrent/locks/AbstractQueuedSynchronizer$Node;)Ljava/util/concurrent/locks/AbstractQueuedSynchronizer
Event: 13590.772 Thread 0x000001fb241f1000 DEOPT PACKING pc=0x000001fb12d9f640 sp=0x000000c261ffeb20
Event: 13590.772 Thread 0x000001fb241f1000 DEOPT UNPACKING pc=0x000001fb0b2b74af sp=0x000000c261ffead8 mode 2
Event: 13671.161 Thread 0x000001fb2468e800 Uncommon trap: trap_request=0xffffff4d fr.pc=0x000001fb12ecd2a0 relative=0x00000000000003c0
Event: 13671.161 Thread 0x000001fb2468e800 Uncommon trap: reason=unstable_if action=reinterpret pc=0x000001fb12ecd2a0 method=java.util.concurrent.locks.AbstractQueuedSynchronizer.acquireQueued(Ljava/util/concurrent/locks/AbstractQueuedSynchronizer$Node;I)Z @ 14 c2
Event: 13671.161 Thread 0x000001fb2468e800 DEOPT PACKING pc=0x000001fb12ecd2a0 sp=0x000000c25f5fed00
Event: 13671.161 Thread 0x000001fb2468e800 DEOPT UNPACKING pc=0x000001fb0b2b74af sp=0x000000c25f5fecb0 mode 2
Event: 13949.448 Thread 0x000001fb23879000 Uncommon trap: trap_request=0xffffff4d fr.pc=0x000001fb12ec3660 relative=0x0000000000001aa0
Event: 13949.448 Thread 0x000001fb23879000 Uncommon trap: reason=unstable_if action=reinterpret pc=0x000001fb12ec3660 method=java.util.concurrent.atomic.AtomicBoolean.get()Z @ 4 c2
Event: 13949.448 Thread 0x000001fb23879000 DEOPT PACKING pc=0x000001fb12ec3660 sp=0x000000c263ffeba0
Event: 13949.448 Thread 0x000001fb23879000 DEOPT UNPACKING pc=0x000001fb0b2b74af sp=0x000000c263ffeb50 mode 2
Event: 13950.813 Thread 0x000001fb2466e800 Uncommon trap: trap_request=0xffffff4d fr.pc=0x000001fb12df0cd8 relative=0x0000000000000138
Event: 13950.813 Thread 0x000001fb2466e800 Uncommon trap: reason=unstable_if action=reinterpret pc=0x000001fb12df0cd8 method=java.util.concurrent.ThreadPoolExecutor$Worker.tryAcquire(I)Z @ 6 c2
Event: 13950.813 Thread 0x000001fb2466e800 DEOPT PACKING pc=0x000001fb12df0cd8 sp=0x000000c2609fe4e0
Event: 13950.813 Thread 0x000001fb2466e800 DEOPT UNPACKING pc=0x000001fb0b2b74af sp=0x000000c2609fe4a0 mode 2

Classes redefined (0 events):
No events

Internal exceptions (20 events):
Event: 3689.122 Thread 0x000001fb24691000 Exception <a 'java/lang/NoSuchMethodError'{0x000000008947e840}: 'java.lang.Object java.lang.invoke.DirectMethodHandle$Holder.invokeStatic(java.lang.Object, int, java.lang.Object)'> (0x000000008947e840) thrown at [./src/hotspot/share/interpreter/linkResolver.cpp, line 773]
Event: 9072.265 Thread 0x000001fb23870800 Exception <a 'java/net/SocketException'{0x0000000087c0a990}: Socket closed> (0x0000000087c0a990) thrown at [./src/hotspot/share/prims/jni.cpp, line 636]
Event: 9090.848 Thread 0x000001fb23870800 Exception <a 'java/net/SocketException'{0x0000000087911468}: Socket closed> (0x0000000087911468) thrown at [./src/hotspot/share/prims/jni.cpp, line 636]
Event: 9267.411 Thread 0x000001fb23879000 Exception <a 'sun/net/ConnectionResetException'{0x0000000089eeac78}: > (0x0000000089eeac78) thrown at [./src/hotspot/share/prims/jni.cpp, line 636]
Event: 9267.412 Thread 0x000001fb23879000 Exception <a 'java/net/SocketException'{0x0000000089eec978}: Connection reset by peer: socket write error> (0x0000000089eec978) thrown at [./src/hotspot/share/prims/jni.cpp, line 636]
Event: 12131.350 Thread 0x000001fb2387d800 Exception <a 'java/net/SocketException'{0x00000000888176b8}: Socket closed> (0x00000000888176b8) thrown at [./src/hotspot/share/prims/jni.cpp, line 636]
Event: 12151.723 Thread 0x000001fb24676800 Exception <a 'java/net/SocketException'{0x000000008ad65960}: Socket closed> (0x000000008ad65960) thrown at [./src/hotspot/share/prims/jni.cpp, line 636]
Event: 12309.692 Thread 0x000001fb23879000 Exception <a 'sun/net/ConnectionResetException'{0x0000000088ea8400}: > (0x0000000088ea8400) thrown at [./src/hotspot/share/prims/jni.cpp, line 636]
Event: 12309.694 Thread 0x000001fb23879000 Exception <a 'java/net/SocketException'{0x0000000088eaa100}: Connection reset by peer: socket write error> (0x0000000088eaa100) thrown at [./src/hotspot/share/prims/jni.cpp, line 636]
Event: 13339.499 Thread 0x000001fb2467a800 Exception <a 'java/net/SocketException'{0x0000000087e959f0}: Socket closed> (0x0000000087e959f0) thrown at [./src/hotspot/share/prims/jni.cpp, line 636]
Event: 13459.385 Thread 0x000001fb2387d800 Exception <a 'java/net/SocketException'{0x0000000087a34da8}: Socket closed> (0x0000000087a34da8) thrown at [./src/hotspot/share/prims/jni.cpp, line 636]
Event: 13494.710 Thread 0x000001fb24678000 Implicit null exception at 0x000001fb12f3462b to 0x000001fb12f350fc
Event: 13523.564 Thread 0x000001fb24672800 Implicit null exception at 0x000001fb12f40d7b to 0x000001fb12f411bc
Event: 13588.034 Thread 0x000001fb24678000 Exception <a 'java/net/SocketException'{0x00000000895ccb38}: Socket closed> (0x00000000895ccb38) thrown at [./src/hotspot/share/prims/jni.cpp, line 636]
Event: 13662.092 Thread 0x000001fb24317800 Exception <a 'java/lang/NoSuchMethodError'{0x0000000089446218}: 'void java.lang.invoke.DirectMethodHandle$Holder.invokeSpecialIFC(java.lang.Object, java.lang.Object, java.lang.Object, java.lang.Object)'> (0x0000000089446218) thrown at [./src/hotspot/share/interpreter/linkResolver.cpp, line 773]
Event: 13684.344 Thread 0x000001fb24677800 Exception <a 'java/net/SocketException'{0x0000000087727300}: Socket closed> (0x0000000087727300) thrown at [./src/hotspot/share/prims/jni.cpp, line 636]
Event: 13754.249 Thread 0x000001fb23879000 Exception <a 'sun/net/ConnectionResetException'{0x0000000086d27020}: > (0x0000000086d27020) thrown at [./src/hotspot/share/prims/jni.cpp, line 636]
Event: 13754.249 Thread 0x000001fb23879000 Exception <a 'java/net/SocketException'{0x0000000086d28cc0}: Connection reset by peer: socket write error> (0x0000000086d28cc0) thrown at [./src/hotspot/share/prims/jni.cpp, line 636]
Event: 13782.172 Thread 0x000001fb23871800 Exception <a 'java/net/SocketException'{0x000000008ac32a38}: Socket closed> (0x000000008ac32a38) thrown at [./src/hotspot/share/prims/jni.cpp, line 636]
Event: 13948.085 Thread 0x000001fb23879000 Exception <a 'java/lang/InterruptedException'{0x000000008acb9650}> (0x000000008acb9650) thrown at [./src/hotspot/share/runtime/objectMonitor.cpp, line 1635]

Events (20 events):
Event: 13950.559 Executing VM operation: RevokeBias
Event: 13950.559 Executing coalesced safepoint VM operation: RevokeBias
Event: 13950.559 Executing coalesced safepoint VM operation: RevokeBias done
Event: 13950.559 Executing VM operation: RevokeBias done
Event: 13950.559 Thread 0x000001fb24678000 Thread added: 0x000001fb24678000
Event: 13950.560 Executing VM operation: RevokeBias
Event: 13950.560 Executing VM operation: RevokeBias done
Event: 13950.732 Thread 0x000001fb24672800 Thread added: 0x000001fb24672800
Event: 13950.732 Thread 0x000001fb2467a800 Thread added: 0x000001fb2467a800
Event: 13950.732 Thread 0x000001fb24678000 Thread exited: 0x000001fb24678000
Event: 13950.792 Executing VM operation: RevokeBias
Event: 13950.792 Executing VM operation: RevokeBias done
Event: 13950.793 Executing VM operation: RevokeBias
Event: 13950.793 Executing VM operation: RevokeBias done
Event: 13950.812 Thread 0x000001fb2467a800 Thread exited: 0x000001fb2467a800
Event: 13950.812 Thread 0x000001fb24672800 Thread exited: 0x000001fb24672800
Event: 13950.813 Thread 0x000001fb24678000 Thread added: 0x000001fb24678000
Event: 13950.813 Thread 0x000001fb24672800 Thread added: 0x000001fb24672800
Event: 13950.813 Thread 0x000001fb24677800 Thread exited: 0x000001fb24677800
Event: 13950.813 Thread 0x000001fb24678000 Thread exited: 0x000001fb24678000


Dynamic libraries:
0x00007ff76f270000 - 0x00007ff76f27d000 	C:\Program Files\AdoptOpenJDK\jdk-11.0.9.101-hotspot\bin\java.exe
0x00007ffe5ecc0000 - 0x00007ffe5eeb0000 	C:\Windows\SYSTEM32\ntdll.dll
0x00007ffe5d8b0000 - 0x00007ffe5d962000 	C:\Windows\System32\KERNEL32.DLL
0x00007ffe5bd50000 - 0x00007ffe5bff3000 	C:\Windows\System32\KERNELBASE.dll
0x00007ffe5bc50000 - 0x00007ffe5bd4a000 	C:\Windows\System32\ucrtbase.dll
0x00007ffe3e460000 - 0x00007ffe3e475000 	C:\Program Files\AdoptOpenJDK\jdk-11.0.9.101-hotspot\bin\VCRUNTIME140.dll
0x00007ffe2b120000 - 0x00007ffe2b137000 	C:\Program Files\AdoptOpenJDK\jdk-11.0.9.101-hotspot\bin\jli.dll
0x00007ffe5ce10000 - 0x00007ffe5cfa4000 	C:\Windows\System32\USER32.dll
0x00007ffe3f160000 - 0x00007ffe3f3e5000 	C:\Windows\WinSxS\amd64_microsoft.windows.common-controls_6595b64144ccf1df_6.0.18362.720_none_e6beb5c51314836b\COMCTL32.dll
0x00007ffe5cbf0000 - 0x00007ffe5cc11000 	C:\Windows\System32\win32u.dll
0x00007ffe5ea90000 - 0x00007ffe5eb2e000 	C:\Windows\System32\msvcrt.dll
0x00007ffe5e240000 - 0x00007ffe5e266000 	C:\Windows\System32\GDI32.dll
0x00007ffe5c880000 - 0x00007ffe5ca14000 	C:\Windows\System32\gdi32full.dll
0x00007ffe5d4a0000 - 0x00007ffe5d7d6000 	C:\Windows\System32\combase.dll
0x00007ffe5c7e0000 - 0x00007ffe5c87e000 	C:\Windows\System32\msvcp_win.dll
0x00007ffe5e0d0000 - 0x00007ffe5e1f0000 	C:\Windows\System32\RPCRT4.dll
0x00007ffe5ca20000 - 0x00007ffe5caa0000 	C:\Windows\System32\bcryptPrimitives.dll
0x00007ffe5e1f0000 - 0x00007ffe5e21e000 	C:\Windows\System32\IMM32.DLL
0x00007ffe2b080000 - 0x00007ffe2b11b000 	C:\Program Files\AdoptOpenJDK\jdk-11.0.9.101-hotspot\bin\msvcp140.dll
0x00007ffdfb520000 - 0x00007ffdfc063000 	C:\Program Files\AdoptOpenJDK\jdk-11.0.9.101-hotspot\bin\server\jvm.dll
0x00007ffe5e9e0000 - 0x00007ffe5ea83000 	C:\Windows\System32\ADVAPI32.dll
0x00007ffe5cd70000 - 0x00007ffe5ce07000 	C:\Windows\System32\sechost.dll
0x00007ffe5e230000 - 0x00007ffe5e238000 	C:\Windows\System32\PSAPI.DLL
0x00007ffe462b0000 - 0x00007ffe462b9000 	C:\Windows\SYSTEM32\WSOCK32.dll
0x00007ffe59460000 - 0x00007ffe59484000 	C:\Windows\SYSTEM32\WINMM.dll
0x00007ffe539e0000 - 0x00007ffe539ea000 	C:\Windows\SYSTEM32\VERSION.dll
0x00007ffe5d970000 - 0x00007ffe5d9df000 	C:\Windows\System32\WS2_32.dll
0x00007ffe59400000 - 0x00007ffe5942d000 	C:\Windows\SYSTEM32\winmmbase.dll
0x00007ffe5cba0000 - 0x00007ffe5cbea000 	C:\Windows\System32\cfgmgr32.dll
0x00007ffe5bb90000 - 0x00007ffe5bba1000 	C:\Windows\System32\kernel.appcore.dll
0x00007ffe44610000 - 0x00007ffe44620000 	C:\Program Files\AdoptOpenJDK\jdk-11.0.9.101-hotspot\bin\verify.dll
0x00007ffe59870000 - 0x00007ffe59a64000 	C:\Windows\SYSTEM32\DBGHELP.DLL
0x00007ffe210e0000 - 0x00007ffe2110a000 	C:\Windows\SYSTEM32\dbgcore.DLL
0x00007ffe26d10000 - 0x00007ffe26d38000 	C:\Program Files\AdoptOpenJDK\jdk-11.0.9.101-hotspot\bin\java.dll
0x00007ffe44480000 - 0x00007ffe4448a000 	C:\Program Files\AdoptOpenJDK\jdk-11.0.9.101-hotspot\bin\jimage.dll
0x00007ffe2b060000 - 0x00007ffe2b077000 	C:\Program Files\AdoptOpenJDK\jdk-11.0.9.101-hotspot\bin\zip.dll
0x00007ffe5d9e0000 - 0x00007ffe5e0c5000 	C:\Windows\System32\SHELL32.dll
0x00007ffe5e910000 - 0x00007ffe5e9b9000 	C:\Windows\System32\shcore.dll
0x00007ffe5c060000 - 0x00007ffe5c7e0000 	C:\Windows\System32\windows.storage.dll
0x00007ffe5bbd0000 - 0x00007ffe5bbf3000 	C:\Windows\System32\profapi.dll
0x00007ffe5bc00000 - 0x00007ffe5bc4a000 	C:\Windows\System32\powrprof.dll
0x00007ffe5bb80000 - 0x00007ffe5bb90000 	C:\Windows\System32\UMPDC.dll
0x00007ffe5e8b0000 - 0x00007ffe5e902000 	C:\Windows\System32\shlwapi.dll
0x00007ffe5cad0000 - 0x00007ffe5cae7000 	C:\Windows\System32\cryptsp.dll
0x00007ffe24680000 - 0x00007ffe24699000 	C:\Program Files\AdoptOpenJDK\jdk-11.0.9.101-hotspot\bin\net.dll
0x00007ffe53700000 - 0x00007ffe537f1000 	C:\Windows\SYSTEM32\WINHTTP.dll
0x00007ffe5b3f0000 - 0x00007ffe5b457000 	C:\Windows\system32\mswsock.dll
0x00007ffe24660000 - 0x00007ffe24672000 	C:\Program Files\AdoptOpenJDK\jdk-11.0.9.101-hotspot\bin\nio.dll
0x00007ffe2dfb0000 - 0x00007ffe2dfd5000 	C:\Program Files\AdoptOpenJDK\jdk-11.0.9.101-hotspot\bin\sunec.dll
0x00007ffe377a0000 - 0x00007ffe377ae000 	C:\Program Files\AdoptOpenJDK\jdk-11.0.9.101-hotspot\bin\sunmscapi.dll
0x00007ffe5cc20000 - 0x00007ffe5cd69000 	C:\Windows\System32\CRYPT32.dll
0x00007ffe5bbb0000 - 0x00007ffe5bbc2000 	C:\Windows\System32\MSASN1.dll
0x00007ffe5b6c0000 - 0x00007ffe5b6e6000 	C:\Windows\SYSTEM32\ncrypt.dll
0x00007ffe5caa0000 - 0x00007ffe5cac6000 	C:\Windows\System32\bcrypt.dll
0x00007ffe5b680000 - 0x00007ffe5b6bb000 	C:\Windows\SYSTEM32\NTASN1.dll
0x00007ffe5af60000 - 0x00007ffe5af93000 	C:\Windows\system32\rsaenh.dll
0x00007ffe5ba70000 - 0x00007ffe5ba95000 	C:\Windows\SYSTEM32\USERENV.dll
0x00007ffe5b5c0000 - 0x00007ffe5b5cc000 	C:\Windows\SYSTEM32\CRYPTBASE.dll
0x00007ffe5b100000 - 0x00007ffe5b13a000 	C:\Windows\SYSTEM32\IPHLPAPI.DLL
0x00007ffe5e4e0000 - 0x00007ffe5e4e8000 	C:\Windows\System32\NSI.dll
0x00007ffe51c50000 - 0x00007ffe51c66000 	C:\Windows\SYSTEM32\dhcpcsvc6.DLL
0x00007ffe51c30000 - 0x00007ffe51c4c000 	C:\Windows\SYSTEM32\dhcpcsvc.DLL
0x00007ffe5b140000 - 0x00007ffe5b20a000 	C:\Windows\SYSTEM32\DNSAPI.dll
0x00007ffe522a0000 - 0x00007ffe522aa000 	C:\Windows\System32\rasadhlp.dll
0x00007ffe4f990000 - 0x00007ffe4fa07000 	C:\Windows\System32\fwpuclnt.dll
0x0000000063c80000 - 0x0000000063cea000 	C:\Users\Sabjen\AppData\Local\Temp\lava-jni-natives\1610215460600\libmpg123-0.dll
0x00007ffe1ae30000 - 0x00007ffe1b082000 	C:\Users\Sabjen\AppData\Local\Temp\lava-jni-natives\1610215460607\connector.dll
0x00007ffe3d690000 - 0x00007ffe3d6b1000 	C:\Users\Sabjen\AppData\Local\Temp\lava-jni-natives\1610215461061\udpqueue.dll
0x00007ffe1d450000 - 0x00007ffe1d5e9000 	C:\Program Files\AdoptOpenJDK\jdk-11.0.9.101-hotspot\bin\awt.dll
0x00007ffe5ebb0000 - 0x00007ffe5ec74000 	C:\Windows\System32\OLEAUT32.dll
0x00007ffe59790000 - 0x00007ffe5981f000 	C:\Windows\SYSTEM32\apphelp.dll

dbghelp: loaded successfully - version: 4.0.5 - missing functions: none
symbol engine: initialized successfully - sym options: 0x614 - pdb path: .;C:\Program Files\AdoptOpenJDK\jdk-11.0.9.101-hotspot\bin;C:\Windows\SYSTEM32;C:\Windows\WinSxS\amd64_microsoft.windows.common-controls_6595b64144ccf1df_6.0.18362.720_none_e6beb5c51314836b;C:\Program Files\AdoptOpenJDK\jdk-11.0.9.101-hotspot\bin\server;C:\Users\Sabjen\AppData\Local\Temp\lava-jni-natives\1610215460600;C:\Users\Sabjen\AppData\Local\Temp\lava-jni-natives\1610215460607;C:\Users\Sabjen\AppData\Local\Temp\lava-jni-natives\1610215461061

VM Arguments:
jvm_args: -Dfile.encoding=windows-1252 -Duser.country=US -Duser.language=en -Duser.variant 
java_command: sabjen.DiscordBot.Bot
java_class_path (initial): D:\Projects\Discord Bot\build\classes\java\main;D:\Projects\Discord Bot\build\resources\main;C:\Users\Sabjen\.gradle\caches\modules-2\files-2.1\org.json\json\20200518\41a767de4bde8f01d53856b905c49b2db8862f13\json-20200518.jar;C:\Users\Sabjen\.gradle\caches\modules-2\files-2.1\net.dv8tion\JDA\4.2.0_222\338fe4b3f636f026ac6268b04a40cab6eb53c6ee\JDA-4.2.0_222.jar;C:\Users\Sabjen\.gradle\caches\modules-2\files-2.1\com.sedmelluq\jda-nas\1.1.0\289911f8d4a3267db61841efb917cf95529f986e\jda-nas-1.1.0.jar;C:\Users\Sabjen\.gradle\caches\modules-2\files-2.1\com.google.apis\google-api-services-youtube\v3-rev222-1.25.0\2c5ece21466dbb3888b8773ff9fdc5fd431b8e05\google-api-services-youtube-v3-rev222-1.25.0.jar;C:\Users\Sabjen\.gradle\caches\modules-2\files-2.1\ch.qos.logback\logback-classic\1.2.3\7c4f3c474fb2c041d8028740440937705ebb473a\logback-classic-1.2.3.jar;C:\Users\Sabjen\.gradle\caches\modules-2\files-2.1\com.sedmelluq\lavaplayer\1.3.63\d9c476f02256552a22cbb6e833c5072bbdc1aa11\lavaplayer-1.3.63.jar;C:\Users\Sabjen\.gradle\caches\modules-2\files-2.1\com.google.code.gson\gson\2.8.6\9180733b7df8542621dc12e21e87557e8c99b8cb\gson-2.8.6.jar;C:\Users\Sabjen\.gradle\caches\modules-2\files-2.1\com.google.api-client\google-api-client\1.25.0\e7ff725e89ff5dcbed107be1a24e8102ae2441ee\google-api-client-1.25.0.jar;C:\Users\Sabjen\.gradle\caches\modules-2\files-2.1\com.google.oauth-client\google-oauth-client\1.25.0\c9ee14e8b095b4b301b28d57755cc482b8d6f39f\google-oauth-client-1.25.0.jar;C:\Users\Sabjen\.gradle\caches\modules-2\files-2.1\com.google.http-client\google-http-client-jackson2\1.25.0\7c5c89bd4d0d34d9f1cb3396e8da6233e5074b5c\google-http-client-jackson2-1.25.0.jar;C:\Users\Sabjen\.gradle\caches\modules-2\files-2.1\com.google.http-client\google-http-client\1.25.0\5fb16523c393bfe0210c29db44742bd308311841\google-http-client-1.25.0.jar;C:\Users\Sabjen\.gradle\caches\modules-2\files-2.1\com.google.code.findbugs\jsr305\3.0.2\25ea2e8b0c338a877313bd4672d3fe056ea78f
Launcher Type: SUN_STANDARD

[Global flags]
     intx CICompilerCount                          = 4                                         {product} {ergonomic}
     uint ConcGCThreads                            = 3                                         {product} {ergonomic}
     uint G1ConcRefinementThreads                  = 10                                        {product} {ergonomic}
   size_t G1HeapRegionSize                         = 1048576                                   {product} {ergonomic}
    uintx GCDrainStackTargetSize                   = 64                                        {product} {ergonomic}
   size_t InitialHeapSize                          = 132120576                                 {product} {ergonomic}
   size_t MarkStackSize                            = 4194304                                   {product} {ergonomic}
   size_t MaxHeapSize                              = 2097152000                                {product} {ergonomic}
   size_t MaxNewSize                               = 1258291200                                {product} {ergonomic}
   size_t MinHeapDeltaBytes                        = 1048576                                   {product} {ergonomic}
    uintx NonNMethodCodeHeapSize                   = 5836300                                {pd product} {ergonomic}
    uintx NonProfiledCodeHeapSize                  = 122910970                              {pd product} {ergonomic}
    uintx ProfiledCodeHeapSize                     = 122910970                              {pd product} {ergonomic}
    uintx ReservedCodeCacheSize                    = 251658240                              {pd product} {ergonomic}
     bool SegmentedCodeCache                       = true                                      {product} {ergonomic}
     bool UseCompressedClassPointers               = true                                 {lp64_product} {ergonomic}
     bool UseCompressedOops                        = true                                 {lp64_product} {ergonomic}
     bool UseG1GC                                  = true                                      {product} {ergonomic}
     bool UseLargePagesIndividualAllocation        = false                                  {pd product} {ergonomic}

Logging:
Log output configuration:
 #0: stdout all=warning uptime,level,tags
 #1: stderr all=off uptime,level,tags

Environment Variables:
JAVA_HOME=C:\Program Files\AdoptOpenJDK\jdk-11.0.9.101-hotspot\
CLASSPATH=D:\Projects\Discord Bot\\gradle\wrapper\gradle-wrapper.jar
PATH=C:\Program Files\AdoptOpenJDK\jdk-11.0.9.101-hotspot\bin;C:\Program Files (x86)\Common Files\Oracle\Java\javapath;C:\Windows\system32;C:\Windows;C:\Windows\System32\Wbem;C:\Windows\System32\WindowsPowerShell\v1.0\;C:\Windows\System32\OpenSSH\;C:\Program Files\NVIDIA Corporation\NVIDIA NvDLISR;C:\Program Files (x86)\NVIDIA Corporation\PhysX\Common;D:\Software\Processing 3\processing-java.exe;;C:\TDM-GCC-32\bin;C:\Users\Sabjen\AppData\Local\Microsoft\WindowsApps;C:\Users\Sabjen\AppData\Local\atom\bin;D:\Software\Microsoft VS Code\bin;D:\Software\Processing 3\processing-java.exe;
USERNAME=Sabjen
OS=Windows_NT
PROCESSOR_IDENTIFIER=Intel64 Family 6 Model 158 Stepping 10, GenuineIntel



---------------  S Y S T E M  ---------------

OS: Windows 10 , 64 bit Build 18362 (10.0.18362.329)
OS uptime: 0 days 12:37 hours

CPU:total 12 (initial active 12) (6 cores per cpu, 2 threads per core) family 6 model 158 stepping 10, cmov, cx8, fxsr, mmx, sse, sse2, sse3, ssse3, sse4.1, sse4.2, popcnt, avx, avx2, aes, clmul, erms, 3dnowpref, lzcnt, ht, tsc, tscinvbit, bmi1, bmi2, adx, fma

Memory: 4k page, system-wide physical 7999M (2834M free)
TotalPageFile size 20287M (AvailPageFile size 10969M)
current process WorkingSet (physical memory assigned to process): 168M, peak: 186M
current process commit charge ("private bytes"): 272M, peak: 294M

vm_info: OpenJDK 64-Bit Server VM (11.0.9.1+1) for windows-amd64 JRE (11.0.9.1+1), built on Nov 10 2020 15:18:49 by "" with MS VC++ 15.9 (VS2017)

END.
